running develop
running egg_info
creating ferrobotics_acf.egg-info
writing ferrobotics_acf.egg-info/PKG-INFO
writing dependency_links to ferrobotics_acf.egg-info/dependency_links.txt
writing entry points to ferrobotics_acf.egg-info/entry_points.txt
writing requirements to ferrobotics_acf.egg-info/requires.txt
writing top-level names to ferrobotics_acf.egg-info/top_level.txt
writing manifest file 'ferrobotics_acf.egg-info/SOURCES.txt'
reading manifest file 'ferrobotics_acf.egg-info/SOURCES.txt'
writing manifest file 'ferrobotics_acf.egg-info/SOURCES.txt'
running build_ext
Creating /home/zzy/ur_real/install/ferrobotics_acf/lib/python3.10/site-packages/ferrobotics-acf.egg-link (link to .)
Installing acf script to /home/zzy/ur_real/install/ferrobotics_acf/lib/ferrobotics_acf

Installed /home/zzy/ur_real/build/ferrobotics_acf
running symlink_data
creating /home/zzy/ur_real/install/ferrobotics_acf/share/ament_index
creating /home/zzy/ur_real/install/ferrobotics_acf/share/ament_index/resource_index
creating /home/zzy/ur_real/install/ferrobotics_acf/share/ament_index/resource_index/packages
symbolically linking /home/zzy/ur_real/build/ferrobotics_acf/resource/ferrobotics_acf -> /home/zzy/ur_real/install/ferrobotics_acf/share/ament_index/resource_index/packages
symbolically linking /home/zzy/ur_real/build/ferrobotics_acf/package.xml -> /home/zzy/ur_real/install/ferrobotics_acf/share/ferrobotics_acf
