[0.744s] Invoking command in '/home/zzy/ur_real/build/ferrobotics_acf': PYTHONPATH=/home/zzy/ur_real/build/ferrobotics_acf/prefix_override:/home/zzy/.local/lib/python3.10/site-packages/colcon_core/task/python/colcon_distutils_commands:/home/zzy/ur_real/install/ferrobotics_acf/lib/python3.10/site-packages:${PYTHONPATH} /usr/bin/python3 -W ignore:setup.py install is deprecated setup.py develop --editable --build-directory /home/zzy/ur_real/build/ferrobotics_acf/build --no-deps symlink_data
[0.845s] /home/zzy/.local/lib/python3.10/site-packages/setuptools/_distutils/dist.py:260: UserWarning: Unknown distribution option: 'tests_require'
[0.845s]   warnings.warn(msg)
[0.947s] running develop
[0.947s] /home/zzy/.local/lib/python3.10/site-packages/setuptools/command/develop.py:41: EasyInstallDeprecationWarning: easy_install command is deprecated.
[0.947s] !!
[0.947s] 
[0.947s]         ********************************************************************************
[0.947s]         Please avoid running ``setup.py`` and ``easy_install``.
[0.947s]         Instead, use pypa/build, pypa/installer or other
[0.948s]         standards-based tools.
[0.948s] 
[0.948s]         See https://github.com/pypa/setuptools/issues/917 for details.
[0.948s]         ********************************************************************************
[0.948s] 
[0.948s] !!
[0.948s]   easy_install.initialize_options(self)
[1.077s] running egg_info
[1.077s] creating ferrobotics_acf.egg-info
[1.087s] writing ferrobotics_acf.egg-info/PKG-INFO
[1.087s] writing dependency_links to ferrobotics_acf.egg-info/dependency_links.txt
[1.087s] writing entry points to ferrobotics_acf.egg-info/entry_points.txt
[1.087s] writing requirements to ferrobotics_acf.egg-info/requires.txt
[1.087s] writing top-level names to ferrobotics_acf.egg-info/top_level.txt
[1.087s] writing manifest file 'ferrobotics_acf.egg-info/SOURCES.txt'
[1.106s] reading manifest file 'ferrobotics_acf.egg-info/SOURCES.txt'
[1.107s] writing manifest file 'ferrobotics_acf.egg-info/SOURCES.txt'
[1.117s] running build_ext
[1.117s] Creating /home/zzy/ur_real/install/ferrobotics_acf/lib/python3.10/site-packages/ferrobotics-acf.egg-link (link to .)
[1.118s] Installing acf script to /home/zzy/ur_real/install/ferrobotics_acf/lib/ferrobotics_acf
[1.118s] 
[1.118s] Installed /home/zzy/ur_real/build/ferrobotics_acf
[1.118s] running symlink_data
[1.118s] creating /home/zzy/ur_real/install/ferrobotics_acf/share/ament_index
[1.118s] creating /home/zzy/ur_real/install/ferrobotics_acf/share/ament_index/resource_index
[1.118s] creating /home/zzy/ur_real/install/ferrobotics_acf/share/ament_index/resource_index/packages
[1.118s] symbolically linking /home/zzy/ur_real/build/ferrobotics_acf/resource/ferrobotics_acf -> /home/zzy/ur_real/install/ferrobotics_acf/share/ament_index/resource_index/packages
[1.118s] symbolically linking /home/zzy/ur_real/build/ferrobotics_acf/package.xml -> /home/zzy/ur_real/install/ferrobotics_acf/share/ferrobotics_acf
[1.141s] Invoked command in '/home/zzy/ur_real/build/ferrobotics_acf' returned '0': PYTHONPATH=/home/zzy/ur_real/build/ferrobotics_acf/prefix_override:/home/zzy/.local/lib/python3.10/site-packages/colcon_core/task/python/colcon_distutils_commands:/home/zzy/ur_real/install/ferrobotics_acf/lib/python3.10/site-packages:${PYTHONPATH} /usr/bin/python3 -W ignore:setup.py install is deprecated setup.py develop --editable --build-directory /home/zzy/ur_real/build/ferrobotics_acf/build --no-deps symlink_data
