[0.384s] Invoking command in '/home/zzy/ur_real/build/ur10_vel': CONDA_PROMPT_MODIFIER=(base) PYTHONPATH=/home/zzy/ur_real/build/ur10_vel/prefix_override:/usr/lib/python3/dist-packages/colcon_core/task/python/colcon_distutils_commands:/home/zzy/ur_real/install/ur10_vel/lib/python3.10/site-packages:${PYTHONPATH} /usr/bin/python3 -W ignore:setup.py install is deprecated setup.py develop --editable --build-directory /home/zzy/ur_real/build/ur10_vel/build --no-deps symlink_data --force
[0.550s] running develop
[0.551s] /usr/lib/python3/dist-packages/setuptools/command/easy_install.py:158: EasyInstallDeprecationWarning: easy_install command is deprecated. Use build and pip and other standards-based tools.
[0.551s]   warnings.warn(
[0.651s] running egg_info
[0.651s] writing ur10_vel.egg-info/PKG-INFO
[0.651s] writing dependency_links to ur10_vel.egg-info/dependency_links.txt
[0.651s] writing entry points to ur10_vel.egg-info/entry_points.txt
[0.652s] writing requirements to ur10_vel.egg-info/requires.txt
[0.652s] writing top-level names to ur10_vel.egg-info/top_level.txt
[0.653s] reading manifest file 'ur10_vel.egg-info/SOURCES.txt'
[0.653s] writing manifest file 'ur10_vel.egg-info/SOURCES.txt'
[0.654s] running build_ext
[0.654s] Creating /home/zzy/ur_real/install/ur10_vel/lib/python3.10/site-packages/ur10-vel.egg-link (link to .)
[0.654s] 
[0.654s] Installed /home/zzy/ur_real/build/ur10_vel
[0.655s] running symlink_data
[0.655s] symbolically linking /home/zzy/ur_real/build/ur10_vel/resource/ur10_vel -> /home/zzy/ur_real/install/ur10_vel/share/ament_index/resource_index/packages
[0.655s] symbolically linking /home/zzy/ur_real/build/ur10_vel/package.xml -> /home/zzy/ur_real/install/ur10_vel/share/ur10_vel
[0.671s] Invoked command in '/home/zzy/ur_real/build/ur10_vel' returned '0': CONDA_PROMPT_MODIFIER=(base) PYTHONPATH=/home/zzy/ur_real/build/ur10_vel/prefix_override:/usr/lib/python3/dist-packages/colcon_core/task/python/colcon_distutils_commands:/home/zzy/ur_real/install/ur10_vel/lib/python3.10/site-packages:${PYTHONPATH} /usr/bin/python3 -W ignore:setup.py install is deprecated setup.py develop --editable --build-directory /home/zzy/ur_real/build/ur10_vel/build --no-deps symlink_data --force
