[0.395s] Invoking command in '/home/zzy/ur_real/build/ur10_vel': CONDA_PROMPT_MODIFIER=(base) PYTHONPATH=/home/zzy/ur_real/build/ur10_vel/prefix_override:/usr/lib/python3/dist-packages/colcon_core/task/python/colcon_distutils_commands:/home/zzy/ur_real/install/ur10_vel/lib/python3.10/site-packages:${PYTHONPATH} /usr/bin/python3 -W ignore:setup.py install is deprecated setup.py develop --editable --build-directory /home/zzy/ur_real/build/ur10_vel/build --no-deps symlink_data
[0.560s] running develop
[0.560s] /usr/lib/python3/dist-packages/setuptools/command/easy_install.py:158: EasyInstallDeprecationWarning: easy_install command is deprecated. Use build and pip and other standards-based tools.
[0.560s]   warnings.warn(
[0.669s] running egg_info
[0.669s] writing ur10_vel.egg-info/PKG-INFO
[0.669s] writing dependency_links to ur10_vel.egg-info/dependency_links.txt
[0.669s] writing entry points to ur10_vel.egg-info/entry_points.txt
[0.669s] writing requirements to ur10_vel.egg-info/requires.txt
[0.669s] writing top-level names to ur10_vel.egg-info/top_level.txt
[0.670s] reading manifest file 'ur10_vel.egg-info/SOURCES.txt'
[0.671s] writing manifest file 'ur10_vel.egg-info/SOURCES.txt'
[0.672s] running build_ext
[0.672s] Creating /home/zzy/ur_real/install/ur10_vel/lib/python3.10/site-packages/ur10-vel.egg-link (link to .)
[0.673s] Installing Joint_Velocity_Transfer script to /home/zzy/ur_real/install/ur10_vel/lib/ur10_vel
[0.673s] Installing check_collision script to /home/zzy/ur_real/install/ur10_vel/lib/ur10_vel
[0.673s] Installing check_keyboard script to /home/zzy/ur_real/install/ur10_vel/lib/ur10_vel
[0.673s] Installing joint_velocity_IK script to /home/zzy/ur_real/install/ur10_vel/lib/ur10_vel
[0.673s] Installing publisher_forward_velocity_controller script to /home/zzy/ur_real/install/ur10_vel/lib/ur10_vel
[0.673s] 
[0.673s] Installed /home/zzy/ur_real/build/ur10_vel
[0.673s] running symlink_data
