running develop
Removing /home/zzy/ur_real/install/camera/lib/python3.10/site-packages/camera.egg-link (link to .)
running egg_info
writing ../../build/camera/camera.egg-info/PKG-INFO
writing dependency_links to ../../build/camera/camera.egg-info/dependency_links.txt
writing entry points to ../../build/camera/camera.egg-info/entry_points.txt
writing requirements to ../../build/camera/camera.egg-info/requires.txt
writing top-level names to ../../build/camera/camera.egg-info/top_level.txt
reading manifest file '../../build/camera/camera.egg-info/SOURCES.txt'
writing manifest file '../../build/camera/camera.egg-info/SOURCES.txt'
running build
running build_py
creating /home/zzy/ur_real/build/camera/build
creating /home/zzy/ur_real/build/camera/build/lib
creating /home/zzy/ur_real/build/camera/build/lib/camera
copying camera/realsense_ArUco_reader.py -> /home/zzy/ur_real/build/camera/build/lib/camera
copying camera/__init__.py -> /home/zzy/ur_real/build/camera/build/lib/camera
running install
running install_lib
creating /home/zzy/ur_real/install/camera/lib/python3.10/site-packages/camera
copying /home/zzy/ur_real/build/camera/build/lib/camera/realsense_ArUco_reader.py -> /home/zzy/ur_real/install/camera/lib/python3.10/site-packages/camera
copying /home/zzy/ur_real/build/camera/build/lib/camera/__init__.py -> /home/zzy/ur_real/install/camera/lib/python3.10/site-packages/camera
byte-compiling /home/zzy/ur_real/install/camera/lib/python3.10/site-packages/camera/realsense_ArUco_reader.py to realsense_ArUco_reader.cpython-310.pyc
byte-compiling /home/zzy/ur_real/install/camera/lib/python3.10/site-packages/camera/__init__.py to __init__.cpython-310.pyc
running install_data
copying resource/camera -> /home/zzy/ur_real/install/camera/share/ament_index/resource_index/packages
copying package.xml -> /home/zzy/ur_real/install/camera/share/camera
running install_egg_info
Copying ../../build/camera/camera.egg-info to /home/zzy/ur_real/install/camera/lib/python3.10/site-packages/camera-0.0.0-py3.10.egg-info
running install_scripts
Installing realsense_ArUco_reader script to /home/zzy/ur_real/install/camera/lib/camera
writing list of installed files to '/home/zzy/ur_real/build/camera/install.log'
