/home/zzy/.local/lib/python3.10/site-packages/setuptools/_distutils/dist.py:260: UserWarning: Unknown distribution option: 'tests_require'
  warnings.warn(msg)
running develop
/home/zzy/.local/lib/python3.10/site-packages/setuptools/command/develop.py:41: EasyInstallDeprecationWarning: easy_install command is deprecated.
!!

        ********************************************************************************
        Please avoid running ``setup.py`` and ``easy_install``.
        Instead, use pypa/build, pypa/installer or other
        standards-based tools.

        See https://github.com/pypa/setuptools/issues/917 for details.
        ********************************************************************************

!!
  easy_install.initialize_options(self)
running egg_info
creating ati_sensor.egg-info
writing ati_sensor.egg-info/PKG-INFO
writing dependency_links to ati_sensor.egg-info/dependency_links.txt
writing entry points to ati_sensor.egg-info/entry_points.txt
writing requirements to ati_sensor.egg-info/requires.txt
writing top-level names to ati_sensor.egg-info/top_level.txt
writing manifest file 'ati_sensor.egg-info/SOURCES.txt'
reading manifest file 'ati_sensor.egg-info/SOURCES.txt'
writing manifest file 'ati_sensor.egg-info/SOURCES.txt'
running build_ext
Creating /home/zzy/ur_real/install/ati_sensor/lib/python3.10/site-packages/ati-sensor.egg-link (link to .)
Installing ati_sensor_driver script to /home/zzy/ur_real/install/ati_sensor/lib/ati_sensor
Installing test_ati_sensor script to /home/zzy/ur_real/install/ati_sensor/lib/ati_sensor

Installed /home/zzy/ur_real/build/ati_sensor
running symlink_data
creating /home/zzy/ur_real/install/ati_sensor/share/ament_index
creating /home/zzy/ur_real/install/ati_sensor/share/ament_index/resource_index
creating /home/zzy/ur_real/install/ati_sensor/share/ament_index/resource_index/packages
symbolically linking /home/zzy/ur_real/build/ati_sensor/resource/ati_sensor -> /home/zzy/ur_real/install/ati_sensor/share/ament_index/resource_index/packages
symbolically linking /home/zzy/ur_real/build/ati_sensor/package.xml -> /home/zzy/ur_real/install/ati_sensor/share/ati_sensor
