[0.928s] Invoking command in '/home/zzy/ur_real/build/ati_sensor': PYTHONPATH=/home/zzy/ur_real/build/ati_sensor/prefix_override:/home/zzy/.local/lib/python3.10/site-packages/colcon_core/task/python/colcon_distutils_commands:/home/zzy/ur_real/install/ati_sensor/lib/python3.10/site-packages:${PYTHONPATH} /usr/bin/python3 -W ignore:setup.py install is deprecated setup.py develop --editable --build-directory /home/zzy/ur_real/build/ati_sensor/build --no-deps symlink_data
[1.027s] /home/zzy/.local/lib/python3.10/site-packages/setuptools/_distutils/dist.py:260: UserWarning: Unknown distribution option: 'tests_require'
[1.027s]   warnings.warn(msg)
[1.133s] running develop
[1.135s] /home/zzy/.local/lib/python3.10/site-packages/setuptools/command/develop.py:41: EasyInstallDeprecationWarning: easy_install command is deprecated.
[1.135s] !!
[1.135s] 
[1.135s]         ********************************************************************************
[1.135s]         Please avoid running ``setup.py`` and ``easy_install``.
[1.135s]         Instead, use pypa/build, pypa/installer or other
[1.135s]         standards-based tools.
[1.135s] 
[1.135s]         See https://github.com/pypa/setuptools/issues/917 for details.
[1.135s]         ********************************************************************************
[1.136s] 
[1.136s] !!
[1.136s]   easy_install.initialize_options(self)
[1.264s] running egg_info
[1.264s] creating ati_sensor.egg-info
[1.273s] writing ati_sensor.egg-info/PKG-INFO
[1.274s] writing dependency_links to ati_sensor.egg-info/dependency_links.txt
[1.274s] writing entry points to ati_sensor.egg-info/entry_points.txt
[1.274s] writing requirements to ati_sensor.egg-info/requires.txt
[1.274s] writing top-level names to ati_sensor.egg-info/top_level.txt
[1.274s] writing manifest file 'ati_sensor.egg-info/SOURCES.txt'
[1.292s] reading manifest file 'ati_sensor.egg-info/SOURCES.txt'
[1.293s] writing manifest file 'ati_sensor.egg-info/SOURCES.txt'
[1.302s] running build_ext
[1.302s] Creating /home/zzy/ur_real/install/ati_sensor/lib/python3.10/site-packages/ati-sensor.egg-link (link to .)
[1.303s] Installing ati_sensor_driver script to /home/zzy/ur_real/install/ati_sensor/lib/ati_sensor
[1.303s] Installing test_ati_sensor script to /home/zzy/ur_real/install/ati_sensor/lib/ati_sensor
[1.303s] 
[1.303s] Installed /home/zzy/ur_real/build/ati_sensor
[1.304s] running symlink_data
[1.304s] creating /home/zzy/ur_real/install/ati_sensor/share/ament_index
[1.304s] creating /home/zzy/ur_real/install/ati_sensor/share/ament_index/resource_index
[1.304s] creating /home/zzy/ur_real/install/ati_sensor/share/ament_index/resource_index/packages
[1.304s] symbolically linking /home/zzy/ur_real/build/ati_sensor/resource/ati_sensor -> /home/zzy/ur_real/install/ati_sensor/share/ament_index/resource_index/packages
[1.304s] symbolically linking /home/zzy/ur_real/build/ati_sensor/package.xml -> /home/zzy/ur_real/install/ati_sensor/share/ati_sensor
[1.339s] Invoked command in '/home/zzy/ur_real/build/ati_sensor' returned '0': PYTHONPATH=/home/zzy/ur_real/build/ati_sensor/prefix_override:/home/zzy/.local/lib/python3.10/site-packages/colcon_core/task/python/colcon_distutils_commands:/home/zzy/ur_real/install/ati_sensor/lib/python3.10/site-packages:${PYTHONPATH} /usr/bin/python3 -W ignore:setup.py install is deprecated setup.py develop --editable --build-directory /home/zzy/ur_real/build/ati_sensor/build --no-deps symlink_data
