/home/zzy/.local/lib/python3.10/site-packages/setuptools/_distutils/dist.py:260: UserWarning: Unknown distribution option: 'tests_require'
  warnings.warn(msg)
running develop
/home/zzy/.local/lib/python3.10/site-packages/setuptools/command/develop.py:41: EasyInstallDeprecationWarning: easy_install command is deprecated.
!!

        ********************************************************************************
        Please avoid running ``setup.py`` and ``easy_install``.
        Instead, use pypa/build, pypa/installer or other
        standards-based tools.

        See https://github.com/pypa/setuptools/issues/917 for details.
        ********************************************************************************

!!
  easy_install.initialize_options(self)
running egg_info
writing camera.egg-info/PKG-INFO
writing dependency_links to camera.egg-info/dependency_links.txt
writing entry points to camera.egg-info/entry_points.txt
writing requirements to camera.egg-info/requires.txt
writing top-level names to camera.egg-info/top_level.txt
reading manifest file 'camera.egg-info/SOURCES.txt'
writing manifest file 'camera.egg-info/SOURCES.txt'
running build_ext
Creating /home/zzy/ur_real/install/camera/lib/python3.10/site-packages/camera.egg-link (link to .)
Installing realsense_ArUco_reader script to /home/zzy/ur_real/install/camera/lib/camera

Installed /home/zzy/ur_real/build/camera
running symlink_data
