[0.905s] Invoking command in '/home/zzy/ur_real/build/camera': PYTHONPATH=/home/zzy/ur_real/build/camera/prefix_override:/home/zzy/.local/lib/python3.10/site-packages/colcon_core/task/python/colcon_distutils_commands:/home/zzy/ur_real/install/camera/lib/python3.10/site-packages:${PYTHONPATH} /usr/bin/python3 -W ignore:setup.py install is deprecated setup.py develop --editable --build-directory /home/zzy/ur_real/build/camera/build --no-deps symlink_data
[1.003s] /home/zzy/.local/lib/python3.10/site-packages/setuptools/_distutils/dist.py:260: UserWarning: Unknown distribution option: 'tests_require'
[1.003s]   warnings.warn(msg)
[1.104s] running develop
[1.104s] /home/zzy/.local/lib/python3.10/site-packages/setuptools/command/develop.py:41: EasyInstallDeprecationWarning: easy_install command is deprecated.
[1.104s] !!
[1.104s] 
[1.104s]         ********************************************************************************
[1.104s]         Please avoid running ``setup.py`` and ``easy_install``.
[1.105s]         Instead, use pypa/build, pypa/installer or other
[1.105s]         standards-based tools.
[1.105s] 
[1.105s]         See https://github.com/pypa/setuptools/issues/917 for details.
[1.105s]         ********************************************************************************
[1.105s] 
[1.105s] !!
[1.105s]   easy_install.initialize_options(self)
[1.233s] running egg_info
[1.242s] writing camera.egg-info/PKG-INFO
[1.243s] writing dependency_links to camera.egg-info/dependency_links.txt
[1.243s] writing entry points to camera.egg-info/entry_points.txt
[1.243s] writing requirements to camera.egg-info/requires.txt
[1.243s] writing top-level names to camera.egg-info/top_level.txt
[1.261s] reading manifest file 'camera.egg-info/SOURCES.txt'
[1.261s] writing manifest file 'camera.egg-info/SOURCES.txt'
[1.271s] running build_ext
[1.271s] Creating /home/zzy/ur_real/install/camera/lib/python3.10/site-packages/camera.egg-link (link to .)
[1.271s] Installing realsense_ArUco_reader script to /home/zzy/ur_real/install/camera/lib/camera
[1.272s] 
[1.272s] Installed /home/zzy/ur_real/build/camera
[1.272s] running symlink_data
[1.301s] Invoked command in '/home/zzy/ur_real/build/camera' returned '0': PYTHONPATH=/home/zzy/ur_real/build/camera/prefix_override:/home/zzy/.local/lib/python3.10/site-packages/colcon_core/task/python/colcon_distutils_commands:/home/zzy/ur_real/install/camera/lib/python3.10/site-packages:${PYTHONPATH} /usr/bin/python3 -W ignore:setup.py install is deprecated setup.py develop --editable --build-directory /home/zzy/ur_real/build/camera/build --no-deps symlink_data
