[0.014s] Invoking command in '/home/zzy/ur_real/build/ferrobotics': CONDA_PROMPT_MODIFIER=(base) /usr/bin/cmake /home/zzy/ur_real/src/ferrobotics -DCMAKE_INSTALL_PREFIX=/home/zzy/ur_real/install/ferrobotics
[0.178s] -- Found ament_cmake: 1.3.9 (/opt/ros/humble/share/ament_cmake/cmake)
[0.179s] -- Override CMake install command with custom implementation using symlinks instead of copying resources
[0.179s] -- Found rclcpp: 16.0.9 (/opt/ros/humble/share/rclcpp/cmake)
[0.179s] -- Found rosidl_generator_c: 3.1.5 (/opt/ros/humble/share/rosidl_generator_c/cmake)
[0.179s] -- Found rosidl_adapter: 3.1.5 (/opt/ros/humble/share/rosidl_adapter/cmake)
[0.179s] -- Found rosidl_generator_cpp: 3.1.5 (/opt/ros/humble/share/rosidl_generator_cpp/cmake)
[0.179s] -- Using all available rosidl_typesupport_c: rosidl_typesupport_fastrtps_c;rosidl_typesupport_introspection_c
[0.179s] -- Using all available rosidl_typesupport_cpp: rosidl_typesupport_fastrtps_cpp;rosidl_typesupport_introspection_cpp
[0.189s] -- Found rmw_implementation_cmake: 6.1.2 (/opt/ros/humble/share/rmw_implementation_cmake/cmake)
[0.189s] -- Found rmw_cyclonedds_cpp: 1.3.4 (/opt/ros/humble/share/rmw_cyclonedds_cpp/cmake)
[0.208s] -- Using RMW implementation 'rmw_cyclonedds_cpp' as default
[0.312s] -- Found rosidl_default_generators: 1.2.0 (/opt/ros/humble/share/rosidl_default_generators/cmake)
[0.455s] Error parsing '/home/zzy/ur_real/src/ferrobotics/package.xml':
[0.456s] Traceback (most recent call last):
[0.456s]   File "/opt/ros/humble/share/ament_cmake_core/cmake/core/package_xml_2_cmake.py", line 150, in <module>
[0.456s]     main()
[0.456s]   File "/opt/ros/humble/share/ament_cmake_core/cmake/core/package_xml_2_cmake.py", line 53, in main
[0.456s]     raise e
[0.456s]   File "/opt/ros/humble/share/ament_cmake_core/cmake/core/package_xml_2_cmake.py", line 49, in main
[0.456s]     package = parse_package_string(
[0.456s]               ^^^^^^^^^^^^^^^^^^^^^
[0.456s]   File "/home/zzy/anaconda3/lib/python3.11/site-packages/catkin_pkg/package.py", line 786, in parse_package_string
[0.457s]     raise InvalidPackage('Error(s):%s' % (''.join(['\n- %s' % e for e in errors])), filename)
[0.457s] catkin_pkg.package.InvalidPackage: Error(s) in package '/home/zzy/ur_real/src/ferrobotics/package.xml':
[0.457s] Error(s):
[0.457s] - The generic dependency on 'rosidl_default_generators' is redundant with: build_depend
[0.465s] [31mCMake Error at /opt/ros/humble/share/ament_cmake_core/cmake/core/ament_package_xml.cmake:95 (message):
[0.465s]   execute_process(/home/zzy/anaconda3/bin/python3
[0.465s]   /opt/ros/humble/share/ament_cmake_core/cmake/core/package_xml_2_cmake.py
[0.465s]   /home/zzy/ur_real/src/ferrobotics/package.xml
[0.465s]   /home/zzy/ur_real/build/ferrobotics/ament_cmake_core/package.cmake)
[0.465s]   returned error code 1
[0.465s] Call Stack (most recent call first):
[0.465s]   /opt/ros/humble/share/ament_cmake_core/cmake/core/ament_package_xml.cmake:49 (_ament_package_xml)
[0.465s]   /opt/ros/humble/share/rosidl_cmake/cmake/rosidl_generate_interfaces.cmake:226 (ament_package_xml)
[0.465s]   CMakeLists.txt:16 (rosidl_generate_interfaces)
[0.465s] 
[0.466s] [0m
[0.466s] -- Configuring incomplete, errors occurred!
[0.466s] See also "/home/zzy/ur_real/build/ferrobotics/CMakeFiles/CMakeOutput.log".
[0.470s] Invoked command in '/home/zzy/ur_real/build/ferrobotics' returned '1': CONDA_PROMPT_MODIFIER=(base) /usr/bin/cmake /home/zzy/ur_real/src/ferrobotics -DCMAKE_INSTALL_PREFIX=/home/zzy/ur_real/install/ferrobotics
