-- Found ament_cmake: 1.3.9 (/opt/ros/humble/share/ament_cmake/cmake)
-- Override CMake install command with custom implementation using symlinks instead of copying resources
-- Found rclcpp: 16.0.9 (/opt/ros/humble/share/rclcpp/cmake)
-- Found rosidl_generator_c: 3.1.5 (/opt/ros/humble/share/rosidl_generator_c/cmake)
-- Found rosidl_adapter: 3.1.5 (/opt/ros/humble/share/rosidl_adapter/cmake)
-- Found rosidl_generator_cpp: 3.1.5 (/opt/ros/humble/share/rosidl_generator_cpp/cmake)
-- Using all available rosidl_typesupport_c: rosidl_typesupport_fastrtps_c;rosidl_typesupport_introspection_c
-- Using all available rosidl_typesupport_cpp: rosidl_typesupport_fastrtps_cpp;rosidl_typesupport_introspection_cpp
-- Found rmw_implementation_cmake: 6.1.2 (/opt/ros/humble/share/rmw_implementation_cmake/cmake)
-- Found rmw_cyclonedds_cpp: 1.3.4 (/opt/ros/humble/share/rmw_cyclonedds_cpp/cmake)
-- Using RMW implementation 'rmw_cyclonedds_cpp' as default
-- Found rclpy: 3.3.13 (/opt/ros/humble/share/rclpy/cmake)
-- Found rosidl_default_generators: 1.2.0 (/opt/ros/humble/share/rosidl_default_generators/cmake)
-- Found ament_cmake_ros: 0.10.0 (/opt/ros/humble/share/ament_cmake_ros/cmake)
-- Using all available rosidl_typesupport_c: rosidl_typesupport_fastrtps_c;rosidl_typesupport_introspection_c
-- Using all available rosidl_typesupport_cpp: rosidl_typesupport_fastrtps_cpp;rosidl_typesupport_introspection_cpp
-- Found python_cmake_module: 0.10.0 (/opt/ros/humble/share/python_cmake_module/cmake)
-- Using PYTHON_EXECUTABLE: /home/zzy/anaconda3/bin/python3
-- Using PYTHON_INCLUDE_DIRS: /home/zzy/anaconda3/include/python3.11
-- Using PYTHON_LIBRARIES: /home/zzy/anaconda3/lib/libpython3.11.so
-- Using numpy include directory: /home/zzy/anaconda3/lib/python3.11/site-packages/numpy/core/include
-- Found ament_lint_auto: 0.12.11 (/opt/ros/humble/share/ament_lint_auto/cmake)
-- Added test 'cppcheck' to perform static code analysis on C / C++ code
-- Configured cppcheck include dirs: 
-- Configured cppcheck exclude dirs and/or files: 
-- Added test 'flake8' to check Python code syntax and style conventions
-- Added test 'lint_cmake' to check CMake code style
-- Added test 'pep257' to check Python code against some of the docstring style conventions in PEP 257
-- Added test 'uncrustify' to check C / C++ code style
-- Configured uncrustify additional arguments: 
-- Added test 'xmllint' to check XML markup files
-- Configuring done
-- Generating done
-- Build files have been written to: /home/zzy/ur_real/build/ferrobotics
[35m[1mConsolidate compiler generated dependencies of target ferrobotics__rosidl_generator_c[0m
[  2%] Built target ferrobotics__cpp
[ 12%] Built target ferrobotics__rosidl_generator_c
[ 12%] Built target ament_cmake_python_symlink_ferrobotics
[35m[1mConsolidate compiler generated dependencies of target ferrobotics__rosidl_typesupport_cpp[0m
[35m[1mConsolidate compiler generated dependencies of target ferrobotics__rosidl_typesupport_fastrtps_cpp[0m
[35m[1mConsolidate compiler generated dependencies of target ferrobotics__rosidl_typesupport_introspection_cpp[0m
[35m[1mConsolidate compiler generated dependencies of target ferrobotics__rosidl_typesupport_c[0m
[35m[1mConsolidate compiler generated dependencies of target ferrobotics__rosidl_typesupport_introspection_c[0m
[35m[1mConsolidate compiler generated dependencies of target ferrobotics__rosidl_typesupport_fastrtps_c[0m
[ 38%] Built target ferrobotics__rosidl_typesupport_introspection_c
[ 38%] Built target ferrobotics__rosidl_typesupport_c
[ 51%] Built target ferrobotics__rosidl_typesupport_introspection_cpp
[ 55%] Built target ferrobotics__rosidl_typesupport_cpp
[ 65%] Built target ferrobotics__rosidl_typesupport_fastrtps_cpp
[ 76%] Built target ferrobotics__rosidl_typesupport_fastrtps_c
[ 76%] Built target ferrobotics
[ 78%] Built target ferrobotics__py
[35m[1mConsolidate compiler generated dependencies of target ferrobotics__rosidl_generator_py[0m
[ 87%] Built target ferrobotics__rosidl_generator_py
[35m[1mConsolidate compiler generated dependencies of target ferrobotics__rosidl_typesupport_fastrtps_c__pyext[0m
[35m[1mConsolidate compiler generated dependencies of target ferrobotics__rosidl_typesupport_introspection_c__pyext[0m
[35m[1mConsolidate compiler generated dependencies of target ferrobotics__rosidl_typesupport_c__pyext[0m
[ 95%] Built target ferrobotics__rosidl_typesupport_fastrtps_c__pyext
[ 97%] Built target ferrobotics__rosidl_typesupport_introspection_c__pyext
[100%] Built target ferrobotics__rosidl_typesupport_c__pyext
running egg_info
writing ferrobotics.egg-info/PKG-INFO
writing dependency_links to ferrobotics.egg-info/dependency_links.txt
writing top-level names to ferrobotics.egg-info/top_level.txt
reading manifest file 'ferrobotics.egg-info/SOURCES.txt'
writing manifest file 'ferrobotics.egg-info/SOURCES.txt'
[100%] Built target ament_cmake_python_build_ferrobotics_egg
-- Install configuration: ""
-- Execute custom install script
-- Up-to-date symlink: /home/zzy/ur_real/install/ferrobotics/share/ament_index/resource_index/rosidl_interfaces/ferrobotics
-- Up-to-date symlink: /home/zzy/ur_real/install/ferrobotics/include/ferrobotics/ferrobotics/msg/acf_telem.h
-- Up-to-date symlink: /home/zzy/ur_real/install/ferrobotics/include/ferrobotics/ferrobotics/msg/detail/acf_telem__functions.h
-- Up-to-date symlink: /home/zzy/ur_real/install/ferrobotics/include/ferrobotics/ferrobotics/msg/detail/acf_telem__struct.h
-- Up-to-date symlink: /home/zzy/ur_real/install/ferrobotics/include/ferrobotics/ferrobotics/msg/detail/acf_telem__type_support.h
-- Up-to-date symlink: /home/zzy/ur_real/install/ferrobotics/include/ferrobotics/ferrobotics/msg/rosidl_generator_c__visibility_control.h
-- Up-to-date symlink: /home/zzy/ur_real/install/ferrobotics/include/ferrobotics/ferrobotics/srv/detail/set_duration__functions.h
-- Up-to-date symlink: /home/zzy/ur_real/install/ferrobotics/include/ferrobotics/ferrobotics/srv/detail/set_duration__struct.h
-- Up-to-date symlink: /home/zzy/ur_real/install/ferrobotics/include/ferrobotics/ferrobotics/srv/detail/set_duration__type_support.h
-- Up-to-date symlink: /home/zzy/ur_real/install/ferrobotics/include/ferrobotics/ferrobotics/srv/detail/set_float__functions.h
-- Up-to-date symlink: /home/zzy/ur_real/install/ferrobotics/include/ferrobotics/ferrobotics/srv/detail/set_float__struct.h
-- Up-to-date symlink: /home/zzy/ur_real/install/ferrobotics/include/ferrobotics/ferrobotics/srv/detail/set_float__type_support.h
-- Up-to-date symlink: /home/zzy/ur_real/install/ferrobotics/include/ferrobotics/ferrobotics/srv/set_duration.h
-- Up-to-date symlink: /home/zzy/ur_real/install/ferrobotics/include/ferrobotics/ferrobotics/srv/set_float.h
-- Up-to-date symlink: /home/zzy/ur_real/install/ferrobotics/share/ferrobotics/environment/library_path.sh
-- Up-to-date symlink: /home/zzy/ur_real/install/ferrobotics/share/ferrobotics/environment/library_path.dsv
-- Up-to-date symlink: /home/zzy/ur_real/install/ferrobotics/include/ferrobotics/ferrobotics/msg/detail/acf_telem__rosidl_typesupport_fastrtps_c.h
-- Up-to-date symlink: /home/zzy/ur_real/install/ferrobotics/include/ferrobotics/ferrobotics/msg/rosidl_typesupport_fastrtps_c__visibility_control.h
-- Up-to-date symlink: /home/zzy/ur_real/install/ferrobotics/include/ferrobotics/ferrobotics/srv/detail/set_duration__rosidl_typesupport_fastrtps_c.h
-- Up-to-date symlink: /home/zzy/ur_real/install/ferrobotics/include/ferrobotics/ferrobotics/srv/detail/set_float__rosidl_typesupport_fastrtps_c.h
-- Up-to-date symlink: /home/zzy/ur_real/install/ferrobotics/include/ferrobotics/ferrobotics/msg/acf_telem.hpp
-- Up-to-date symlink: /home/zzy/ur_real/install/ferrobotics/include/ferrobotics/ferrobotics/msg/detail/acf_telem__builder.hpp
-- Up-to-date symlink: /home/zzy/ur_real/install/ferrobotics/include/ferrobotics/ferrobotics/msg/detail/acf_telem__struct.hpp
-- Up-to-date symlink: /home/zzy/ur_real/install/ferrobotics/include/ferrobotics/ferrobotics/msg/detail/acf_telem__traits.hpp
-- Up-to-date symlink: /home/zzy/ur_real/install/ferrobotics/include/ferrobotics/ferrobotics/srv/detail/set_duration__builder.hpp
-- Up-to-date symlink: /home/zzy/ur_real/install/ferrobotics/include/ferrobotics/ferrobotics/srv/detail/set_duration__struct.hpp
-- Up-to-date symlink: /home/zzy/ur_real/install/ferrobotics/include/ferrobotics/ferrobotics/srv/detail/set_duration__traits.hpp
-- Up-to-date symlink: /home/zzy/ur_real/install/ferrobotics/include/ferrobotics/ferrobotics/srv/detail/set_float__builder.hpp
-- Up-to-date symlink: /home/zzy/ur_real/install/ferrobotics/include/ferrobotics/ferrobotics/srv/detail/set_float__struct.hpp
-- Up-to-date symlink: /home/zzy/ur_real/install/ferrobotics/include/ferrobotics/ferrobotics/srv/detail/set_float__traits.hpp
-- Up-to-date symlink: /home/zzy/ur_real/install/ferrobotics/include/ferrobotics/ferrobotics/srv/set_duration.hpp
-- Up-to-date symlink: /home/zzy/ur_real/install/ferrobotics/include/ferrobotics/ferrobotics/srv/set_float.hpp
-- Up-to-date symlink: /home/zzy/ur_real/install/ferrobotics/include/ferrobotics/ferrobotics/msg/detail/acf_telem__rosidl_typesupport_fastrtps_cpp.hpp
-- Up-to-date symlink: /home/zzy/ur_real/install/ferrobotics/include/ferrobotics/ferrobotics/msg/rosidl_typesupport_fastrtps_cpp__visibility_control.h
-- Up-to-date symlink: /home/zzy/ur_real/install/ferrobotics/include/ferrobotics/ferrobotics/srv/detail/set_duration__rosidl_typesupport_fastrtps_cpp.hpp
-- Up-to-date symlink: /home/zzy/ur_real/install/ferrobotics/include/ferrobotics/ferrobotics/srv/detail/set_float__rosidl_typesupport_fastrtps_cpp.hpp
-- Up-to-date symlink: /home/zzy/ur_real/install/ferrobotics/include/ferrobotics/ferrobotics/msg/detail/acf_telem__rosidl_typesupport_introspection_c.h
-- Up-to-date symlink: /home/zzy/ur_real/install/ferrobotics/include/ferrobotics/ferrobotics/msg/rosidl_typesupport_introspection_c__visibility_control.h
-- Up-to-date symlink: /home/zzy/ur_real/install/ferrobotics/include/ferrobotics/ferrobotics/srv/detail/set_duration__rosidl_typesupport_introspection_c.h
-- Up-to-date symlink: /home/zzy/ur_real/install/ferrobotics/include/ferrobotics/ferrobotics/srv/detail/set_float__rosidl_typesupport_introspection_c.h
-- Up-to-date symlink: /home/zzy/ur_real/install/ferrobotics/include/ferrobotics/ferrobotics/msg/detail/acf_telem__rosidl_typesupport_introspection_cpp.hpp
-- Up-to-date symlink: /home/zzy/ur_real/install/ferrobotics/include/ferrobotics/ferrobotics/srv/detail/set_duration__rosidl_typesupport_introspection_cpp.hpp
-- Up-to-date symlink: /home/zzy/ur_real/install/ferrobotics/include/ferrobotics/ferrobotics/srv/detail/set_float__rosidl_typesupport_introspection_cpp.hpp
-- Up-to-date symlink: /home/zzy/ur_real/install/ferrobotics/share/ferrobotics/environment/pythonpath.sh
-- Up-to-date symlink: /home/zzy/ur_real/install/ferrobotics/share/ferrobotics/environment/pythonpath.dsv
-- Up-to-date symlink: /home/zzy/ur_real/install/ferrobotics/lib/python3.11/site-packages/ferrobotics-0.0.0-py3.11.egg-info/PKG-INFO
-- Up-to-date symlink: /home/zzy/ur_real/install/ferrobotics/lib/python3.11/site-packages/ferrobotics-0.0.0-py3.11.egg-info/SOURCES.txt
-- Up-to-date symlink: /home/zzy/ur_real/install/ferrobotics/lib/python3.11/site-packages/ferrobotics-0.0.0-py3.11.egg-info/dependency_links.txt
-- Up-to-date symlink: /home/zzy/ur_real/install/ferrobotics/lib/python3.11/site-packages/ferrobotics-0.0.0-py3.11.egg-info/top_level.txt
-- Up-to-date symlink: /home/zzy/ur_real/install/ferrobotics/lib/python3.11/site-packages/ferrobotics/__init__.py
-- Up-to-date symlink: /home/zzy/ur_real/install/ferrobotics/lib/python3.11/site-packages/ferrobotics/_ferrobotics_s.ep.rosidl_typesupport_c.c
-- Up-to-date symlink: /home/zzy/ur_real/install/ferrobotics/lib/python3.11/site-packages/ferrobotics/_ferrobotics_s.ep.rosidl_typesupport_fastrtps_c.c
-- Up-to-date symlink: /home/zzy/ur_real/install/ferrobotics/lib/python3.11/site-packages/ferrobotics/_ferrobotics_s.ep.rosidl_typesupport_introspection_c.c
-- Up-to-date symlink: /home/zzy/ur_real/install/ferrobotics/lib/python3.11/site-packages/ferrobotics/ferrobotics_s__rosidl_typesupport_c.cpython-311-x86_64-linux-gnu.so
-- Up-to-date symlink: /home/zzy/ur_real/install/ferrobotics/lib/python3.11/site-packages/ferrobotics/ferrobotics_s__rosidl_typesupport_fastrtps_c.cpython-311-x86_64-linux-gnu.so
-- Up-to-date symlink: /home/zzy/ur_real/install/ferrobotics/lib/python3.11/site-packages/ferrobotics/ferrobotics_s__rosidl_typesupport_introspection_c.cpython-311-x86_64-linux-gnu.so
-- Up-to-date symlink: /home/zzy/ur_real/install/ferrobotics/lib/python3.11/site-packages/ferrobotics/libferrobotics__rosidl_generator_py.so
-- Up-to-date symlink: /home/zzy/ur_real/install/ferrobotics/lib/python3.11/site-packages/ferrobotics/msg/__init__.py
-- Up-to-date symlink: /home/zzy/ur_real/install/ferrobotics/lib/python3.11/site-packages/ferrobotics/msg/_acf_telem.py
-- Up-to-date symlink: /home/zzy/ur_real/install/ferrobotics/lib/python3.11/site-packages/ferrobotics/msg/_acf_telem_s.c
-- Up-to-date symlink: /home/zzy/ur_real/install/ferrobotics/lib/python3.11/site-packages/ferrobotics/srv/__init__.py
-- Up-to-date symlink: /home/zzy/ur_real/install/ferrobotics/lib/python3.11/site-packages/ferrobotics/srv/_set_duration.py
-- Up-to-date symlink: /home/zzy/ur_real/install/ferrobotics/lib/python3.11/site-packages/ferrobotics/srv/_set_duration_s.c
-- Up-to-date symlink: /home/zzy/ur_real/install/ferrobotics/lib/python3.11/site-packages/ferrobotics/srv/_set_float.py
-- Up-to-date symlink: /home/zzy/ur_real/install/ferrobotics/lib/python3.11/site-packages/ferrobotics/srv/_set_float_s.c
-- Up-to-date symlink: /home/zzy/ur_real/install/ferrobotics/lib/python3.11/site-packages/ferrobotics/ferrobotics_s__rosidl_typesupport_fastrtps_c.cpython-311-x86_64-linux-gnu.so
-- Up-to-date symlink: /home/zzy/ur_real/install/ferrobotics/lib/python3.11/site-packages/ferrobotics/ferrobotics_s__rosidl_typesupport_introspection_c.cpython-311-x86_64-linux-gnu.so
-- Up-to-date symlink: /home/zzy/ur_real/install/ferrobotics/lib/python3.11/site-packages/ferrobotics/ferrobotics_s__rosidl_typesupport_c.cpython-311-x86_64-linux-gnu.so
-- Up-to-date symlink: /home/zzy/ur_real/install/ferrobotics/share/ferrobotics/msg/ACFTelem.idl
-- Up-to-date symlink: /home/zzy/ur_real/install/ferrobotics/share/ferrobotics/srv/SetFloat.idl
-- Up-to-date symlink: /home/zzy/ur_real/install/ferrobotics/share/ferrobotics/srv/SetDuration.idl
-- Up-to-date symlink: /home/zzy/ur_real/install/ferrobotics/share/ferrobotics/msg/ACFTelem.msg
-- Up-to-date symlink: /home/zzy/ur_real/install/ferrobotics/share/ferrobotics/srv/SetFloat.srv
-- Up-to-date symlink: /home/zzy/ur_real/install/ferrobotics/share/ferrobotics/srv/SetFloat_Request.msg
-- Up-to-date symlink: /home/zzy/ur_real/install/ferrobotics/share/ferrobotics/srv/SetFloat_Response.msg
-- Up-to-date symlink: /home/zzy/ur_real/install/ferrobotics/share/ferrobotics/srv/SetDuration.srv
-- Up-to-date symlink: /home/zzy/ur_real/install/ferrobotics/share/ferrobotics/srv/SetDuration_Request.msg
-- Up-to-date symlink: /home/zzy/ur_real/install/ferrobotics/share/ferrobotics/srv/SetDuration_Response.msg
-- Up-to-date symlink: /home/zzy/ur_real/install/ferrobotics/share/ferrobotics/srv/srv/SetDuration.srv
-- Up-to-date symlink: /home/zzy/ur_real/install/ferrobotics/share/ferrobotics/srv/srv/SetFloat.srv
-- Up-to-date symlink: /home/zzy/ur_real/install/ferrobotics/share/ferrobotics/msg/msg/ACFTelem.msg
-- Up-to-date symlink: /home/zzy/ur_real/install/ferrobotics/share/ament_index/resource_index/package_run_dependencies/ferrobotics
-- Up-to-date symlink: /home/zzy/ur_real/install/ferrobotics/share/ament_index/resource_index/parent_prefix_path/ferrobotics
-- Up-to-date symlink: /home/zzy/ur_real/install/ferrobotics/share/ferrobotics/environment/ament_prefix_path.sh
-- Up-to-date symlink: /home/zzy/ur_real/install/ferrobotics/share/ferrobotics/environment/ament_prefix_path.dsv
-- Up-to-date symlink: /home/zzy/ur_real/install/ferrobotics/share/ferrobotics/environment/path.sh
-- Up-to-date symlink: /home/zzy/ur_real/install/ferrobotics/share/ferrobotics/environment/path.dsv
-- Up-to-date symlink: /home/zzy/ur_real/install/ferrobotics/share/ferrobotics/local_setup.bash
-- Up-to-date symlink: /home/zzy/ur_real/install/ferrobotics/share/ferrobotics/local_setup.sh
-- Up-to-date symlink: /home/zzy/ur_real/install/ferrobotics/share/ferrobotics/local_setup.zsh
-- Up-to-date symlink: /home/zzy/ur_real/install/ferrobotics/share/ferrobotics/local_setup.dsv
-- Symlinking: /home/zzy/ur_real/install/ferrobotics/share/ferrobotics/package.dsv
-- Up-to-date symlink: /home/zzy/ur_real/install/ferrobotics/share/ament_index/resource_index/packages/ferrobotics
-- Up-to-date symlink: /home/zzy/ur_real/install/ferrobotics/share/ferrobotics/cmake/rosidl_cmake-extras.cmake
-- Up-to-date symlink: /home/zzy/ur_real/install/ferrobotics/share/ferrobotics/cmake/ament_cmake_export_dependencies-extras.cmake
-- Up-to-date symlink: /home/zzy/ur_real/install/ferrobotics/share/ferrobotics/cmake/ament_cmake_export_include_directories-extras.cmake
-- Up-to-date symlink: /home/zzy/ur_real/install/ferrobotics/share/ferrobotics/cmake/ament_cmake_export_libraries-extras.cmake
-- Up-to-date symlink: /home/zzy/ur_real/install/ferrobotics/share/ferrobotics/cmake/ament_cmake_export_targets-extras.cmake
-- Up-to-date symlink: /home/zzy/ur_real/install/ferrobotics/share/ferrobotics/cmake/rosidl_cmake_export_typesupport_targets-extras.cmake
-- Up-to-date symlink: /home/zzy/ur_real/install/ferrobotics/share/ferrobotics/cmake/rosidl_cmake_export_typesupport_libraries-extras.cmake
-- Up-to-date symlink: /home/zzy/ur_real/install/ferrobotics/share/ferrobotics/cmake/ferroboticsConfig.cmake
-- Up-to-date symlink: /home/zzy/ur_real/install/ferrobotics/share/ferrobotics/cmake/ferroboticsConfig-version.cmake
-- Up-to-date symlink: /home/zzy/ur_real/install/ferrobotics/share/ferrobotics/package.xml
-- Up-to-date: /home/zzy/ur_real/install/ferrobotics/lib/libferrobotics__rosidl_generator_c.so
-- Up-to-date: /home/zzy/ur_real/install/ferrobotics/lib/libferrobotics__rosidl_typesupport_fastrtps_c.so
-- Up-to-date: /home/zzy/ur_real/install/ferrobotics/lib/libferrobotics__rosidl_typesupport_fastrtps_cpp.so
-- Up-to-date: /home/zzy/ur_real/install/ferrobotics/lib/libferrobotics__rosidl_typesupport_introspection_c.so
-- Up-to-date: /home/zzy/ur_real/install/ferrobotics/lib/libferrobotics__rosidl_typesupport_c.so
-- Up-to-date: /home/zzy/ur_real/install/ferrobotics/lib/libferrobotics__rosidl_typesupport_introspection_cpp.so
-- Up-to-date: /home/zzy/ur_real/install/ferrobotics/lib/libferrobotics__rosidl_typesupport_cpp.so
Listing '/home/zzy/ur_real/install/ferrobotics/lib/python3.11/site-packages/ferrobotics'...
Compiling '/home/zzy/ur_real/install/ferrobotics/lib/python3.11/site-packages/ferrobotics/__init__.py'...
Listing '/home/zzy/ur_real/install/ferrobotics/lib/python3.11/site-packages/ferrobotics/msg'...
Listing '/home/zzy/ur_real/install/ferrobotics/lib/python3.11/site-packages/ferrobotics/srv'...
-- Up-to-date: /home/zzy/ur_real/install/ferrobotics/lib/libferrobotics__rosidl_generator_py.so
-- Up-to-date: /home/zzy/ur_real/install/ferrobotics/share/ferrobotics/cmake/export_ferrobotics__rosidl_generator_cExport.cmake
-- Up-to-date: /home/zzy/ur_real/install/ferrobotics/share/ferrobotics/cmake/export_ferrobotics__rosidl_generator_cExport-noconfig.cmake
-- Up-to-date: /home/zzy/ur_real/install/ferrobotics/share/ferrobotics/cmake/export_ferrobotics__rosidl_typesupport_fastrtps_cExport.cmake
-- Up-to-date: /home/zzy/ur_real/install/ferrobotics/share/ferrobotics/cmake/export_ferrobotics__rosidl_typesupport_fastrtps_cExport-noconfig.cmake
-- Up-to-date: /home/zzy/ur_real/install/ferrobotics/share/ferrobotics/cmake/export_ferrobotics__rosidl_generator_cppExport.cmake
-- Up-to-date: /home/zzy/ur_real/install/ferrobotics/share/ferrobotics/cmake/export_ferrobotics__rosidl_typesupport_fastrtps_cppExport.cmake
-- Up-to-date: /home/zzy/ur_real/install/ferrobotics/share/ferrobotics/cmake/export_ferrobotics__rosidl_typesupport_fastrtps_cppExport-noconfig.cmake
-- Up-to-date: /home/zzy/ur_real/install/ferrobotics/share/ferrobotics/cmake/ferrobotics__rosidl_typesupport_introspection_cExport.cmake
-- Up-to-date: /home/zzy/ur_real/install/ferrobotics/share/ferrobotics/cmake/ferrobotics__rosidl_typesupport_introspection_cExport-noconfig.cmake
-- Up-to-date: /home/zzy/ur_real/install/ferrobotics/share/ferrobotics/cmake/ferrobotics__rosidl_typesupport_cExport.cmake
-- Up-to-date: /home/zzy/ur_real/install/ferrobotics/share/ferrobotics/cmake/ferrobotics__rosidl_typesupport_cExport-noconfig.cmake
-- Up-to-date: /home/zzy/ur_real/install/ferrobotics/share/ferrobotics/cmake/ferrobotics__rosidl_typesupport_introspection_cppExport.cmake
-- Up-to-date: /home/zzy/ur_real/install/ferrobotics/share/ferrobotics/cmake/ferrobotics__rosidl_typesupport_introspection_cppExport-noconfig.cmake
-- Up-to-date: /home/zzy/ur_real/install/ferrobotics/share/ferrobotics/cmake/ferrobotics__rosidl_typesupport_cppExport.cmake
-- Up-to-date: /home/zzy/ur_real/install/ferrobotics/share/ferrobotics/cmake/ferrobotics__rosidl_typesupport_cppExport-noconfig.cmake
-- Up-to-date: /home/zzy/ur_real/install/ferrobotics/share/ferrobotics/cmake/export_ferrobotics__rosidl_generator_pyExport.cmake
-- Up-to-date: /home/zzy/ur_real/install/ferrobotics/share/ferrobotics/cmake/export_ferrobotics__rosidl_generator_pyExport-noconfig.cmake
