running develop
Removing /home/zzy/ur_real/install/ferrobotics_acf/lib/python3.10/site-packages/ferrobotics-acf.egg-link (link to .)
running egg_info
writing ../../build/ferrobotics_acf/ferrobotics_acf.egg-info/PKG-INFO
writing dependency_links to ../../build/ferrobotics_acf/ferrobotics_acf.egg-info/dependency_links.txt
writing entry points to ../../build/ferrobotics_acf/ferrobotics_acf.egg-info/entry_points.txt
writing requirements to ../../build/ferrobotics_acf/ferrobotics_acf.egg-info/requires.txt
writing top-level names to ../../build/ferrobotics_acf/ferrobotics_acf.egg-info/top_level.txt
reading manifest file '../../build/ferrobotics_acf/ferrobotics_acf.egg-info/SOURCES.txt'
writing manifest file '../../build/ferrobotics_acf/ferrobotics_acf.egg-info/SOURCES.txt'
running build
running build_py
copying ferrobotics_acf/acf.py -> /home/zzy/ur_real/build/ferrobotics_acf/build/lib/ferrobotics_acf
copying ferrobotics_acf/__init__.py -> /home/zzy/ur_real/build/ferrobotics_acf/build/lib/ferrobotics_acf
copying ferrobotics_acf/force_publisher.py -> /home/zzy/ur_real/build/ferrobotics_acf/build/lib/ferrobotics_acf
running install
running install_lib
creating /home/zzy/ur_real/install/ferrobotics_acf/lib/python3.10/site-packages/ferrobotics_acf
copying /home/zzy/ur_real/build/ferrobotics_acf/build/lib/ferrobotics_acf/acf.py -> /home/zzy/ur_real/install/ferrobotics_acf/lib/python3.10/site-packages/ferrobotics_acf
copying /home/zzy/ur_real/build/ferrobotics_acf/build/lib/ferrobotics_acf/__init__.py -> /home/zzy/ur_real/install/ferrobotics_acf/lib/python3.10/site-packages/ferrobotics_acf
copying /home/zzy/ur_real/build/ferrobotics_acf/build/lib/ferrobotics_acf/force_publisher.py -> /home/zzy/ur_real/install/ferrobotics_acf/lib/python3.10/site-packages/ferrobotics_acf
byte-compiling /home/zzy/ur_real/install/ferrobotics_acf/lib/python3.10/site-packages/ferrobotics_acf/acf.py to acf.cpython-310.pyc
byte-compiling /home/zzy/ur_real/install/ferrobotics_acf/lib/python3.10/site-packages/ferrobotics_acf/__init__.py to __init__.cpython-310.pyc
byte-compiling /home/zzy/ur_real/install/ferrobotics_acf/lib/python3.10/site-packages/ferrobotics_acf/force_publisher.py to force_publisher.cpython-310.pyc
running install_data
copying resource/ferrobotics_acf -> /home/zzy/ur_real/install/ferrobotics_acf/share/ament_index/resource_index/packages
copying package.xml -> /home/zzy/ur_real/install/ferrobotics_acf/share/ferrobotics_acf
running install_egg_info
Copying ../../build/ferrobotics_acf/ferrobotics_acf.egg-info to /home/zzy/ur_real/install/ferrobotics_acf/lib/python3.10/site-packages/ferrobotics_acf-0.0.0-py3.10.egg-info
running install_scripts
Installing acf script to /home/zzy/ur_real/install/ferrobotics_acf/lib/ferrobotics_acf
Installing force_publisher script to /home/zzy/ur_real/install/ferrobotics_acf/lib/ferrobotics_acf
writing list of installed files to '/home/zzy/ur_real/build/ferrobotics_acf/install.log'
