[0.756s] Invoking command in '/home/zzy/ur_real/build/ferrobotics_acf': PYTHONPATH=/home/zzy/ur_real/build/ferrobotics_acf/prefix_override:/home/zzy/.local/lib/python3.10/site-packages/colcon_core/task/python/colcon_distutils_commands:/home/zzy/ur_real/install/ferrobotics_acf/lib/python3.10/site-packages:${PYTHONPATH} /usr/bin/python3 -W ignore:setup.py install is deprecated setup.py develop --editable --build-directory /home/zzy/ur_real/build/ferrobotics_acf/build --no-deps symlink_data --force
[0.853s] /home/zzy/.local/lib/python3.10/site-packages/setuptools/_distutils/dist.py:260: UserWarning: Unknown distribution option: 'tests_require'
[0.853s]   warnings.warn(msg)
[0.954s] running develop
[0.954s] /home/zzy/.local/lib/python3.10/site-packages/setuptools/command/develop.py:41: EasyInstallDeprecationWarning: easy_install command is deprecated.
[0.954s] !!
[0.954s] 
[0.954s]         ********************************************************************************
[0.954s]         Please avoid running ``setup.py`` and ``easy_install``.
[0.954s]         Instead, use pypa/build, pypa/installer or other
[0.954s]         standards-based tools.
[0.954s] 
[0.954s]         See https://github.com/pypa/setuptools/issues/917 for details.
[0.954s]         ********************************************************************************
[0.954s] 
[0.954s] !!
[0.955s]   easy_install.initialize_options(self)
[1.083s] running egg_info
[1.092s] writing ferrobotics_acf.egg-info/PKG-INFO
[1.092s] writing dependency_links to ferrobotics_acf.egg-info/dependency_links.txt
[1.092s] writing entry points to ferrobotics_acf.egg-info/entry_points.txt
[1.092s] writing requirements to ferrobotics_acf.egg-info/requires.txt
[1.092s] writing top-level names to ferrobotics_acf.egg-info/top_level.txt
[1.111s] reading manifest file 'ferrobotics_acf.egg-info/SOURCES.txt'
[1.112s] writing manifest file 'ferrobotics_acf.egg-info/SOURCES.txt'
[1.123s] running build_ext
[1.123s] Creating /home/zzy/ur_real/install/ferrobotics_acf/lib/python3.10/site-packages/ferrobotics-acf.egg-link (link to .)
[1.123s] Installing acf script to /home/zzy/ur_real/install/ferrobotics_acf/lib/ferrobotics_acf
[1.123s] 
[1.123s] Installed /home/zzy/ur_real/build/ferrobotics_acf
[1.123s] running symlink_data
[1.124s] symbolically linking /home/zzy/ur_real/build/ferrobotics_acf/resource/ferrobotics_acf -> /home/zzy/ur_real/install/ferrobotics_acf/share/ament_index/resource_index/packages
[1.124s] symbolically linking /home/zzy/ur_real/build/ferrobotics_acf/package.xml -> /home/zzy/ur_real/install/ferrobotics_acf/share/ferrobotics_acf
[1.144s] Invoked command in '/home/zzy/ur_real/build/ferrobotics_acf' returned '0': PYTHONPATH=/home/zzy/ur_real/build/ferrobotics_acf/prefix_override:/home/zzy/.local/lib/python3.10/site-packages/colcon_core/task/python/colcon_distutils_commands:/home/zzy/ur_real/install/ferrobotics_acf/lib/python3.10/site-packages:${PYTHONPATH} /usr/bin/python3 -W ignore:setup.py install is deprecated setup.py develop --editable --build-directory /home/zzy/ur_real/build/ferrobotics_acf/build --no-deps symlink_data --force
