-- The C compiler identification is GNU 11.4.0
-- The CXX compiler identification is GNU 11.4.0
-- Detecting C compiler ABI info
-- Detecting C compiler ABI info - done
-- Check for working C compiler: /usr/bin/cc - skipped
-- Detecting C compile features
-- Detecting C compile features - done
-- Detecting CXX compiler ABI info
-- Detecting CXX compiler ABI info - done
-- Check for working CXX compiler: /usr/bin/c++ - skipped
-- Detecting CXX compile features
-- Detecting CXX compile features - done
-- Found ament_cmake: 1.3.9 (/opt/ros/humble/share/ament_cmake/cmake)
-- Found Python3: /home/zzy/anaconda3/bin/python3 (found version "3.11.7") found components: Interpreter 
-- Found rclcpp: 16.0.9 (/opt/ros/humble/share/rclcpp/cmake)
-- Found rosidl_generator_c: 3.1.5 (/opt/ros/humble/share/rosidl_generator_c/cmake)
-- Found rosidl_adapter: 3.1.5 (/opt/ros/humble/share/rosidl_adapter/cmake)
-- Found rosidl_generator_cpp: 3.1.5 (/opt/ros/humble/share/rosidl_generator_cpp/cmake)
-- Using all available rosidl_typesupport_c: rosidl_typesupport_fastrtps_c;rosidl_typesupport_introspection_c
-- Using all available rosidl_typesupport_cpp: rosidl_typesupport_fastrtps_cpp;rosidl_typesupport_introspection_cpp
-- Found rmw_implementation_cmake: 6.1.2 (/opt/ros/humble/share/rmw_implementation_cmake/cmake)
-- Found rmw_cyclonedds_cpp: 1.3.4 (/opt/ros/humble/share/rmw_cyclonedds_cpp/cmake)
-- Using RMW implementation 'rmw_cyclonedds_cpp' as default
-- Looking for pthread.h
-- Looking for pthread.h - found
-- Performing Test CMAKE_HAVE_LIBC_PTHREAD
-- Performing Test CMAKE_HAVE_LIBC_PTHREAD - Success
-- Found Threads: TRUE  
-- Found ament_lint_auto: 0.12.11 (/opt/ros/humble/share/ament_lint_auto/cmake)
-- Added test 'flake8' to check Python code syntax and style conventions
-- Added test 'lint_cmake' to check CMake code style
-- Added test 'pep257' to check Python code against some of the docstring style conventions in PEP 257
-- Added test 'xmllint' to check XML markup files
-- Configuring done
-- Generating done
-- Build files have been written to: /home/zzy/ur_real/build/ur10_moveit_config
-- Install configuration: ""
-- Installing: /home/zzy/ur_real/install/ur10_moveit_config/share/ur10_moveit_config//launch
-- Installing: /home/zzy/ur_real/install/ur10_moveit_config/share/ur10_moveit_config//launch/ur_moveit.launch.py
-- Installing: /home/zzy/ur_real/install/ur10_moveit_config/share/ur10_moveit_config/config
-- Installing: /home/zzy/ur_real/install/ur10_moveit_config/share/ur10_moveit_config/config/ompl_planning.yaml
-- Installing: /home/zzy/ur_real/install/ur10_moveit_config/share/ur10_moveit_config/config/kinematics.yaml
-- Installing: /home/zzy/ur_real/install/ur10_moveit_config/share/ur10_moveit_config/config/ur_servo.yaml
-- Installing: /home/zzy/ur_real/install/ur10_moveit_config/share/ur10_moveit_config/config/joint_limits.yaml
-- Installing: /home/zzy/ur_real/install/ur10_moveit_config/share/ur10_moveit_config/config/controllers.yaml
-- Installing: /home/zzy/ur_real/install/ur10_moveit_config/share/ur10_moveit_config/srdf
-- Installing: /home/zzy/ur_real/install/ur10_moveit_config/share/ur10_moveit_config/srdf/ur_macro.srdf.xacro
-- Installing: /home/zzy/ur_real/install/ur10_moveit_config/share/ur10_moveit_config/srdf/ur.srdf.xacro
-- Installing: /home/zzy/ur_real/install/ur10_moveit_config/share/ament_index/resource_index/package_run_dependencies/ur10_moveit_config
-- Installing: /home/zzy/ur_real/install/ur10_moveit_config/share/ament_index/resource_index/parent_prefix_path/ur10_moveit_config
-- Installing: /home/zzy/ur_real/install/ur10_moveit_config/share/ur10_moveit_config/environment/ament_prefix_path.sh
-- Installing: /home/zzy/ur_real/install/ur10_moveit_config/share/ur10_moveit_config/environment/ament_prefix_path.dsv
-- Installing: /home/zzy/ur_real/install/ur10_moveit_config/share/ur10_moveit_config/environment/path.sh
-- Installing: /home/zzy/ur_real/install/ur10_moveit_config/share/ur10_moveit_config/environment/path.dsv
-- Installing: /home/zzy/ur_real/install/ur10_moveit_config/share/ur10_moveit_config/local_setup.bash
-- Installing: /home/zzy/ur_real/install/ur10_moveit_config/share/ur10_moveit_config/local_setup.sh
-- Installing: /home/zzy/ur_real/install/ur10_moveit_config/share/ur10_moveit_config/local_setup.zsh
-- Installing: /home/zzy/ur_real/install/ur10_moveit_config/share/ur10_moveit_config/local_setup.dsv
-- Installing: /home/zzy/ur_real/install/ur10_moveit_config/share/ur10_moveit_config/package.dsv
-- Installing: /home/zzy/ur_real/install/ur10_moveit_config/share/ament_index/resource_index/packages/ur10_moveit_config
-- Installing: /home/zzy/ur_real/install/ur10_moveit_config/share/ur10_moveit_config/cmake/ur10_moveit_configConfig.cmake
-- Installing: /home/zzy/ur_real/install/ur10_moveit_config/share/ur10_moveit_config/cmake/ur10_moveit_configConfig-version.cmake
-- Installing: /home/zzy/ur_real/install/ur10_moveit_config/share/ur10_moveit_config/package.xml
