[0.005s] Invoking command in '/home/zzy/ur_real/build/ur10_moveit_config': CMAKE_PREFIX_PATH=/opt/ros/humble CONDA_PROMPT_MODIFIER=(base) /usr/bin/cmake /home/zzy/ur_real/src/ur10_moveit_config -DCMAKE_INSTALL_PREFIX=/home/zzy/ur_real/install/ur10_moveit_config
[0.041s] -- The C compiler identification is GNU 11.4.0
[0.087s] -- The CXX compiler identification is GNU 11.4.0
[0.091s] -- Detecting C compiler ABI info
[0.157s] -- Detecting C compiler ABI info - done
[0.166s] -- Check for working C compiler: /usr/bin/cc - skipped
[0.167s] -- Detecting C compile features
[0.167s] -- Detecting C compile features - done
[0.171s] -- Detecting CXX compiler ABI info
[0.254s] -- Detecting CXX compiler ABI info - done
[0.260s] -- Check for working CXX compiler: /usr/bin/c++ - skipped
[0.260s] -- Detecting CXX compile features
[0.260s] -- Detecting CXX compile features - done
[0.262s] -- Found ament_cmake: 1.3.9 (/opt/ros/humble/share/ament_cmake/cmake)
[0.482s] -- Found Python3: /home/zzy/anaconda3/bin/python3 (found version "3.11.7") found components: Interpreter 
[0.541s] -- Found rclcpp: 16.0.9 (/opt/ros/humble/share/rclcpp/cmake)
[0.568s] -- Found rosidl_generator_c: 3.1.5 (/opt/ros/humble/share/rosidl_generator_c/cmake)
[0.571s] -- Found rosidl_adapter: 3.1.5 (/opt/ros/humble/share/rosidl_adapter/cmake)
[0.576s] -- Found rosidl_generator_cpp: 3.1.5 (/opt/ros/humble/share/rosidl_generator_cpp/cmake)
[0.585s] -- Using all available rosidl_typesupport_c: rosidl_typesupport_fastrtps_c;rosidl_typesupport_introspection_c
[0.597s] -- Using all available rosidl_typesupport_cpp: rosidl_typesupport_fastrtps_cpp;rosidl_typesupport_introspection_cpp
[0.641s] -- Found rmw_implementation_cmake: 6.1.2 (/opt/ros/humble/share/rmw_implementation_cmake/cmake)
[0.643s] -- Found rmw_cyclonedds_cpp: 1.3.4 (/opt/ros/humble/share/rmw_cyclonedds_cpp/cmake)
[0.663s] -- Using RMW implementation 'rmw_cyclonedds_cpp' as default
[0.670s] -- Looking for pthread.h
[0.725s] -- Looking for pthread.h - found
[0.725s] -- Performing Test CMAKE_HAVE_LIBC_PTHREAD
[0.796s] -- Performing Test CMAKE_HAVE_LIBC_PTHREAD - Success
[0.797s] -- Found Threads: TRUE  
[0.900s] -- Found ament_lint_auto: 0.12.11 (/opt/ros/humble/share/ament_lint_auto/cmake)
[0.963s] -- Added test 'flake8' to check Python code syntax and style conventions
[0.963s] -- Added test 'lint_cmake' to check CMake code style
[0.964s] -- Added test 'pep257' to check Python code against some of the docstring style conventions in PEP 257
[0.964s] -- Added test 'xmllint' to check XML markup files
[0.965s] -- Configuring done
[0.967s] -- Generating done
[0.968s] -- Build files have been written to: /home/zzy/ur_real/build/ur10_moveit_config
[0.974s] Invoked command in '/home/zzy/ur_real/build/ur10_moveit_config' returned '0': CMAKE_PREFIX_PATH=/opt/ros/humble CONDA_PROMPT_MODIFIER=(base) /usr/bin/cmake /home/zzy/ur_real/src/ur10_moveit_config -DCMAKE_INSTALL_PREFIX=/home/zzy/ur_real/install/ur10_moveit_config
[0.974s] Invoking command in '/home/zzy/ur_real/build/ur10_moveit_config': CMAKE_PREFIX_PATH=/opt/ros/humble CONDA_PROMPT_MODIFIER=(base) /usr/bin/cmake --build /home/zzy/ur_real/build/ur10_moveit_config -- -j24 -l24
[1.000s] Invoked command in '/home/zzy/ur_real/build/ur10_moveit_config' returned '0': CMAKE_PREFIX_PATH=/opt/ros/humble CONDA_PROMPT_MODIFIER=(base) /usr/bin/cmake --build /home/zzy/ur_real/build/ur10_moveit_config -- -j24 -l24
[1.034s] Invoking command in '/home/zzy/ur_real/build/ur10_moveit_config': CMAKE_PREFIX_PATH=/opt/ros/humble CONDA_PROMPT_MODIFIER=(base) /usr/bin/cmake --install /home/zzy/ur_real/build/ur10_moveit_config
[1.040s] -- Install configuration: ""
[1.040s] -- Installing: /home/zzy/ur_real/install/ur10_moveit_config/share/ur10_moveit_config//launch
[1.040s] -- Installing: /home/zzy/ur_real/install/ur10_moveit_config/share/ur10_moveit_config//launch/ur_moveit.launch.py
[1.040s] -- Installing: /home/zzy/ur_real/install/ur10_moveit_config/share/ur10_moveit_config/config
[1.040s] -- Installing: /home/zzy/ur_real/install/ur10_moveit_config/share/ur10_moveit_config/config/ompl_planning.yaml
[1.040s] -- Installing: /home/zzy/ur_real/install/ur10_moveit_config/share/ur10_moveit_config/config/kinematics.yaml
[1.040s] -- Installing: /home/zzy/ur_real/install/ur10_moveit_config/share/ur10_moveit_config/config/ur_servo.yaml
[1.040s] -- Installing: /home/zzy/ur_real/install/ur10_moveit_config/share/ur10_moveit_config/config/joint_limits.yaml
[1.041s] -- Installing: /home/zzy/ur_real/install/ur10_moveit_config/share/ur10_moveit_config/config/controllers.yaml
[1.041s] -- Installing: /home/zzy/ur_real/install/ur10_moveit_config/share/ur10_moveit_config/srdf
[1.041s] -- Installing: /home/zzy/ur_real/install/ur10_moveit_config/share/ur10_moveit_config/srdf/ur_macro.srdf.xacro
[1.041s] -- Installing: /home/zzy/ur_real/install/ur10_moveit_config/share/ur10_moveit_config/srdf/ur.srdf.xacro
[1.041s] -- Installing: /home/zzy/ur_real/install/ur10_moveit_config/share/ament_index/resource_index/package_run_dependencies/ur10_moveit_config
[1.041s] -- Installing: /home/zzy/ur_real/install/ur10_moveit_config/share/ament_index/resource_index/parent_prefix_path/ur10_moveit_config
[1.041s] -- Installing: /home/zzy/ur_real/install/ur10_moveit_config/share/ur10_moveit_config/environment/ament_prefix_path.sh
[1.041s] -- Installing: /home/zzy/ur_real/install/ur10_moveit_config/share/ur10_moveit_config/environment/ament_prefix_path.dsv
[1.041s] -- Installing: /home/zzy/ur_real/install/ur10_moveit_config/share/ur10_moveit_config/environment/path.sh
[1.041s] -- Installing: /home/zzy/ur_real/install/ur10_moveit_config/share/ur10_moveit_config/environment/path.dsv
[1.041s] -- Installing: /home/zzy/ur_real/install/ur10_moveit_config/share/ur10_moveit_config/local_setup.bash
[1.041s] -- Installing: /home/zzy/ur_real/install/ur10_moveit_config/share/ur10_moveit_config/local_setup.sh
[1.041s] -- Installing: /home/zzy/ur_real/install/ur10_moveit_config/share/ur10_moveit_config/local_setup.zsh
[1.041s] -- Installing: /home/zzy/ur_real/install/ur10_moveit_config/share/ur10_moveit_config/local_setup.dsv
[1.041s] -- Installing: /home/zzy/ur_real/install/ur10_moveit_config/share/ur10_moveit_config/package.dsv
[1.041s] -- Installing: /home/zzy/ur_real/install/ur10_moveit_config/share/ament_index/resource_index/packages/ur10_moveit_config
[1.041s] -- Installing: /home/zzy/ur_real/install/ur10_moveit_config/share/ur10_moveit_config/cmake/ur10_moveit_configConfig.cmake
[1.041s] -- Installing: /home/zzy/ur_real/install/ur10_moveit_config/share/ur10_moveit_config/cmake/ur10_moveit_configConfig-version.cmake
[1.041s] -- Installing: /home/zzy/ur_real/install/ur10_moveit_config/share/ur10_moveit_config/package.xml
[1.042s] Invoked command in '/home/zzy/ur_real/build/ur10_moveit_config' returned '0': CMAKE_PREFIX_PATH=/opt/ros/humble CONDA_PROMPT_MODIFIER=(base) /usr/bin/cmake --install /home/zzy/ur_real/build/ur10_moveit_config
