[0.169s] Invoking command in '/home/zzy/ur_real/build/ur_bringup': CMAKE_PREFIX_PATH=${CMAKE_PREFIX_PATH}:/home/zzy/ur_real/install/ur10_vel:/opt/ros/humble CONDA_PROMPT_MODIFIER=(base) /usr/bin/cmake /home/zzy/ur_real/src/ur_bringup -DAMENT_CMAKE_SYMLINK_INSTALL=1 -DCMAKE_INSTALL_PREFIX=/home/zzy/ur_real/install/ur_bringup
[0.176s] -- Found ament_cmake: 1.3.9 (/opt/ros/humble/share/ament_cmake/cmake)
[0.259s] -- Override CMake install command with custom implementation using symlinks instead of copying resources
[0.263s] -- Found rclcpp: 16.0.9 (/opt/ros/humble/share/rclcpp/cmake)
[0.282s] -- Found rosidl_generator_c: 3.1.5 (/opt/ros/humble/share/rosidl_generator_c/cmake)
[0.284s] -- Found rosidl_adapter: 3.1.5 (/opt/ros/humble/share/rosidl_adapter/cmake)
[0.287s] -- Found rosidl_generator_cpp: 3.1.5 (/opt/ros/humble/share/rosidl_generator_cpp/cmake)
[0.294s] -- Using all available rosidl_typesupport_c: rosidl_typesupport_fastrtps_c;rosidl_typesupport_introspection_c
[0.304s] -- Using all available rosidl_typesupport_cpp: rosidl_typesupport_fastrtps_cpp;rosidl_typesupport_introspection_cpp
[0.342s] -- Found rmw_implementation_cmake: 6.1.2 (/opt/ros/humble/share/rmw_implementation_cmake/cmake)
[0.343s] -- Found rmw_cyclonedds_cpp: 1.3.4 (/opt/ros/humble/share/rmw_cyclonedds_cpp/cmake)
[0.361s] -- Using RMW implementation 'rmw_cyclonedds_cpp' as default
[0.463s] -- Found sensor_msgs: 4.2.4 (/opt/ros/humble/share/sensor_msgs/cmake)
[0.544s] -- Found moveit_ros_planning_interface: 2.5.5 (/opt/ros/humble/share/moveit_ros_planning_interface/cmake)
[0.552s] -- Found Boost: /home/zzy/anaconda3/lib/cmake/Boost-1.82.0/BoostConfig.cmake (found version "1.82.0") found components: date_time filesystem program_options system thread 
[1.016s] -- Found Boost: /home/zzy/anaconda3/lib/cmake/Boost-1.82.0/BoostConfig.cmake (found version "1.82.0") found components: chrono date_time filesystem iostreams program_options regex serialization system thread 
[1.021s] -- Found parameter_traits: 0.3.8 (/opt/ros/humble/share/parameter_traits/cmake)
[1.029s] -- Found rclcpp_lifecycle: 16.0.9 (/opt/ros/humble/share/rclcpp_lifecycle/cmake)
[1.058s] -- Found Boost: /home/zzy/anaconda3/lib/cmake/Boost-1.82.0/BoostConfig.cmake (found version "1.82.0") found components: filesystem 
[1.084s] -- library: /usr/lib/x86_64-linux-gnu/libcurl.so
[1.188s] -- Ensuring Eigen3 include directory is part of orocos-kdl CMake target
[1.529s] -- Found Boost: /home/zzy/anaconda3/lib/cmake/Boost-1.82.0/BoostConfig.cmake (found version "1.82.0") found components: system filesystem date_time program_options thread chrono 
[1.891s] -- Found Boost: /home/zzy/anaconda3/lib/cmake/Boost-1.82.0/BoostConfig.cmake (found version "1.82.0") found components: thread system filesystem regex date_time program_options 
[2.060s] -- Found Boost: /home/zzy/anaconda3/lib/cmake/Boost-1.82.0/BoostConfig.cmake (found version "1.82.0") found components: system filesystem date_time program_options thread 
[2.342s] -- Found ament_lint_auto: 0.12.11 (/opt/ros/humble/share/ament_lint_auto/cmake)
[2.404s] -- Added test 'cppcheck' to perform static code analysis on C / C++ code
[2.404s] -- Configured cppcheck include dirs: 
[2.405s] -- Configured cppcheck exclude dirs and/or files: 
[2.405s] -- Added test 'flake8' to check Python code syntax and style conventions
[2.406s] -- Added test 'lint_cmake' to check CMake code style
[2.406s] -- Added test 'pep257' to check Python code against some of the docstring style conventions in PEP 257
[2.409s] -- Added test 'uncrustify' to check C / C++ code style
[2.409s] -- Configured uncrustify additional arguments: 
[2.409s] -- Added test 'xmllint' to check XML markup files
[2.410s] -- Configuring done
[2.414s] -- Generating done
[2.415s] -- Build files have been written to: /home/zzy/ur_real/build/ur_bringup
[2.422s] Invoked command in '/home/zzy/ur_real/build/ur_bringup' returned '0': CMAKE_PREFIX_PATH=${CMAKE_PREFIX_PATH}:/home/zzy/ur_real/install/ur10_vel:/opt/ros/humble CONDA_PROMPT_MODIFIER=(base) /usr/bin/cmake /home/zzy/ur_real/src/ur_bringup -DAMENT_CMAKE_SYMLINK_INSTALL=1 -DCMAKE_INSTALL_PREFIX=/home/zzy/ur_real/install/ur_bringup
[2.423s] Invoking command in '/home/zzy/ur_real/build/ur_bringup': CMAKE_PREFIX_PATH=${CMAKE_PREFIX_PATH}:/home/zzy/ur_real/install/ur10_vel:/opt/ros/humble CONDA_PROMPT_MODIFIER=(base) /usr/bin/cmake --build /home/zzy/ur_real/build/ur_bringup -- -j24 -l24
[2.455s] Invoked command in '/home/zzy/ur_real/build/ur_bringup' returned '0': CMAKE_PREFIX_PATH=${CMAKE_PREFIX_PATH}:/home/zzy/ur_real/install/ur10_vel:/opt/ros/humble CONDA_PROMPT_MODIFIER=(base) /usr/bin/cmake --build /home/zzy/ur_real/build/ur_bringup -- -j24 -l24
[2.484s] Invoking command in '/home/zzy/ur_real/build/ur_bringup': CMAKE_PREFIX_PATH=${CMAKE_PREFIX_PATH}:/home/zzy/ur_real/install/ur10_vel:/opt/ros/humble CONDA_PROMPT_MODIFIER=(base) /usr/bin/cmake --install /home/zzy/ur_real/build/ur_bringup
[2.495s] -- Install configuration: ""
[2.496s] -- Execute custom install script
[2.496s] -- Up-to-date symlink: /home/zzy/ur_real/install/ur_bringup/share/ur_bringup//launch/fake_ur_driver.launch.py
[2.496s] -- Up-to-date symlink: /home/zzy/ur_real/install/ur_bringup/share/ur_bringup//launch/joint_velocity_controller.launch.py
[2.496s] -- Up-to-date symlink: /home/zzy/ur_real/install/ur_bringup/share/ur_bringup//launch/ur10_driver.launch.py
[2.497s] -- Up-to-date symlink: /home/zzy/ur_real/install/ur_bringup/share/ur_bringup/config/test_goal_publishers_config.yaml
[2.497s] -- Up-to-date symlink: /home/zzy/ur_real/install/ur_bringup/share/ur_bringup/config/test_velocity_goal_publishers_config.yaml
[2.497s] -- Up-to-date symlink: /home/zzy/ur_real/install/ur_bringup/share/ur_bringup/config/ur10_update_rate.yaml
[2.497s] -- Up-to-date symlink: /home/zzy/ur_real/install/ur_bringup/share/ur_bringup/config/ur_controllers.yaml
[2.497s] -- Up-to-date symlink: /home/zzy/ur_real/install/ur_bringup/share/ament_index/resource_index/package_run_dependencies/ur_bringup
[2.497s] -- Up-to-date symlink: /home/zzy/ur_real/install/ur_bringup/share/ament_index/resource_index/parent_prefix_path/ur_bringup
[2.498s] -- Up-to-date symlink: /home/zzy/ur_real/install/ur_bringup/share/ur_bringup/environment/ament_prefix_path.sh
[2.498s] -- Up-to-date symlink: /home/zzy/ur_real/install/ur_bringup/share/ur_bringup/environment/ament_prefix_path.dsv
[2.498s] -- Up-to-date symlink: /home/zzy/ur_real/install/ur_bringup/share/ur_bringup/environment/path.sh
[2.498s] -- Up-to-date symlink: /home/zzy/ur_real/install/ur_bringup/share/ur_bringup/environment/path.dsv
[2.498s] -- Up-to-date symlink: /home/zzy/ur_real/install/ur_bringup/share/ur_bringup/local_setup.bash
[2.498s] -- Up-to-date symlink: /home/zzy/ur_real/install/ur_bringup/share/ur_bringup/local_setup.sh
[2.498s] -- Up-to-date symlink: /home/zzy/ur_real/install/ur_bringup/share/ur_bringup/local_setup.zsh
[2.498s] -- Up-to-date symlink: /home/zzy/ur_real/install/ur_bringup/share/ur_bringup/local_setup.dsv
[2.498s] -- Symlinking: /home/zzy/ur_real/install/ur_bringup/share/ur_bringup/package.dsv
[2.508s] -- Up-to-date symlink: /home/zzy/ur_real/install/ur_bringup/share/ament_index/resource_index/packages/ur_bringup
[2.508s] -- Up-to-date symlink: /home/zzy/ur_real/install/ur_bringup/share/ur_bringup/cmake/ur_bringupConfig.cmake
[2.508s] -- Up-to-date symlink: /home/zzy/ur_real/install/ur_bringup/share/ur_bringup/cmake/ur_bringupConfig-version.cmake
[2.508s] -- Up-to-date symlink: /home/zzy/ur_real/install/ur_bringup/share/ur_bringup/package.xml
[2.511s] Invoked command in '/home/zzy/ur_real/build/ur_bringup' returned '0': CMAKE_PREFIX_PATH=${CMAKE_PREFIX_PATH}:/home/zzy/ur_real/install/ur10_vel:/opt/ros/humble CONDA_PROMPT_MODIFIER=(base) /usr/bin/cmake --install /home/zzy/ur_real/build/ur_bringup
