-- Found ament_cmake: 1.3.9 (/opt/ros/humble/share/ament_cmake/cmake)
-- Override CMake install command with custom implementation using symlinks instead of copying resources
-- Found rclcpp: 16.0.9 (/opt/ros/humble/share/rclcpp/cmake)
-- Found rosidl_generator_c: 3.1.5 (/opt/ros/humble/share/rosidl_generator_c/cmake)
-- Found rosidl_adapter: 3.1.5 (/opt/ros/humble/share/rosidl_adapter/cmake)
-- Found rosidl_generator_cpp: 3.1.5 (/opt/ros/humble/share/rosidl_generator_cpp/cmake)
-- Using all available rosidl_typesupport_c: rosidl_typesupport_fastrtps_c;rosidl_typesupport_introspection_c
-- Using all available rosidl_typesupport_cpp: rosidl_typesupport_fastrtps_cpp;rosidl_typesupport_introspection_cpp
-- Found rmw_implementation_cmake: 6.1.2 (/opt/ros/humble/share/rmw_implementation_cmake/cmake)
-- Found rmw_cyclonedds_cpp: 1.3.4 (/opt/ros/humble/share/rmw_cyclonedds_cpp/cmake)
-- Using RMW implementation 'rmw_cyclonedds_cpp' as default
-- Found rclpy: 3.3.13 (/opt/ros/humble/share/rclpy/cmake)
-- Found rosidl_default_generators: 1.2.0 (/opt/ros/humble/share/rosidl_default_generators/cmake)
-- Found ament_cmake_ros: 0.10.0 (/opt/ros/humble/share/ament_cmake_ros/cmake)
-- Using all available rosidl_typesupport_c: rosidl_typesupport_fastrtps_c;rosidl_typesupport_introspection_c
-- Using all available rosidl_typesupport_cpp: rosidl_typesupport_fastrtps_cpp;rosidl_typesupport_introspection_cpp
-- Found PythonInterp: /home/zzy/.pyenv/shims/python3 (found suitable version "3.10.12", minimum required is "3.6") 
-- Found python_cmake_module: 0.10.0 (/opt/ros/humble/share/python_cmake_module/cmake)
-- Found PythonLibs: /usr/lib/x86_64-linux-gnu/libpython3.10.so (found suitable version "3.10.12", minimum required is "3.5") 
-- Using PYTHON_EXECUTABLE: /home/zzy/.pyenv/shims/python3
-- Using PYTHON_INCLUDE_DIRS: /usr/include/python3.10
-- Using PYTHON_LIBRARIES: /usr/lib/x86_64-linux-gnu/libpython3.10.so
-- Found PythonExtra: .so  
-- Found ament_lint_auto: 0.12.11 (/opt/ros/humble/share/ament_lint_auto/cmake)
-- Added test 'cppcheck' to perform static code analysis on C / C++ code
-- Configured cppcheck include dirs: 
-- Configured cppcheck exclude dirs and/or files: 
-- Added test 'flake8' to check Python code syntax and style conventions
-- Added test 'lint_cmake' to check CMake code style
-- Added test 'pep257' to check Python code against some of the docstring style conventions in PEP 257
-- Added test 'uncrustify' to check C / C++ code style
-- Configured uncrustify additional arguments: 
-- Added test 'xmllint' to check XML markup files
-- Configuring done
-- Generating done
-- Build files have been written to: /home/zzy/ur_real/build/ferrobotics
[  2%] [34m[1mGenerating C code for ROS interfaces[0m
[  4%] [34m[1mGenerating C++ code for ROS interfaces[0m
[  4%] Built target ament_cmake_python_symlink_ferrobotics
running egg_info
creating ferrobotics.egg-info
writing ferrobotics.egg-info/PKG-INFO
writing dependency_links to ferrobotics.egg-info/dependency_links.txt
writing top-level names to ferrobotics.egg-info/top_level.txt
writing manifest file 'ferrobotics.egg-info/SOURCES.txt'
reading manifest file 'ferrobotics.egg-info/SOURCES.txt'
writing manifest file 'ferrobotics.egg-info/SOURCES.txt'
[  4%] Built target ament_cmake_python_build_ferrobotics_egg
[  4%] Built target ferrobotics__cpp
[  6%] [34m[1mGenerating C++ type support dispatch for ROS interfaces[0m
[  8%] [34m[1mGenerating C++ type support for eProsima Fast-RTPS[0m
[ 10%] [34m[1mGenerating C++ introspection for ROS interfaces[0m
[ 12%] [32mBuilding C object CMakeFiles/ferrobotics__rosidl_generator_c.dir/rosidl_generator_c/ferrobotics/msg/detail/acf_telem__functions.c.o[0m
[ 14%] [32mBuilding C object CMakeFiles/ferrobotics__rosidl_generator_c.dir/rosidl_generator_c/ferrobotics/srv/detail/set_float__functions.c.o[0m
[ 17%] [32mBuilding C object CMakeFiles/ferrobotics__rosidl_generator_c.dir/rosidl_generator_c/ferrobotics/srv/detail/set_duration__functions.c.o[0m
[ 19%] [32m[1mLinking C shared library libferrobotics__rosidl_generator_c.so[0m
[ 19%] Built target ferrobotics__rosidl_generator_c
[ 25%] [34m[1mGenerating C type support for eProsima Fast-RTPS[0m
[ 25%] [34m[1mGenerating C introspection for ROS interfaces[0m
[ 25%] [34m[1mGenerating C type support dispatch for ROS interfaces[0m
[ 27%] [32mBuilding CXX object CMakeFiles/ferrobotics__rosidl_typesupport_cpp.dir/rosidl_typesupport_cpp/ferrobotics/msg/acf_telem__type_support.cpp.o[0m
[ 29%] [32mBuilding CXX object CMakeFiles/ferrobotics__rosidl_typesupport_cpp.dir/rosidl_typesupport_cpp/ferrobotics/srv/set_float__type_support.cpp.o[0m
[ 31%] [32mBuilding CXX object CMakeFiles/ferrobotics__rosidl_typesupport_cpp.dir/rosidl_typesupport_cpp/ferrobotics/srv/set_duration__type_support.cpp.o[0m
[ 34%] [32mBuilding CXX object CMakeFiles/ferrobotics__rosidl_typesupport_introspection_cpp.dir/rosidl_typesupport_introspection_cpp/ferrobotics/msg/detail/acf_telem__type_support.cpp.o[0m
[ 38%] [32mBuilding CXX object CMakeFiles/ferrobotics__rosidl_typesupport_introspection_cpp.dir/rosidl_typesupport_introspection_cpp/ferrobotics/srv/detail/set_duration__type_support.cpp.o[0m
[ 38%] [32mBuilding CXX object CMakeFiles/ferrobotics__rosidl_typesupport_introspection_cpp.dir/rosidl_typesupport_introspection_cpp/ferrobotics/srv/detail/set_float__type_support.cpp.o[0m
[ 42%] [32mBuilding CXX object CMakeFiles/ferrobotics__rosidl_typesupport_fastrtps_cpp.dir/rosidl_typesupport_fastrtps_cpp/ferrobotics/msg/detail/dds_fastrtps/acf_telem__type_support.cpp.o[0m
[ 42%] [32mBuilding CXX object CMakeFiles/ferrobotics__rosidl_typesupport_fastrtps_cpp.dir/rosidl_typesupport_fastrtps_cpp/ferrobotics/srv/detail/dds_fastrtps/set_float__type_support.cpp.o[0m
[ 44%] [32mBuilding CXX object CMakeFiles/ferrobotics__rosidl_typesupport_fastrtps_cpp.dir/rosidl_typesupport_fastrtps_cpp/ferrobotics/srv/detail/dds_fastrtps/set_duration__type_support.cpp.o[0m
[ 46%] [32mBuilding CXX object CMakeFiles/ferrobotics__rosidl_typesupport_c.dir/rosidl_typesupport_c/ferrobotics/msg/acf_telem__type_support.cpp.o[0m
[ 48%] [32mBuilding CXX object CMakeFiles/ferrobotics__rosidl_typesupport_c.dir/rosidl_typesupport_c/ferrobotics/srv/set_float__type_support.cpp.o[0m
[ 51%] [32mBuilding CXX object CMakeFiles/ferrobotics__rosidl_typesupport_c.dir/rosidl_typesupport_c/ferrobotics/srv/set_duration__type_support.cpp.o[0m
[ 53%] [32m[1mLinking CXX shared library libferrobotics__rosidl_typesupport_c.so[0m
[ 53%] Built target ferrobotics__rosidl_typesupport_c
[ 57%] [32mBuilding C object CMakeFiles/ferrobotics__rosidl_typesupport_introspection_c.dir/rosidl_typesupport_introspection_c/ferrobotics/msg/detail/acf_telem__type_support.c.o[0m
[ 57%] [32mBuilding C object CMakeFiles/ferrobotics__rosidl_typesupport_introspection_c.dir/rosidl_typesupport_introspection_c/ferrobotics/srv/detail/set_duration__type_support.c.o[0m
[ 59%] [32mBuilding C object CMakeFiles/ferrobotics__rosidl_typesupport_introspection_c.dir/rosidl_typesupport_introspection_c/ferrobotics/srv/detail/set_float__type_support.c.o[0m
[ 63%] [32mBuilding CXX object CMakeFiles/ferrobotics__rosidl_typesupport_fastrtps_c.dir/rosidl_typesupport_fastrtps_c/ferrobotics/msg/detail/acf_telem__type_support_c.cpp.o[0m
[ 63%] [32mBuilding CXX object CMakeFiles/ferrobotics__rosidl_typesupport_fastrtps_c.dir/rosidl_typesupport_fastrtps_c/ferrobotics/srv/detail/set_duration__type_support_c.cpp.o[0m
[ 65%] [32mBuilding CXX object CMakeFiles/ferrobotics__rosidl_typesupport_fastrtps_c.dir/rosidl_typesupport_fastrtps_c/ferrobotics/srv/detail/set_float__type_support_c.cpp.o[0m
[ 68%] [32m[1mLinking C shared library libferrobotics__rosidl_typesupport_introspection_c.so[0m
[ 68%] Built target ferrobotics__rosidl_typesupport_introspection_c
[ 70%] [32m[1mLinking CXX shared library libferrobotics__rosidl_typesupport_cpp.so[0m
[ 70%] Built target ferrobotics__rosidl_typesupport_cpp
[ 72%] [32m[1mLinking CXX shared library libferrobotics__rosidl_typesupport_fastrtps_cpp.so[0m
[ 74%] [32m[1mLinking CXX shared library libferrobotics__rosidl_typesupport_fastrtps_c.so[0m
[ 76%] [32m[1mLinking CXX shared library libferrobotics__rosidl_typesupport_introspection_cpp.so[0m
[ 76%] Built target ferrobotics__rosidl_typesupport_fastrtps_cpp
[ 76%] Built target ferrobotics__rosidl_typesupport_fastrtps_c
[ 76%] Built target ferrobotics__rosidl_typesupport_introspection_cpp
[ 76%] Built target ferrobotics
[ 78%] [34m[1mGenerating Python code for ROS interfaces[0m
[ 78%] Built target ferrobotics__py
[ 80%] [32mBuilding C object CMakeFiles/ferrobotics__rosidl_generator_py.dir/rosidl_generator_py/ferrobotics/msg/_acf_telem_s.c.o[0m
[ 82%] [32mBuilding C object CMakeFiles/ferrobotics__rosidl_generator_py.dir/rosidl_generator_py/ferrobotics/srv/_set_float_s.c.o[0m
[ 85%] [32mBuilding C object CMakeFiles/ferrobotics__rosidl_generator_py.dir/rosidl_generator_py/ferrobotics/srv/_set_duration_s.c.o[0m
[ 87%] [32m[1mLinking C shared library rosidl_generator_py/ferrobotics/libferrobotics__rosidl_generator_py.so[0m
[ 87%] Built target ferrobotics__rosidl_generator_py
[ 89%] [32mBuilding C object CMakeFiles/ferrobotics__rosidl_typesupport_fastrtps_c__pyext.dir/rosidl_generator_py/ferrobotics/_ferrobotics_s.ep.rosidl_typesupport_fastrtps_c.c.o[0m
[ 91%] [32mBuilding C object CMakeFiles/ferrobotics__rosidl_typesupport_introspection_c__pyext.dir/rosidl_generator_py/ferrobotics/_ferrobotics_s.ep.rosidl_typesupport_introspection_c.c.o[0m
[ 93%] [32mBuilding C object CMakeFiles/ferrobotics__rosidl_typesupport_c__pyext.dir/rosidl_generator_py/ferrobotics/_ferrobotics_s.ep.rosidl_typesupport_c.c.o[0m
[100%] [32m[1mLinking C shared library rosidl_generator_py/ferrobotics/ferrobotics_s__rosidl_typesupport_introspection_c.cpython-310-x86_64-linux-gnu.so[0m
[100%] [32m[1mLinking C shared library rosidl_generator_py/ferrobotics/ferrobotics_s__rosidl_typesupport_fastrtps_c.cpython-310-x86_64-linux-gnu.so[0m
[100%] [32m[1mLinking C shared library rosidl_generator_py/ferrobotics/ferrobotics_s__rosidl_typesupport_c.cpython-310-x86_64-linux-gnu.so[0m
[100%] Built target ferrobotics__rosidl_typesupport_c__pyext
[100%] Built target ferrobotics__rosidl_typesupport_introspection_c__pyext
[100%] Built target ferrobotics__rosidl_typesupport_fastrtps_c__pyext
-- Install configuration: ""
-- Execute custom install script
-- Symlinking: /home/zzy/ur_real/install/ferrobotics/share/ament_index/resource_index/rosidl_interfaces/ferrobotics
-- Symlinking: /home/zzy/ur_real/install/ferrobotics/include/ferrobotics/ferrobotics/msg/acf_telem.h
-- Symlinking: /home/zzy/ur_real/install/ferrobotics/include/ferrobotics/ferrobotics/msg/detail/acf_telem__functions.h
-- Symlinking: /home/zzy/ur_real/install/ferrobotics/include/ferrobotics/ferrobotics/msg/detail/acf_telem__struct.h
-- Symlinking: /home/zzy/ur_real/install/ferrobotics/include/ferrobotics/ferrobotics/msg/detail/acf_telem__type_support.h
-- Symlinking: /home/zzy/ur_real/install/ferrobotics/include/ferrobotics/ferrobotics/msg/rosidl_generator_c__visibility_control.h
-- Symlinking: /home/zzy/ur_real/install/ferrobotics/include/ferrobotics/ferrobotics/srv/detail/set_duration__functions.h
-- Symlinking: /home/zzy/ur_real/install/ferrobotics/include/ferrobotics/ferrobotics/srv/detail/set_duration__struct.h
-- Symlinking: /home/zzy/ur_real/install/ferrobotics/include/ferrobotics/ferrobotics/srv/detail/set_duration__type_support.h
-- Symlinking: /home/zzy/ur_real/install/ferrobotics/include/ferrobotics/ferrobotics/srv/detail/set_float__functions.h
-- Symlinking: /home/zzy/ur_real/install/ferrobotics/include/ferrobotics/ferrobotics/srv/detail/set_float__struct.h
-- Symlinking: /home/zzy/ur_real/install/ferrobotics/include/ferrobotics/ferrobotics/srv/detail/set_float__type_support.h
-- Symlinking: /home/zzy/ur_real/install/ferrobotics/include/ferrobotics/ferrobotics/srv/set_duration.h
-- Symlinking: /home/zzy/ur_real/install/ferrobotics/include/ferrobotics/ferrobotics/srv/set_float.h
-- Symlinking: /home/zzy/ur_real/install/ferrobotics/share/ferrobotics/environment/library_path.sh
-- Symlinking: /home/zzy/ur_real/install/ferrobotics/share/ferrobotics/environment/library_path.dsv
-- Symlinking: /home/zzy/ur_real/install/ferrobotics/include/ferrobotics/ferrobotics/msg/detail/acf_telem__rosidl_typesupport_fastrtps_c.h
-- Symlinking: /home/zzy/ur_real/install/ferrobotics/include/ferrobotics/ferrobotics/msg/rosidl_typesupport_fastrtps_c__visibility_control.h
-- Symlinking: /home/zzy/ur_real/install/ferrobotics/include/ferrobotics/ferrobotics/srv/detail/set_duration__rosidl_typesupport_fastrtps_c.h
-- Symlinking: /home/zzy/ur_real/install/ferrobotics/include/ferrobotics/ferrobotics/srv/detail/set_float__rosidl_typesupport_fastrtps_c.h
-- Symlinking: /home/zzy/ur_real/install/ferrobotics/include/ferrobotics/ferrobotics/msg/acf_telem.hpp
-- Symlinking: /home/zzy/ur_real/install/ferrobotics/include/ferrobotics/ferrobotics/msg/detail/acf_telem__builder.hpp
-- Symlinking: /home/zzy/ur_real/install/ferrobotics/include/ferrobotics/ferrobotics/msg/detail/acf_telem__struct.hpp
-- Symlinking: /home/zzy/ur_real/install/ferrobotics/include/ferrobotics/ferrobotics/msg/detail/acf_telem__traits.hpp
-- Symlinking: /home/zzy/ur_real/install/ferrobotics/include/ferrobotics/ferrobotics/srv/detail/set_duration__builder.hpp
-- Symlinking: /home/zzy/ur_real/install/ferrobotics/include/ferrobotics/ferrobotics/srv/detail/set_duration__struct.hpp
-- Symlinking: /home/zzy/ur_real/install/ferrobotics/include/ferrobotics/ferrobotics/srv/detail/set_duration__traits.hpp
-- Symlinking: /home/zzy/ur_real/install/ferrobotics/include/ferrobotics/ferrobotics/srv/detail/set_float__builder.hpp
-- Symlinking: /home/zzy/ur_real/install/ferrobotics/include/ferrobotics/ferrobotics/srv/detail/set_float__struct.hpp
-- Symlinking: /home/zzy/ur_real/install/ferrobotics/include/ferrobotics/ferrobotics/srv/detail/set_float__traits.hpp
-- Symlinking: /home/zzy/ur_real/install/ferrobotics/include/ferrobotics/ferrobotics/srv/set_duration.hpp
-- Symlinking: /home/zzy/ur_real/install/ferrobotics/include/ferrobotics/ferrobotics/srv/set_float.hpp
-- Symlinking: /home/zzy/ur_real/install/ferrobotics/include/ferrobotics/ferrobotics/msg/detail/acf_telem__rosidl_typesupport_fastrtps_cpp.hpp
-- Symlinking: /home/zzy/ur_real/install/ferrobotics/include/ferrobotics/ferrobotics/msg/rosidl_typesupport_fastrtps_cpp__visibility_control.h
-- Symlinking: /home/zzy/ur_real/install/ferrobotics/include/ferrobotics/ferrobotics/srv/detail/set_duration__rosidl_typesupport_fastrtps_cpp.hpp
-- Symlinking: /home/zzy/ur_real/install/ferrobotics/include/ferrobotics/ferrobotics/srv/detail/set_float__rosidl_typesupport_fastrtps_cpp.hpp
-- Symlinking: /home/zzy/ur_real/install/ferrobotics/include/ferrobotics/ferrobotics/msg/detail/acf_telem__rosidl_typesupport_introspection_c.h
-- Symlinking: /home/zzy/ur_real/install/ferrobotics/include/ferrobotics/ferrobotics/msg/rosidl_typesupport_introspection_c__visibility_control.h
-- Symlinking: /home/zzy/ur_real/install/ferrobotics/include/ferrobotics/ferrobotics/srv/detail/set_duration__rosidl_typesupport_introspection_c.h
-- Symlinking: /home/zzy/ur_real/install/ferrobotics/include/ferrobotics/ferrobotics/srv/detail/set_float__rosidl_typesupport_introspection_c.h
-- Symlinking: /home/zzy/ur_real/install/ferrobotics/include/ferrobotics/ferrobotics/msg/detail/acf_telem__rosidl_typesupport_introspection_cpp.hpp
-- Symlinking: /home/zzy/ur_real/install/ferrobotics/include/ferrobotics/ferrobotics/srv/detail/set_duration__rosidl_typesupport_introspection_cpp.hpp
-- Symlinking: /home/zzy/ur_real/install/ferrobotics/include/ferrobotics/ferrobotics/srv/detail/set_float__rosidl_typesupport_introspection_cpp.hpp
-- Symlinking: /home/zzy/ur_real/install/ferrobotics/share/ferrobotics/environment/pythonpath.sh
-- Symlinking: /home/zzy/ur_real/install/ferrobotics/share/ferrobotics/environment/pythonpath.dsv
-- Symlinking: /home/zzy/ur_real/install/ferrobotics/local/lib/python3.10/dist-packages/ferrobotics-0.0.0-py3.10.egg-info/PKG-INFO
-- Symlinking: /home/zzy/ur_real/install/ferrobotics/local/lib/python3.10/dist-packages/ferrobotics-0.0.0-py3.10.egg-info/SOURCES.txt
-- Symlinking: /home/zzy/ur_real/install/ferrobotics/local/lib/python3.10/dist-packages/ferrobotics-0.0.0-py3.10.egg-info/dependency_links.txt
-- Symlinking: /home/zzy/ur_real/install/ferrobotics/local/lib/python3.10/dist-packages/ferrobotics-0.0.0-py3.10.egg-info/top_level.txt
-- Symlinking: /home/zzy/ur_real/install/ferrobotics/local/lib/python3.10/dist-packages/ferrobotics/__init__.py
-- Symlinking: /home/zzy/ur_real/install/ferrobotics/local/lib/python3.10/dist-packages/ferrobotics/_ferrobotics_s.ep.rosidl_typesupport_c.c
-- Symlinking: /home/zzy/ur_real/install/ferrobotics/local/lib/python3.10/dist-packages/ferrobotics/_ferrobotics_s.ep.rosidl_typesupport_fastrtps_c.c
-- Symlinking: /home/zzy/ur_real/install/ferrobotics/local/lib/python3.10/dist-packages/ferrobotics/_ferrobotics_s.ep.rosidl_typesupport_introspection_c.c
-- Symlinking: /home/zzy/ur_real/install/ferrobotics/local/lib/python3.10/dist-packages/ferrobotics/ferrobotics_s__rosidl_typesupport_c.cpython-310-x86_64-linux-gnu.so
-- Symlinking: /home/zzy/ur_real/install/ferrobotics/local/lib/python3.10/dist-packages/ferrobotics/ferrobotics_s__rosidl_typesupport_fastrtps_c.cpython-310-x86_64-linux-gnu.so
-- Symlinking: /home/zzy/ur_real/install/ferrobotics/local/lib/python3.10/dist-packages/ferrobotics/ferrobotics_s__rosidl_typesupport_introspection_c.cpython-310-x86_64-linux-gnu.so
-- Symlinking: /home/zzy/ur_real/install/ferrobotics/local/lib/python3.10/dist-packages/ferrobotics/libferrobotics__rosidl_generator_py.so
-- Symlinking: /home/zzy/ur_real/install/ferrobotics/local/lib/python3.10/dist-packages/ferrobotics/msg/__init__.py
-- Symlinking: /home/zzy/ur_real/install/ferrobotics/local/lib/python3.10/dist-packages/ferrobotics/msg/_acf_telem.py
-- Symlinking: /home/zzy/ur_real/install/ferrobotics/local/lib/python3.10/dist-packages/ferrobotics/msg/_acf_telem_s.c
-- Symlinking: /home/zzy/ur_real/install/ferrobotics/local/lib/python3.10/dist-packages/ferrobotics/srv/__init__.py
-- Symlinking: /home/zzy/ur_real/install/ferrobotics/local/lib/python3.10/dist-packages/ferrobotics/srv/_set_duration.py
-- Symlinking: /home/zzy/ur_real/install/ferrobotics/local/lib/python3.10/dist-packages/ferrobotics/srv/_set_duration_s.c
-- Symlinking: /home/zzy/ur_real/install/ferrobotics/local/lib/python3.10/dist-packages/ferrobotics/srv/_set_float.py
-- Symlinking: /home/zzy/ur_real/install/ferrobotics/local/lib/python3.10/dist-packages/ferrobotics/srv/_set_float_s.c
-- Up-to-date symlink: /home/zzy/ur_real/install/ferrobotics/local/lib/python3.10/dist-packages/ferrobotics/ferrobotics_s__rosidl_typesupport_fastrtps_c.cpython-310-x86_64-linux-gnu.so
-- Up-to-date symlink: /home/zzy/ur_real/install/ferrobotics/local/lib/python3.10/dist-packages/ferrobotics/ferrobotics_s__rosidl_typesupport_introspection_c.cpython-310-x86_64-linux-gnu.so
-- Up-to-date symlink: /home/zzy/ur_real/install/ferrobotics/local/lib/python3.10/dist-packages/ferrobotics/ferrobotics_s__rosidl_typesupport_c.cpython-310-x86_64-linux-gnu.so
-- Symlinking: /home/zzy/ur_real/install/ferrobotics/share/ferrobotics/msg/ACFTelem.idl
-- Symlinking: /home/zzy/ur_real/install/ferrobotics/share/ferrobotics/srv/SetFloat.idl
-- Symlinking: /home/zzy/ur_real/install/ferrobotics/share/ferrobotics/srv/SetDuration.idl
-- Symlinking: /home/zzy/ur_real/install/ferrobotics/share/ferrobotics/msg/ACFTelem.msg
-- Symlinking: /home/zzy/ur_real/install/ferrobotics/share/ferrobotics/srv/SetFloat.srv
-- Symlinking: /home/zzy/ur_real/install/ferrobotics/share/ferrobotics/srv/SetFloat_Request.msg
-- Symlinking: /home/zzy/ur_real/install/ferrobotics/share/ferrobotics/srv/SetFloat_Response.msg
-- Symlinking: /home/zzy/ur_real/install/ferrobotics/share/ferrobotics/srv/SetDuration.srv
-- Symlinking: /home/zzy/ur_real/install/ferrobotics/share/ferrobotics/srv/SetDuration_Request.msg
-- Symlinking: /home/zzy/ur_real/install/ferrobotics/share/ferrobotics/srv/SetDuration_Response.msg
-- Symlinking: /home/zzy/ur_real/install/ferrobotics/share/ferrobotics/srv/srv/SetDuration.srv
-- Symlinking: /home/zzy/ur_real/install/ferrobotics/share/ferrobotics/srv/srv/SetFloat.srv
-- Symlinking: /home/zzy/ur_real/install/ferrobotics/share/ferrobotics/msg/msg/ACFTelem.msg
-- Symlinking: /home/zzy/ur_real/install/ferrobotics/share/ament_index/resource_index/package_run_dependencies/ferrobotics
-- Symlinking: /home/zzy/ur_real/install/ferrobotics/share/ament_index/resource_index/parent_prefix_path/ferrobotics
-- Symlinking: /home/zzy/ur_real/install/ferrobotics/share/ferrobotics/environment/ament_prefix_path.sh
-- Symlinking: /home/zzy/ur_real/install/ferrobotics/share/ferrobotics/environment/ament_prefix_path.dsv
-- Symlinking: /home/zzy/ur_real/install/ferrobotics/share/ferrobotics/environment/path.sh
-- Symlinking: /home/zzy/ur_real/install/ferrobotics/share/ferrobotics/environment/path.dsv
-- Symlinking: /home/zzy/ur_real/install/ferrobotics/share/ferrobotics/local_setup.bash
-- Symlinking: /home/zzy/ur_real/install/ferrobotics/share/ferrobotics/local_setup.sh
-- Symlinking: /home/zzy/ur_real/install/ferrobotics/share/ferrobotics/local_setup.zsh
-- Symlinking: /home/zzy/ur_real/install/ferrobotics/share/ferrobotics/local_setup.dsv
-- Symlinking: /home/zzy/ur_real/install/ferrobotics/share/ferrobotics/package.dsv
-- Symlinking: /home/zzy/ur_real/install/ferrobotics/share/ament_index/resource_index/packages/ferrobotics
-- Symlinking: /home/zzy/ur_real/install/ferrobotics/share/ferrobotics/cmake/rosidl_cmake-extras.cmake
-- Symlinking: /home/zzy/ur_real/install/ferrobotics/share/ferrobotics/cmake/ament_cmake_export_dependencies-extras.cmake
-- Symlinking: /home/zzy/ur_real/install/ferrobotics/share/ferrobotics/cmake/ament_cmake_export_include_directories-extras.cmake
-- Symlinking: /home/zzy/ur_real/install/ferrobotics/share/ferrobotics/cmake/ament_cmake_export_libraries-extras.cmake
-- Symlinking: /home/zzy/ur_real/install/ferrobotics/share/ferrobotics/cmake/ament_cmake_export_targets-extras.cmake
-- Symlinking: /home/zzy/ur_real/install/ferrobotics/share/ferrobotics/cmake/rosidl_cmake_export_typesupport_targets-extras.cmake
-- Symlinking: /home/zzy/ur_real/install/ferrobotics/share/ferrobotics/cmake/rosidl_cmake_export_typesupport_libraries-extras.cmake
-- Symlinking: /home/zzy/ur_real/install/ferrobotics/share/ferrobotics/cmake/ferroboticsConfig.cmake
-- Symlinking: /home/zzy/ur_real/install/ferrobotics/share/ferrobotics/cmake/ferroboticsConfig-version.cmake
-- Symlinking: /home/zzy/ur_real/install/ferrobotics/share/ferrobotics/package.xml
-- Installing: /home/zzy/ur_real/install/ferrobotics/lib/libferrobotics__rosidl_generator_c.so
-- Set runtime path of "/home/zzy/ur_real/install/ferrobotics/lib/libferrobotics__rosidl_generator_c.so" to ""
-- Installing: /home/zzy/ur_real/install/ferrobotics/lib/libferrobotics__rosidl_typesupport_fastrtps_c.so
-- Set runtime path of "/home/zzy/ur_real/install/ferrobotics/lib/libferrobotics__rosidl_typesupport_fastrtps_c.so" to ""
-- Installing: /home/zzy/ur_real/install/ferrobotics/lib/libferrobotics__rosidl_typesupport_fastrtps_cpp.so
-- Set runtime path of "/home/zzy/ur_real/install/ferrobotics/lib/libferrobotics__rosidl_typesupport_fastrtps_cpp.so" to ""
-- Installing: /home/zzy/ur_real/install/ferrobotics/lib/libferrobotics__rosidl_typesupport_introspection_c.so
-- Set runtime path of "/home/zzy/ur_real/install/ferrobotics/lib/libferrobotics__rosidl_typesupport_introspection_c.so" to ""
-- Installing: /home/zzy/ur_real/install/ferrobotics/lib/libferrobotics__rosidl_typesupport_c.so
-- Set runtime path of "/home/zzy/ur_real/install/ferrobotics/lib/libferrobotics__rosidl_typesupport_c.so" to ""
-- Installing: /home/zzy/ur_real/install/ferrobotics/lib/libferrobotics__rosidl_typesupport_introspection_cpp.so
-- Set runtime path of "/home/zzy/ur_real/install/ferrobotics/lib/libferrobotics__rosidl_typesupport_introspection_cpp.so" to ""
-- Installing: /home/zzy/ur_real/install/ferrobotics/lib/libferrobotics__rosidl_typesupport_cpp.so
-- Set runtime path of "/home/zzy/ur_real/install/ferrobotics/lib/libferrobotics__rosidl_typesupport_cpp.so" to ""
Listing '/home/zzy/ur_real/install/ferrobotics/local/lib/python3.10/dist-packages/ferrobotics'...
Compiling '/home/zzy/ur_real/install/ferrobotics/local/lib/python3.10/dist-packages/ferrobotics/__init__.py'...
Listing '/home/zzy/ur_real/install/ferrobotics/local/lib/python3.10/dist-packages/ferrobotics/msg'...
Compiling '/home/zzy/ur_real/install/ferrobotics/local/lib/python3.10/dist-packages/ferrobotics/msg/__init__.py'...
Compiling '/home/zzy/ur_real/install/ferrobotics/local/lib/python3.10/dist-packages/ferrobotics/msg/_acf_telem.py'...
Listing '/home/zzy/ur_real/install/ferrobotics/local/lib/python3.10/dist-packages/ferrobotics/srv'...
Compiling '/home/zzy/ur_real/install/ferrobotics/local/lib/python3.10/dist-packages/ferrobotics/srv/__init__.py'...
Compiling '/home/zzy/ur_real/install/ferrobotics/local/lib/python3.10/dist-packages/ferrobotics/srv/_set_duration.py'...
Compiling '/home/zzy/ur_real/install/ferrobotics/local/lib/python3.10/dist-packages/ferrobotics/srv/_set_float.py'...
-- Installing: /home/zzy/ur_real/install/ferrobotics/lib/libferrobotics__rosidl_generator_py.so
-- Set runtime path of "/home/zzy/ur_real/install/ferrobotics/lib/libferrobotics__rosidl_generator_py.so" to ""
-- Installing: /home/zzy/ur_real/install/ferrobotics/share/ferrobotics/cmake/export_ferrobotics__rosidl_generator_cExport.cmake
-- Installing: /home/zzy/ur_real/install/ferrobotics/share/ferrobotics/cmake/export_ferrobotics__rosidl_generator_cExport-noconfig.cmake
-- Installing: /home/zzy/ur_real/install/ferrobotics/share/ferrobotics/cmake/export_ferrobotics__rosidl_typesupport_fastrtps_cExport.cmake
-- Installing: /home/zzy/ur_real/install/ferrobotics/share/ferrobotics/cmake/export_ferrobotics__rosidl_typesupport_fastrtps_cExport-noconfig.cmake
-- Installing: /home/zzy/ur_real/install/ferrobotics/share/ferrobotics/cmake/export_ferrobotics__rosidl_generator_cppExport.cmake
-- Installing: /home/zzy/ur_real/install/ferrobotics/share/ferrobotics/cmake/export_ferrobotics__rosidl_typesupport_fastrtps_cppExport.cmake
-- Installing: /home/zzy/ur_real/install/ferrobotics/share/ferrobotics/cmake/export_ferrobotics__rosidl_typesupport_fastrtps_cppExport-noconfig.cmake
-- Installing: /home/zzy/ur_real/install/ferrobotics/share/ferrobotics/cmake/ferrobotics__rosidl_typesupport_introspection_cExport.cmake
-- Installing: /home/zzy/ur_real/install/ferrobotics/share/ferrobotics/cmake/ferrobotics__rosidl_typesupport_introspection_cExport-noconfig.cmake
-- Installing: /home/zzy/ur_real/install/ferrobotics/share/ferrobotics/cmake/ferrobotics__rosidl_typesupport_cExport.cmake
-- Installing: /home/zzy/ur_real/install/ferrobotics/share/ferrobotics/cmake/ferrobotics__rosidl_typesupport_cExport-noconfig.cmake
-- Installing: /home/zzy/ur_real/install/ferrobotics/share/ferrobotics/cmake/ferrobotics__rosidl_typesupport_introspection_cppExport.cmake
-- Installing: /home/zzy/ur_real/install/ferrobotics/share/ferrobotics/cmake/ferrobotics__rosidl_typesupport_introspection_cppExport-noconfig.cmake
-- Installing: /home/zzy/ur_real/install/ferrobotics/share/ferrobotics/cmake/ferrobotics__rosidl_typesupport_cppExport.cmake
-- Installing: /home/zzy/ur_real/install/ferrobotics/share/ferrobotics/cmake/ferrobotics__rosidl_typesupport_cppExport-noconfig.cmake
-- Installing: /home/zzy/ur_real/install/ferrobotics/share/ferrobotics/cmake/export_ferrobotics__rosidl_generator_pyExport.cmake
-- Installing: /home/zzy/ur_real/install/ferrobotics/share/ferrobotics/cmake/export_ferrobotics__rosidl_generator_pyExport-noconfig.cmake
