-- Found ament_cmake: 1.3.9 (/opt/ros/humble/share/ament_cmake/cmake)
-- Override CMake install command with custom implementation using symlinks instead of copying resources
-- Found rclcpp: 16.0.9 (/opt/ros/humble/share/rclcpp/cmake)
-- Found rosidl_generator_c: 3.1.5 (/opt/ros/humble/share/rosidl_generator_c/cmake)
-- Found rosidl_adapter: 3.1.5 (/opt/ros/humble/share/rosidl_adapter/cmake)
-- Found rosidl_generator_cpp: 3.1.5 (/opt/ros/humble/share/rosidl_generator_cpp/cmake)
-- Using all available rosidl_typesupport_c: rosidl_typesupport_fastrtps_c;rosidl_typesupport_introspection_c
-- Using all available rosidl_typesupport_cpp: rosidl_typesupport_fastrtps_cpp;rosidl_typesupport_introspection_cpp
-- Found rmw_implementation_cmake: 6.1.2 (/opt/ros/humble/share/rmw_implementation_cmake/cmake)
-- Found rmw_cyclonedds_cpp: 1.3.4 (/opt/ros/humble/share/rmw_cyclonedds_cpp/cmake)
-- Using RMW implementation 'rmw_cyclonedds_cpp' as default
-- Found rclpy: 3.3.13 (/opt/ros/humble/share/rclpy/cmake)
-- Found rosidl_default_generators: 1.2.0 (/opt/ros/humble/share/rosidl_default_generators/cmake)
-- Found ament_cmake_ros: 0.10.0 (/opt/ros/humble/share/ament_cmake_ros/cmake)
-- Using all available rosidl_typesupport_c: rosidl_typesupport_fastrtps_c;rosidl_typesupport_introspection_c
-- Using all available rosidl_typesupport_cpp: rosidl_typesupport_fastrtps_cpp;rosidl_typesupport_introspection_cpp
-- Found python_cmake_module: 0.10.0 (/opt/ros/humble/share/python_cmake_module/cmake)
-- Using PYTHON_EXECUTABLE: /home/zzy/anaconda3/bin/python3
-- Using PYTHON_INCLUDE_DIRS: /home/zzy/anaconda3/include/python3.11
-- Using PYTHON_LIBRARIES: /home/zzy/anaconda3/lib/libpython3.11.so
-- Using numpy include directory: /home/zzy/anaconda3/lib/python3.11/site-packages/numpy/core/include
-- Found ament_lint_auto: 0.12.11 (/opt/ros/humble/share/ament_lint_auto/cmake)
-- Added test 'cppcheck' to perform static code analysis on C / C++ code
-- Configured cppcheck include dirs: 
-- Configured cppcheck exclude dirs and/or files: 
-- Added test 'flake8' to check Python code syntax and style conventions
-- Added test 'lint_cmake' to check CMake code style
-- Added test 'pep257' to check Python code against some of the docstring style conventions in PEP 257
-- Added test 'uncrustify' to check C / C++ code style
-- Configured uncrustify additional arguments: 
-- Added test 'xmllint' to check XML markup files
-- Configuring done
-- Generating done
-- Build files have been written to: /home/zzy/ur_real/build/ferrobotics
[  2%] [34m[1mGenerating C code for ROS interfaces[0m
[  4%] [34m[1mGenerating C++ code for ROS interfaces[0m
[  4%] Built target ament_cmake_python_symlink_ferrobotics
[35m[1mConsolidate compiler generated dependencies of target ferrobotics__rosidl_generator_c[0m
[  4%] Built target ferrobotics__cpp
[  8%] [32mBuilding C object CMakeFiles/ferrobotics__rosidl_generator_c.dir/rosidl_generator_c/ferrobotics/srv/detail/set_float__functions.c.o[0m
[  8%] [32mBuilding C object CMakeFiles/ferrobotics__rosidl_generator_c.dir/rosidl_generator_c/ferrobotics/msg/detail/acf_telem__functions.c.o[0m
[ 10%] [32mBuilding C object CMakeFiles/ferrobotics__rosidl_generator_c.dir/rosidl_generator_c/ferrobotics/srv/detail/set_duration__functions.c.o[0m
[ 12%] [32m[1mLinking C shared library libferrobotics__rosidl_generator_c.so[0m
[ 12%] Built target ferrobotics__rosidl_generator_c
