[0.744s] Invoking command in '/home/zzy/ur_real/build/camera': PYTHONPATH=/home/zzy/ur_real/build/camera/prefix_override:/home/zzy/.local/lib/python3.10/site-packages/colcon_core/task/python/colcon_distutils_commands:/home/zzy/ur_real/install/camera/lib/python3.10/site-packages:${PYTHONPATH} /usr/bin/python3 -W ignore:setup.py install is deprecated setup.py develop --editable --build-directory /home/zzy/ur_real/build/camera/build --no-deps symlink_data
[0.843s] /home/zzy/.local/lib/python3.10/site-packages/setuptools/_distutils/dist.py:260: UserWarning: Unknown distribution option: 'tests_require'
[0.843s]   warnings.warn(msg)
[0.944s] running develop
[0.944s] /home/zzy/.local/lib/python3.10/site-packages/setuptools/command/develop.py:41: EasyInstallDeprecationWarning: easy_install command is deprecated.
[0.944s] !!
[0.944s] 
[0.944s]         ********************************************************************************
[0.945s]         Please avoid running ``setup.py`` and ``easy_install``.
[0.945s]         Instead, use pypa/build, pypa/installer or other
[0.945s]         standards-based tools.
[0.945s] 
[0.945s]         See https://github.com/pypa/setuptools/issues/917 for details.
[0.945s]         ********************************************************************************
[0.945s] 
[0.945s] !!
[0.945s]   easy_install.initialize_options(self)
[1.072s] running egg_info
[1.072s] creating camera.egg-info
[1.081s] writing camera.egg-info/PKG-INFO
[1.081s] writing dependency_links to camera.egg-info/dependency_links.txt
[1.081s] writing entry points to camera.egg-info/entry_points.txt
[1.081s] writing requirements to camera.egg-info/requires.txt
[1.082s] writing top-level names to camera.egg-info/top_level.txt
[1.082s] writing manifest file 'camera.egg-info/SOURCES.txt'
[1.100s] reading manifest file 'camera.egg-info/SOURCES.txt'
[1.101s] writing manifest file 'camera.egg-info/SOURCES.txt'
[1.110s] running build_ext
[1.111s] Creating /home/zzy/ur_real/install/camera/lib/python3.10/site-packages/camera.egg-link (link to .)
[1.111s] Installing realsense_ArUco_reader script to /home/zzy/ur_real/install/camera/lib/camera
[1.111s] 
[1.111s] Installed /home/zzy/ur_real/build/camera
[1.111s] running symlink_data
[1.111s] creating /home/zzy/ur_real/install/camera/share/ament_index
[1.112s] creating /home/zzy/ur_real/install/camera/share/ament_index/resource_index
[1.112s] creating /home/zzy/ur_real/install/camera/share/ament_index/resource_index/packages
[1.112s] symbolically linking /home/zzy/ur_real/build/camera/resource/camera -> /home/zzy/ur_real/install/camera/share/ament_index/resource_index/packages
[1.112s] symbolically linking /home/zzy/ur_real/build/camera/package.xml -> /home/zzy/ur_real/install/camera/share/camera
[1.132s] Invoked command in '/home/zzy/ur_real/build/camera' returned '0': PYTHONPATH=/home/zzy/ur_real/build/camera/prefix_override:/home/zzy/.local/lib/python3.10/site-packages/colcon_core/task/python/colcon_distutils_commands:/home/zzy/ur_real/install/camera/lib/python3.10/site-packages:${PYTHONPATH} /usr/bin/python3 -W ignore:setup.py install is deprecated setup.py develop --editable --build-directory /home/zzy/ur_real/build/camera/build --no-deps symlink_data
