[0.964s] Invoking command in '/home/zzy/ur_real/build/camera': PYTHONPATH=/home/zzy/ur_real/build/camera/prefix_override:/home/zzy/.local/lib/python3.10/site-packages/colcon_core/task/python/colcon_distutils_commands:/home/zzy/ur_real/install/camera/lib/python3.10/site-packages:${PYTHONPATH} /usr/bin/python3 -W ignore:setup.py install is deprecated setup.py develop --editable --build-directory /home/zzy/ur_real/build/camera/build --no-deps symlink_data
[1.067s] /home/zzy/.local/lib/python3.10/site-packages/setuptools/_distutils/dist.py:260: UserWarning: Unknown distribution option: 'tests_require'
[1.067s]   warnings.warn(msg)
[1.171s] running develop
[1.171s] /home/zzy/.local/lib/python3.10/site-packages/setuptools/command/develop.py:41: EasyInstallDeprecationWarning: easy_install command is deprecated.
[1.171s] !!
[1.171s] 
[1.171s]         ********************************************************************************
[1.171s]         Please avoid running ``setup.py`` and ``easy_install``.
[1.171s]         Instead, use pypa/build, pypa/installer or other
[1.171s]         standards-based tools.
[1.171s] 
[1.171s]         See https://github.com/pypa/setuptools/issues/917 for details.
[1.171s]         ********************************************************************************
[1.171s] 
[1.172s] !!
[1.172s]   easy_install.initialize_options(self)
[1.304s] running egg_info
[1.313s] writing camera.egg-info/PKG-INFO
[1.314s] writing dependency_links to camera.egg-info/dependency_links.txt
[1.314s] writing entry points to camera.egg-info/entry_points.txt
[1.314s] writing requirements to camera.egg-info/requires.txt
[1.314s] writing top-level names to camera.egg-info/top_level.txt
[1.333s] reading manifest file 'camera.egg-info/SOURCES.txt'
[1.334s] writing manifest file 'camera.egg-info/SOURCES.txt'
[1.344s] running build_ext
[1.344s] Creating /home/zzy/ur_real/install/camera/lib/python3.10/site-packages/camera.egg-link (link to .)
[1.345s] Installing realsense_ArUco_reader script to /home/zzy/ur_real/install/camera/lib/camera
[1.345s] Installing realsense_calibrate script to /home/zzy/ur_real/install/camera/lib/camera
[1.345s] 
[1.345s] Installed /home/zzy/ur_real/build/camera
[1.345s] running symlink_data
[1.369s] Invoked command in '/home/zzy/ur_real/build/camera' returned '0': PYTHONPATH=/home/zzy/ur_real/build/camera/prefix_override:/home/zzy/.local/lib/python3.10/site-packages/colcon_core/task/python/colcon_distutils_commands:/home/zzy/ur_real/install/camera/lib/python3.10/site-packages:${PYTHONPATH} /usr/bin/python3 -W ignore:setup.py install is deprecated setup.py develop --editable --build-directory /home/zzy/ur_real/build/camera/build --no-deps symlink_data
