[1.471s] Invoking command in '/home/zzy/ur_real/src/ferrobotics_acf': CONDA_PROMPT_MODIFIER=(base) PYTHONPATH=/home/zzy/ur_real/build/ferrobotics_acf/prefix_override:/home/zzy/anaconda3/lib/python3.11/site-packages/colcon_core/task/python/colcon_distutils_commands:/home/zzy/ur_real/install/ferrobotics_acf/lib/python3.11/site-packages:${PYTHONPATH} /home/zzy/anaconda3/bin/python -W ignore:setup.py install is deprecated setup.py egg_info --egg-base ../../build/ferrobotics_acf build --build-base /home/zzy/ur_real/build/ferrobotics_acf/build install --record /home/zzy/ur_real/build/ferrobotics_acf/install.log --single-version-externally-managed install_data
[1.570s] /home/zzy/anaconda3/lib/python3.11/site-packages/setuptools/_distutils/dist.py:260: UserWarning: Unknown distribution option: 'tests_require'
[1.571s]   warnings.warn(msg)
[1.641s] running egg_info
[1.641s] creating ../../build/ferrobotics_acf/ferrobotics_acf.egg-info
[1.652s] writing ../../build/ferrobotics_acf/ferrobotics_acf.egg-info/PKG-INFO
[1.653s] writing dependency_links to ../../build/ferrobotics_acf/ferrobotics_acf.egg-info/dependency_links.txt
[1.653s] writing entry points to ../../build/ferrobotics_acf/ferrobotics_acf.egg-info/entry_points.txt
[1.653s] writing requirements to ../../build/ferrobotics_acf/ferrobotics_acf.egg-info/requires.txt
[1.653s] writing top-level names to ../../build/ferrobotics_acf/ferrobotics_acf.egg-info/top_level.txt
[1.653s] writing manifest file '../../build/ferrobotics_acf/ferrobotics_acf.egg-info/SOURCES.txt'
[1.676s] reading manifest file '../../build/ferrobotics_acf/ferrobotics_acf.egg-info/SOURCES.txt'
[1.677s] writing manifest file '../../build/ferrobotics_acf/ferrobotics_acf.egg-info/SOURCES.txt'
[1.677s] running build
[1.677s] running build_py
[1.677s] creating /home/zzy/ur_real/build/ferrobotics_acf/build
[1.677s] creating /home/zzy/ur_real/build/ferrobotics_acf/build/lib
[1.677s] creating /home/zzy/ur_real/build/ferrobotics_acf/build/lib/ferrobotics_acf
[1.677s] copying ferrobotics_acf/acf.py -> /home/zzy/ur_real/build/ferrobotics_acf/build/lib/ferrobotics_acf
[1.677s] copying ferrobotics_acf/__init__.py -> /home/zzy/ur_real/build/ferrobotics_acf/build/lib/ferrobotics_acf
[1.678s] running install
[1.680s] running install_lib
[1.691s] creating /home/zzy/ur_real/install/ferrobotics_acf/lib/python3.11/site-packages/ferrobotics_acf
[1.691s] copying /home/zzy/ur_real/build/ferrobotics_acf/build/lib/ferrobotics_acf/acf.py -> /home/zzy/ur_real/install/ferrobotics_acf/lib/python3.11/site-packages/ferrobotics_acf
[1.692s] copying /home/zzy/ur_real/build/ferrobotics_acf/build/lib/ferrobotics_acf/__init__.py -> /home/zzy/ur_real/install/ferrobotics_acf/lib/python3.11/site-packages/ferrobotics_acf
[1.692s] byte-compiling /home/zzy/ur_real/install/ferrobotics_acf/lib/python3.11/site-packages/ferrobotics_acf/acf.py to acf.cpython-311.pyc
[1.693s] byte-compiling /home/zzy/ur_real/install/ferrobotics_acf/lib/python3.11/site-packages/ferrobotics_acf/__init__.py to __init__.cpython-311.pyc
[1.693s] running install_data
[1.693s] creating /home/zzy/ur_real/install/ferrobotics_acf/share/ament_index
[1.693s] creating /home/zzy/ur_real/install/ferrobotics_acf/share/ament_index/resource_index
[1.693s] creating /home/zzy/ur_real/install/ferrobotics_acf/share/ament_index/resource_index/packages
[1.693s] copying resource/ferrobotics_acf -> /home/zzy/ur_real/install/ferrobotics_acf/share/ament_index/resource_index/packages
[1.693s] copying package.xml -> /home/zzy/ur_real/install/ferrobotics_acf/share/ferrobotics_acf
[1.693s] running install_egg_info
[1.705s] Copying ../../build/ferrobotics_acf/ferrobotics_acf.egg-info to /home/zzy/ur_real/install/ferrobotics_acf/lib/python3.11/site-packages/ferrobotics_acf-0.0.0-py3.11.egg-info
[1.706s] running install_scripts
[1.784s] Installing acf script to /home/zzy/ur_real/install/ferrobotics_acf/lib/ferrobotics_acf
[1.784s] writing list of installed files to '/home/zzy/ur_real/build/ferrobotics_acf/install.log'
[1.804s] Invoked command in '/home/zzy/ur_real/src/ferrobotics_acf' returned '0': CONDA_PROMPT_MODIFIER=(base) PYTHONPATH=/home/zzy/ur_real/build/ferrobotics_acf/prefix_override:/home/zzy/anaconda3/lib/python3.11/site-packages/colcon_core/task/python/colcon_distutils_commands:/home/zzy/ur_real/install/ferrobotics_acf/lib/python3.11/site-packages:${PYTHONPATH} /home/zzy/anaconda3/bin/python -W ignore:setup.py install is deprecated setup.py egg_info --egg-base ../../build/ferrobotics_acf build --build-base /home/zzy/ur_real/build/ferrobotics_acf/build install --record /home/zzy/ur_real/build/ferrobotics_acf/install.log --single-version-externally-managed install_data
