[0.014s] Invoking command in '/home/zzy/ur_real/build/ferrobotics': CMAKE_PREFIX_PATH=${CMAKE_PREFIX_PATH}:/home/zzy/ur_real/install/ur10_vel:/opt/ros/humble CONDA_PROMPT_MODIFIER=(base) /usr/bin/cmake --build /home/zzy/ur_real/build/ferrobotics -- -j24 -l24
[0.181s] -- Found ament_cmake: 1.3.9 (/opt/ros/humble/share/ament_cmake/cmake)
[0.181s] -- Override CMake install command with custom implementation using symlinks instead of copying resources
[0.181s] -- Found rclcpp: 16.0.9 (/opt/ros/humble/share/rclcpp/cmake)
[0.181s] -- Found rosidl_generator_c: 3.1.5 (/opt/ros/humble/share/rosidl_generator_c/cmake)
[0.181s] -- Found rosidl_adapter: 3.1.5 (/opt/ros/humble/share/rosidl_adapter/cmake)
[0.182s] -- Found rosidl_generator_cpp: 3.1.5 (/opt/ros/humble/share/rosidl_generator_cpp/cmake)
[0.182s] -- Using all available rosidl_typesupport_c: rosidl_typesupport_fastrtps_c;rosidl_typesupport_introspection_c
[0.182s] -- Using all available rosidl_typesupport_cpp: rosidl_typesupport_fastrtps_cpp;rosidl_typesupport_introspection_cpp
[0.199s] -- Found rmw_implementation_cmake: 6.1.2 (/opt/ros/humble/share/rmw_implementation_cmake/cmake)
[0.200s] -- Found rmw_cyclonedds_cpp: 1.3.4 (/opt/ros/humble/share/rmw_cyclonedds_cpp/cmake)
[0.219s] -- Using RMW implementation 'rmw_cyclonedds_cpp' as default
[0.323s] -- Found rclpy: 3.3.13 (/opt/ros/humble/share/rclpy/cmake)
[0.324s] -- Found rosidl_default_generators: 1.2.0 (/opt/ros/humble/share/rosidl_default_generators/cmake)
[0.527s] -- Found ament_cmake_ros: 0.10.0 (/opt/ros/humble/share/ament_cmake_ros/cmake)
[0.770s] -- Using all available rosidl_typesupport_c: rosidl_typesupport_fastrtps_c;rosidl_typesupport_introspection_c
[0.865s] -- Using all available rosidl_typesupport_cpp: rosidl_typesupport_fastrtps_cpp;rosidl_typesupport_introspection_cpp
[0.881s] -- Found python_cmake_module: 0.10.0 (/opt/ros/humble/share/python_cmake_module/cmake)
[0.897s] -- Using PYTHON_EXECUTABLE: /home/zzy/anaconda3/bin/python3
[0.897s] -- Using PYTHON_INCLUDE_DIRS: /home/zzy/anaconda3/include/python3.11
[0.897s] -- Using PYTHON_LIBRARIES: /home/zzy/anaconda3/lib/libpython3.11.so
[0.987s] -- Using numpy include directory: /home/zzy/anaconda3/lib/python3.11/site-packages/numpy/core/include
[0.994s] -- Found ament_lint_auto: 0.12.11 (/opt/ros/humble/share/ament_lint_auto/cmake)
[1.001s] -- Added test 'flake8' to check Python code syntax and style conventions
[1.001s] -- Added test 'lint_cmake' to check CMake code style
[1.001s] -- Added test 'pep257' to check Python code against some of the docstring style conventions in PEP 257
[1.002s] -- Added test 'xmllint' to check XML markup files
[1.003s] -- Configuring done
[1.023s] -- Generating done
[1.024s] -- Build files have been written to: /home/zzy/ur_real/build/ferrobotics
[1.043s] [35m[1mConsolidate compiler generated dependencies of target ferrobotics__rosidl_generator_c[0m
[1.050s] [  2%] Built target ferrobotics__cpp
[1.050s] [ 12%] Built target ferrobotics__rosidl_generator_c
[1.054s] [ 12%] Built target ament_cmake_python_symlink_ferrobotics
[1.057s] [35m[1mConsolidate compiler generated dependencies of target ferrobotics__rosidl_typesupport_introspection_c[0m
[1.057s] [35m[1mConsolidate compiler generated dependencies of target ferrobotics__rosidl_typesupport_introspection_cpp[0m
[1.057s] [35m[1mConsolidate compiler generated dependencies of target ferrobotics__rosidl_typesupport_fastrtps_cpp[0m
[1.057s] [35m[1mConsolidate compiler generated dependencies of target ferrobotics__rosidl_typesupport_c[0m
[1.057s] [35m[1mConsolidate compiler generated dependencies of target ferrobotics__rosidl_typesupport_fastrtps_c[0m
[1.058s] [35m[1mConsolidate compiler generated dependencies of target ferrobotics__rosidl_typesupport_cpp[0m
[1.064s] [ 23%] Built target ferrobotics__rosidl_typesupport_c
[1.064s] [ 34%] Built target ferrobotics__rosidl_typesupport_introspection_c
[1.065s] [ 44%] Built target ferrobotics__rosidl_typesupport_introspection_cpp
[1.066s] [ 55%] Built target ferrobotics__rosidl_typesupport_cpp
[1.066s] [ 65%] Built target ferrobotics__rosidl_typesupport_fastrtps_cpp
[1.067s] [ 76%] Built target ferrobotics__rosidl_typesupport_fastrtps_c
[1.082s] [ 76%] Built target ferrobotics
[1.096s] [ 78%] Built target ferrobotics__py
[1.103s] [35m[1mConsolidate compiler generated dependencies of target ferrobotics__rosidl_generator_py[0m
[1.113s] [ 87%] Built target ferrobotics__rosidl_generator_py
[1.120s] [35m[1mConsolidate compiler generated dependencies of target ferrobotics__rosidl_typesupport_fastrtps_c__pyext[0m
[1.120s] [35m[1mConsolidate compiler generated dependencies of target ferrobotics__rosidl_typesupport_c__pyext[0m
[1.120s] [35m[1mConsolidate compiler generated dependencies of target ferrobotics__rosidl_typesupport_introspection_c__pyext[0m
[1.128s] [ 97%] Built target ferrobotics__rosidl_typesupport_c__pyext
[1.128s] [ 97%] Built target ferrobotics__rosidl_typesupport_introspection_c__pyext
[1.128s] [100%] Built target ferrobotics__rosidl_typesupport_fastrtps_c__pyext
[1.184s] running egg_info
[1.195s] writing ferrobotics.egg-info/PKG-INFO
[1.195s] writing dependency_links to ferrobotics.egg-info/dependency_links.txt
[1.195s] writing top-level names to ferrobotics.egg-info/top_level.txt
[1.225s] reading manifest file 'ferrobotics.egg-info/SOURCES.txt'
[1.226s] writing manifest file 'ferrobotics.egg-info/SOURCES.txt'
[1.246s] [100%] Built target ament_cmake_python_build_ferrobotics_egg
[1.254s] Invoked command in '/home/zzy/ur_real/build/ferrobotics' returned '0': CMAKE_PREFIX_PATH=${CMAKE_PREFIX_PATH}:/home/zzy/ur_real/install/ur10_vel:/opt/ros/humble CONDA_PROMPT_MODIFIER=(base) /usr/bin/cmake --build /home/zzy/ur_real/build/ferrobotics -- -j24 -l24
[1.314s] Invoking command in '/home/zzy/ur_real/build/ferrobotics': CMAKE_PREFIX_PATH=${CMAKE_PREFIX_PATH}:/home/zzy/ur_real/install/ur10_vel:/opt/ros/humble CONDA_PROMPT_MODIFIER=(base) /usr/bin/cmake --install /home/zzy/ur_real/build/ferrobotics
[1.319s] -- Install configuration: ""
[1.320s] -- Execute custom install script
[1.320s] -- Up-to-date symlink: /home/zzy/ur_real/install/ferrobotics/share/ament_index/resource_index/rosidl_interfaces/ferrobotics
[1.320s] -- Up-to-date symlink: /home/zzy/ur_real/install/ferrobotics/include/ferrobotics/ferrobotics/msg/acf_telem.h
[1.320s] -- Up-to-date symlink: /home/zzy/ur_real/install/ferrobotics/include/ferrobotics/ferrobotics/msg/detail/acf_telem__functions.h
[1.320s] -- Up-to-date symlink: /home/zzy/ur_real/install/ferrobotics/include/ferrobotics/ferrobotics/msg/detail/acf_telem__struct.h
[1.320s] -- Up-to-date symlink: /home/zzy/ur_real/install/ferrobotics/include/ferrobotics/ferrobotics/msg/detail/acf_telem__type_support.h
[1.320s] -- Up-to-date symlink: /home/zzy/ur_real/install/ferrobotics/include/ferrobotics/ferrobotics/msg/rosidl_generator_c__visibility_control.h
[1.321s] -- Up-to-date symlink: /home/zzy/ur_real/install/ferrobotics/include/ferrobotics/ferrobotics/srv/detail/set_duration__functions.h
[1.321s] -- Up-to-date symlink: /home/zzy/ur_real/install/ferrobotics/include/ferrobotics/ferrobotics/srv/detail/set_duration__struct.h
[1.321s] -- Up-to-date symlink: /home/zzy/ur_real/install/ferrobotics/include/ferrobotics/ferrobotics/srv/detail/set_duration__type_support.h
[1.321s] -- Up-to-date symlink: /home/zzy/ur_real/install/ferrobotics/include/ferrobotics/ferrobotics/srv/detail/set_float__functions.h
[1.321s] -- Up-to-date symlink: /home/zzy/ur_real/install/ferrobotics/include/ferrobotics/ferrobotics/srv/detail/set_float__struct.h
[1.321s] -- Up-to-date symlink: /home/zzy/ur_real/install/ferrobotics/include/ferrobotics/ferrobotics/srv/detail/set_float__type_support.h
[1.321s] -- Up-to-date symlink: /home/zzy/ur_real/install/ferrobotics/include/ferrobotics/ferrobotics/srv/set_duration.h
[1.321s] -- Up-to-date symlink: /home/zzy/ur_real/install/ferrobotics/include/ferrobotics/ferrobotics/srv/set_float.h
[1.321s] -- Up-to-date symlink: /home/zzy/ur_real/install/ferrobotics/share/ferrobotics/environment/library_path.sh
[1.321s] -- Up-to-date symlink: /home/zzy/ur_real/install/ferrobotics/share/ferrobotics/environment/library_path.dsv
[1.321s] -- Up-to-date symlink: /home/zzy/ur_real/install/ferrobotics/include/ferrobotics/ferrobotics/msg/detail/acf_telem__rosidl_typesupport_fastrtps_c.h
[1.322s] -- Up-to-date symlink: /home/zzy/ur_real/install/ferrobotics/include/ferrobotics/ferrobotics/msg/rosidl_typesupport_fastrtps_c__visibility_control.h
[1.322s] -- Up-to-date symlink: /home/zzy/ur_real/install/ferrobotics/include/ferrobotics/ferrobotics/srv/detail/set_duration__rosidl_typesupport_fastrtps_c.h
[1.322s] -- Up-to-date symlink: /home/zzy/ur_real/install/ferrobotics/include/ferrobotics/ferrobotics/srv/detail/set_float__rosidl_typesupport_fastrtps_c.h
[1.322s] -- Up-to-date symlink: /home/zzy/ur_real/install/ferrobotics/include/ferrobotics/ferrobotics/msg/acf_telem.hpp
[1.322s] -- Up-to-date symlink: /home/zzy/ur_real/install/ferrobotics/include/ferrobotics/ferrobotics/msg/detail/acf_telem__builder.hpp
[1.322s] -- Up-to-date symlink: /home/zzy/ur_real/install/ferrobotics/include/ferrobotics/ferrobotics/msg/detail/acf_telem__struct.hpp
[1.322s] -- Up-to-date symlink: /home/zzy/ur_real/install/ferrobotics/include/ferrobotics/ferrobotics/msg/detail/acf_telem__traits.hpp
[1.322s] -- Up-to-date symlink: /home/zzy/ur_real/install/ferrobotics/include/ferrobotics/ferrobotics/srv/detail/set_duration__builder.hpp
[1.322s] -- Up-to-date symlink: /home/zzy/ur_real/install/ferrobotics/include/ferrobotics/ferrobotics/srv/detail/set_duration__struct.hpp
[1.322s] -- Up-to-date symlink: /home/zzy/ur_real/install/ferrobotics/include/ferrobotics/ferrobotics/srv/detail/set_duration__traits.hpp
[1.322s] -- Up-to-date symlink: /home/zzy/ur_real/install/ferrobotics/include/ferrobotics/ferrobotics/srv/detail/set_float__builder.hpp
[1.322s] -- Up-to-date symlink: /home/zzy/ur_real/install/ferrobotics/include/ferrobotics/ferrobotics/srv/detail/set_float__struct.hpp
[1.322s] -- Up-to-date symlink: /home/zzy/ur_real/install/ferrobotics/include/ferrobotics/ferrobotics/srv/detail/set_float__traits.hpp
[1.322s] -- Up-to-date symlink: /home/zzy/ur_real/install/ferrobotics/include/ferrobotics/ferrobotics/srv/set_duration.hpp
[1.323s] -- Up-to-date symlink: /home/zzy/ur_real/install/ferrobotics/include/ferrobotics/ferrobotics/srv/set_float.hpp
[1.323s] -- Up-to-date symlink: /home/zzy/ur_real/install/ferrobotics/include/ferrobotics/ferrobotics/msg/detail/acf_telem__rosidl_typesupport_fastrtps_cpp.hpp
[1.323s] -- Up-to-date symlink: /home/zzy/ur_real/install/ferrobotics/include/ferrobotics/ferrobotics/msg/rosidl_typesupport_fastrtps_cpp__visibility_control.h
[1.323s] -- Up-to-date symlink: /home/zzy/ur_real/install/ferrobotics/include/ferrobotics/ferrobotics/srv/detail/set_duration__rosidl_typesupport_fastrtps_cpp.hpp
[1.323s] -- Up-to-date symlink: /home/zzy/ur_real/install/ferrobotics/include/ferrobotics/ferrobotics/srv/detail/set_float__rosidl_typesupport_fastrtps_cpp.hpp
[1.323s] -- Up-to-date symlink: /home/zzy/ur_real/install/ferrobotics/include/ferrobotics/ferrobotics/msg/detail/acf_telem__rosidl_typesupport_introspection_c.h
[1.323s] -- Up-to-date symlink: /home/zzy/ur_real/install/ferrobotics/include/ferrobotics/ferrobotics/msg/rosidl_typesupport_introspection_c__visibility_control.h
[1.323s] -- Up-to-date symlink: /home/zzy/ur_real/install/ferrobotics/include/ferrobotics/ferrobotics/srv/detail/set_duration__rosidl_typesupport_introspection_c.h
[1.323s] -- Up-to-date symlink: /home/zzy/ur_real/install/ferrobotics/include/ferrobotics/ferrobotics/srv/detail/set_float__rosidl_typesupport_introspection_c.h
[1.323s] -- Up-to-date symlink: /home/zzy/ur_real/install/ferrobotics/include/ferrobotics/ferrobotics/msg/detail/acf_telem__rosidl_typesupport_introspection_cpp.hpp
[1.323s] -- Up-to-date symlink: /home/zzy/ur_real/install/ferrobotics/include/ferrobotics/ferrobotics/srv/detail/set_duration__rosidl_typesupport_introspection_cpp.hpp
[1.323s] -- Up-to-date symlink: /home/zzy/ur_real/install/ferrobotics/include/ferrobotics/ferrobotics/srv/detail/set_float__rosidl_typesupport_introspection_cpp.hpp
[1.323s] -- Up-to-date symlink: /home/zzy/ur_real/install/ferrobotics/share/ferrobotics/environment/pythonpath.sh
[1.323s] -- Up-to-date symlink: /home/zzy/ur_real/install/ferrobotics/share/ferrobotics/environment/pythonpath.dsv
[1.323s] -- Up-to-date symlink: /home/zzy/ur_real/install/ferrobotics/lib/python3.11/site-packages/ferrobotics-0.0.0-py3.11.egg-info/PKG-INFO
[1.324s] -- Up-to-date symlink: /home/zzy/ur_real/install/ferrobotics/lib/python3.11/site-packages/ferrobotics-0.0.0-py3.11.egg-info/SOURCES.txt
[1.324s] -- Up-to-date symlink: /home/zzy/ur_real/install/ferrobotics/lib/python3.11/site-packages/ferrobotics-0.0.0-py3.11.egg-info/dependency_links.txt
[1.324s] -- Up-to-date symlink: /home/zzy/ur_real/install/ferrobotics/lib/python3.11/site-packages/ferrobotics-0.0.0-py3.11.egg-info/top_level.txt
[1.324s] -- Up-to-date symlink: /home/zzy/ur_real/install/ferrobotics/lib/python3.11/site-packages/ferrobotics/__init__.py
[1.324s] -- Up-to-date symlink: /home/zzy/ur_real/install/ferrobotics/lib/python3.11/site-packages/ferrobotics/_ferrobotics_s.ep.rosidl_typesupport_c.c
[1.324s] -- Up-to-date symlink: /home/zzy/ur_real/install/ferrobotics/lib/python3.11/site-packages/ferrobotics/_ferrobotics_s.ep.rosidl_typesupport_fastrtps_c.c
[1.324s] -- Up-to-date symlink: /home/zzy/ur_real/install/ferrobotics/lib/python3.11/site-packages/ferrobotics/_ferrobotics_s.ep.rosidl_typesupport_introspection_c.c
[1.324s] -- Up-to-date symlink: /home/zzy/ur_real/install/ferrobotics/lib/python3.11/site-packages/ferrobotics/ferrobotics_s__rosidl_typesupport_c.cpython-311-x86_64-linux-gnu.so
[1.324s] -- Up-to-date symlink: /home/zzy/ur_real/install/ferrobotics/lib/python3.11/site-packages/ferrobotics/ferrobotics_s__rosidl_typesupport_fastrtps_c.cpython-311-x86_64-linux-gnu.so
[1.324s] -- Up-to-date symlink: /home/zzy/ur_real/install/ferrobotics/lib/python3.11/site-packages/ferrobotics/ferrobotics_s__rosidl_typesupport_introspection_c.cpython-311-x86_64-linux-gnu.so
[1.324s] -- Up-to-date symlink: /home/zzy/ur_real/install/ferrobotics/lib/python3.11/site-packages/ferrobotics/libferrobotics__rosidl_generator_py.so
[1.324s] -- Up-to-date symlink: /home/zzy/ur_real/install/ferrobotics/lib/python3.11/site-packages/ferrobotics/msg/__init__.py
[1.324s] -- Up-to-date symlink: /home/zzy/ur_real/install/ferrobotics/lib/python3.11/site-packages/ferrobotics/msg/_acf_telem.py
[1.324s] -- Up-to-date symlink: /home/zzy/ur_real/install/ferrobotics/lib/python3.11/site-packages/ferrobotics/msg/_acf_telem_s.c
[1.324s] -- Up-to-date symlink: /home/zzy/ur_real/install/ferrobotics/lib/python3.11/site-packages/ferrobotics/srv/__init__.py
[1.325s] -- Up-to-date symlink: /home/zzy/ur_real/install/ferrobotics/lib/python3.11/site-packages/ferrobotics/srv/_set_duration.py
[1.325s] -- Up-to-date symlink: /home/zzy/ur_real/install/ferrobotics/lib/python3.11/site-packages/ferrobotics/srv/_set_duration_s.c
[1.325s] -- Up-to-date symlink: /home/zzy/ur_real/install/ferrobotics/lib/python3.11/site-packages/ferrobotics/srv/_set_float.py
[1.325s] -- Up-to-date symlink: /home/zzy/ur_real/install/ferrobotics/lib/python3.11/site-packages/ferrobotics/srv/_set_float_s.c
[1.325s] -- Up-to-date symlink: /home/zzy/ur_real/install/ferrobotics/lib/python3.11/site-packages/ferrobotics/ferrobotics_s__rosidl_typesupport_fastrtps_c.cpython-311-x86_64-linux-gnu.so
[1.325s] -- Up-to-date symlink: /home/zzy/ur_real/install/ferrobotics/lib/python3.11/site-packages/ferrobotics/ferrobotics_s__rosidl_typesupport_introspection_c.cpython-311-x86_64-linux-gnu.so
[1.325s] -- Up-to-date symlink: /home/zzy/ur_real/install/ferrobotics/lib/python3.11/site-packages/ferrobotics/ferrobotics_s__rosidl_typesupport_c.cpython-311-x86_64-linux-gnu.so
[1.325s] -- Up-to-date symlink: /home/zzy/ur_real/install/ferrobotics/share/ferrobotics/msg/ACFTelem.idl
[1.325s] -- Up-to-date symlink: /home/zzy/ur_real/install/ferrobotics/share/ferrobotics/srv/SetFloat.idl
[1.325s] -- Up-to-date symlink: /home/zzy/ur_real/install/ferrobotics/share/ferrobotics/srv/SetDuration.idl
[1.325s] -- Up-to-date symlink: /home/zzy/ur_real/install/ferrobotics/share/ferrobotics/msg/ACFTelem.msg
[1.325s] -- Up-to-date symlink: /home/zzy/ur_real/install/ferrobotics/share/ferrobotics/srv/SetFloat.srv
[1.325s] -- Up-to-date symlink: /home/zzy/ur_real/install/ferrobotics/share/ferrobotics/srv/SetFloat_Request.msg
[1.325s] -- Up-to-date symlink: /home/zzy/ur_real/install/ferrobotics/share/ferrobotics/srv/SetFloat_Response.msg
[1.325s] -- Up-to-date symlink: /home/zzy/ur_real/install/ferrobotics/share/ferrobotics/srv/SetDuration.srv
[1.325s] -- Up-to-date symlink: /home/zzy/ur_real/install/ferrobotics/share/ferrobotics/srv/SetDuration_Request.msg
[1.325s] -- Up-to-date symlink: /home/zzy/ur_real/install/ferrobotics/share/ferrobotics/srv/SetDuration_Response.msg
[1.325s] -- Up-to-date symlink: /home/zzy/ur_real/install/ferrobotics/lib/ferrobotics/acf.py
[1.325s] -- Up-to-date symlink: /home/zzy/ur_real/install/ferrobotics/share/ament_index/resource_index/package_run_dependencies/ferrobotics
[1.326s] -- Up-to-date symlink: /home/zzy/ur_real/install/ferrobotics/share/ament_index/resource_index/parent_prefix_path/ferrobotics
[1.326s] -- Up-to-date symlink: /home/zzy/ur_real/install/ferrobotics/share/ferrobotics/environment/ament_prefix_path.sh
[1.326s] -- Up-to-date symlink: /home/zzy/ur_real/install/ferrobotics/share/ferrobotics/environment/ament_prefix_path.dsv
[1.326s] -- Up-to-date symlink: /home/zzy/ur_real/install/ferrobotics/share/ferrobotics/environment/path.sh
[1.326s] -- Up-to-date symlink: /home/zzy/ur_real/install/ferrobotics/share/ferrobotics/environment/path.dsv
[1.326s] -- Up-to-date symlink: /home/zzy/ur_real/install/ferrobotics/share/ferrobotics/local_setup.bash
[1.326s] -- Up-to-date symlink: /home/zzy/ur_real/install/ferrobotics/share/ferrobotics/local_setup.sh
[1.326s] -- Up-to-date symlink: /home/zzy/ur_real/install/ferrobotics/share/ferrobotics/local_setup.zsh
[1.326s] -- Up-to-date symlink: /home/zzy/ur_real/install/ferrobotics/share/ferrobotics/local_setup.dsv
[1.326s] -- Symlinking: /home/zzy/ur_real/install/ferrobotics/share/ferrobotics/package.dsv
[1.333s] -- Up-to-date symlink: /home/zzy/ur_real/install/ferrobotics/share/ament_index/resource_index/packages/ferrobotics
[1.333s] -- Up-to-date symlink: /home/zzy/ur_real/install/ferrobotics/share/ferrobotics/cmake/rosidl_cmake-extras.cmake
[1.333s] -- Up-to-date symlink: /home/zzy/ur_real/install/ferrobotics/share/ferrobotics/cmake/ament_cmake_export_dependencies-extras.cmake
[1.333s] -- Up-to-date symlink: /home/zzy/ur_real/install/ferrobotics/share/ferrobotics/cmake/ament_cmake_export_include_directories-extras.cmake
[1.333s] -- Up-to-date symlink: /home/zzy/ur_real/install/ferrobotics/share/ferrobotics/cmake/ament_cmake_export_libraries-extras.cmake
[1.333s] -- Up-to-date symlink: /home/zzy/ur_real/install/ferrobotics/share/ferrobotics/cmake/ament_cmake_export_targets-extras.cmake
[1.333s] -- Up-to-date symlink: /home/zzy/ur_real/install/ferrobotics/share/ferrobotics/cmake/rosidl_cmake_export_typesupport_targets-extras.cmake
[1.333s] -- Up-to-date symlink: /home/zzy/ur_real/install/ferrobotics/share/ferrobotics/cmake/rosidl_cmake_export_typesupport_libraries-extras.cmake
[1.333s] -- Up-to-date symlink: /home/zzy/ur_real/install/ferrobotics/share/ferrobotics/cmake/ferroboticsConfig.cmake
[1.333s] -- Up-to-date symlink: /home/zzy/ur_real/install/ferrobotics/share/ferrobotics/cmake/ferroboticsConfig-version.cmake
[1.333s] -- Up-to-date symlink: /home/zzy/ur_real/install/ferrobotics/share/ferrobotics/package.xml
[1.333s] -- Up-to-date: /home/zzy/ur_real/install/ferrobotics/lib/libferrobotics__rosidl_generator_c.so
[1.334s] -- Up-to-date: /home/zzy/ur_real/install/ferrobotics/lib/libferrobotics__rosidl_typesupport_fastrtps_c.so
[1.334s] -- Up-to-date: /home/zzy/ur_real/install/ferrobotics/lib/libferrobotics__rosidl_typesupport_fastrtps_cpp.so
[1.334s] -- Up-to-date: /home/zzy/ur_real/install/ferrobotics/lib/libferrobotics__rosidl_typesupport_introspection_c.so
[1.334s] -- Up-to-date: /home/zzy/ur_real/install/ferrobotics/lib/libferrobotics__rosidl_typesupport_c.so
[1.334s] -- Up-to-date: /home/zzy/ur_real/install/ferrobotics/lib/libferrobotics__rosidl_typesupport_introspection_cpp.so
[1.334s] -- Up-to-date: /home/zzy/ur_real/install/ferrobotics/lib/libferrobotics__rosidl_typesupport_cpp.so
[1.358s] Listing '/home/zzy/ur_real/install/ferrobotics/lib/python3.11/site-packages/ferrobotics'...
[1.358s] Compiling '/home/zzy/ur_real/install/ferrobotics/lib/python3.11/site-packages/ferrobotics/__init__.py'...
[1.358s] Listing '/home/zzy/ur_real/install/ferrobotics/lib/python3.11/site-packages/ferrobotics/msg'...
[1.358s] Listing '/home/zzy/ur_real/install/ferrobotics/lib/python3.11/site-packages/ferrobotics/srv'...
[1.362s] -- Up-to-date: /home/zzy/ur_real/install/ferrobotics/lib/libferrobotics__rosidl_generator_py.so
[1.362s] -- Up-to-date: /home/zzy/ur_real/install/ferrobotics/share/ferrobotics/cmake/export_ferrobotics__rosidl_generator_cExport.cmake
[1.362s] -- Up-to-date: /home/zzy/ur_real/install/ferrobotics/share/ferrobotics/cmake/export_ferrobotics__rosidl_generator_cExport-noconfig.cmake
[1.362s] -- Up-to-date: /home/zzy/ur_real/install/ferrobotics/share/ferrobotics/cmake/export_ferrobotics__rosidl_typesupport_fastrtps_cExport.cmake
[1.362s] -- Up-to-date: /home/zzy/ur_real/install/ferrobotics/share/ferrobotics/cmake/export_ferrobotics__rosidl_typesupport_fastrtps_cExport-noconfig.cmake
[1.362s] -- Up-to-date: /home/zzy/ur_real/install/ferrobotics/share/ferrobotics/cmake/export_ferrobotics__rosidl_generator_cppExport.cmake
[1.362s] -- Up-to-date: /home/zzy/ur_real/install/ferrobotics/share/ferrobotics/cmake/export_ferrobotics__rosidl_typesupport_fastrtps_cppExport.cmake
[1.362s] -- Up-to-date: /home/zzy/ur_real/install/ferrobotics/share/ferrobotics/cmake/export_ferrobotics__rosidl_typesupport_fastrtps_cppExport-noconfig.cmake
[1.362s] -- Up-to-date: /home/zzy/ur_real/install/ferrobotics/share/ferrobotics/cmake/ferrobotics__rosidl_typesupport_introspection_cExport.cmake
[1.362s] -- Up-to-date: /home/zzy/ur_real/install/ferrobotics/share/ferrobotics/cmake/ferrobotics__rosidl_typesupport_introspection_cExport-noconfig.cmake
[1.362s] -- Up-to-date: /home/zzy/ur_real/install/ferrobotics/share/ferrobotics/cmake/ferrobotics__rosidl_typesupport_cExport.cmake
[1.362s] -- Up-to-date: /home/zzy/ur_real/install/ferrobotics/share/ferrobotics/cmake/ferrobotics__rosidl_typesupport_cExport-noconfig.cmake
[1.363s] -- Up-to-date: /home/zzy/ur_real/install/ferrobotics/share/ferrobotics/cmake/ferrobotics__rosidl_typesupport_introspection_cppExport.cmake
[1.363s] -- Up-to-date: /home/zzy/ur_real/install/ferrobotics/share/ferrobotics/cmake/ferrobotics__rosidl_typesupport_introspection_cppExport-noconfig.cmake
[1.363s] -- Up-to-date: /home/zzy/ur_real/install/ferrobotics/share/ferrobotics/cmake/ferrobotics__rosidl_typesupport_cppExport.cmake
[1.363s] -- Up-to-date: /home/zzy/ur_real/install/ferrobotics/share/ferrobotics/cmake/ferrobotics__rosidl_typesupport_cppExport-noconfig.cmake
[1.363s] -- Up-to-date: /home/zzy/ur_real/install/ferrobotics/share/ferrobotics/cmake/export_ferrobotics__rosidl_generator_pyExport.cmake
[1.363s] -- Up-to-date: /home/zzy/ur_real/install/ferrobotics/share/ferrobotics/cmake/export_ferrobotics__rosidl_generator_pyExport-noconfig.cmake
[1.364s] Invoked command in '/home/zzy/ur_real/build/ferrobotics' returned '0': CMAKE_PREFIX_PATH=${CMAKE_PREFIX_PATH}:/home/zzy/ur_real/install/ur10_vel:/opt/ros/humble CONDA_PROMPT_MODIFIER=(base) /usr/bin/cmake --install /home/zzy/ur_real/build/ferrobotics
