[0.759s] Invoking command in '/home/zzy/ur_real/build/camera': PYTHONPATH=/home/zzy/ur_real/build/camera/prefix_override:/home/zzy/.local/lib/python3.10/site-packages/colcon_core/task/python/colcon_distutils_commands:/home/zzy/ur_real/install/camera/lib/python3.10/site-packages:${PYTHONPATH} /usr/bin/python3 -W ignore:setup.py install is deprecated setup.py develop --editable --build-directory /home/zzy/ur_real/build/camera/build --no-deps symlink_data
[0.858s] /home/zzy/.local/lib/python3.10/site-packages/setuptools/_distutils/dist.py:260: UserWarning: Unknown distribution option: 'tests_require'
[0.858s]   warnings.warn(msg)
[0.959s] running develop
[0.959s] /home/zzy/.local/lib/python3.10/site-packages/setuptools/command/develop.py:41: EasyInstallDeprecationWarning: easy_install command is deprecated.
[0.959s] !!
[0.959s] 
[0.959s]         ********************************************************************************
[0.959s]         Please avoid running ``setup.py`` and ``easy_install``.
[0.959s]         Instead, use pypa/build, pypa/installer or other
[0.959s]         standards-based tools.
[0.960s] 
[0.960s]         See https://github.com/pypa/setuptools/issues/917 for details.
[0.960s]         ********************************************************************************
[0.960s] 
[0.960s] !!
[0.960s]   easy_install.initialize_options(self)
[1.090s] running egg_info
[1.099s] writing camera.egg-info/PKG-INFO
[1.100s] writing dependency_links to camera.egg-info/dependency_links.txt
[1.100s] writing entry points to camera.egg-info/entry_points.txt
[1.100s] writing requirements to camera.egg-info/requires.txt
[1.100s] writing top-level names to camera.egg-info/top_level.txt
[1.119s] reading manifest file 'camera.egg-info/SOURCES.txt'
[1.119s] writing manifest file 'camera.egg-info/SOURCES.txt'
[1.129s] running build_ext
[1.129s] Creating /home/zzy/ur_real/install/camera/lib/python3.10/site-packages/camera.egg-link (link to .)
[1.130s] Installing realsense_ArUco_reader script to /home/zzy/ur_real/install/camera/lib/camera
[1.130s] 
[1.130s] Installed /home/zzy/ur_real/build/camera
[1.130s] running symlink_data
[1.158s] Invoked command in '/home/zzy/ur_real/build/camera' returned '0': PYTHONPATH=/home/zzy/ur_real/build/camera/prefix_override:/home/zzy/.local/lib/python3.10/site-packages/colcon_core/task/python/colcon_distutils_commands:/home/zzy/ur_real/install/camera/lib/python3.10/site-packages:${PYTHONPATH} /usr/bin/python3 -W ignore:setup.py install is deprecated setup.py develop --editable --build-directory /home/zzy/ur_real/build/camera/build --no-deps symlink_data
