[0.290s] Invoking command in '/home/zzy/ur_real/build/netft_control': /usr/bin/cmake /home/zzy/ur_real/src/netft/netft_control -DCATKIN_INSTALL_INTO_PREFIX_ROOT=0 -DCMAKE_INSTALL_PREFIX=/home/zzy/ur_real/install/netft_control
[0.435s] -- Configuring incomplete, errors occurred!
[0.435s] See also "/home/zzy/ur_real/build/netft_control/CMakeFiles/CMakeOutput.log".
[0.435s] [0mCMake Deprecation Warning at CMakeLists.txt:1 (cmake_minimum_required):
[0.435s]   Compatibility with CMake < 2.8.12 will be removed from a future version of
[0.435s]   CMake.
[0.435s] 
[0.435s]   Update the VERSION argument <min> value or use a ...<max> suffix to tell
[0.435s]   CMake that the project does not need compatibility with older versions.
[0.436s] 
[0.436s] [0m
[0.436s] [31mCMake Error at CMakeLists.txt:4 (find_package):
[0.436s]   By not providing "Findcatkin.cmake" in CMAKE_MODULE_PATH this project has
[0.436s]   asked CMake to find a package configuration file provided by "catkin", but
[0.436s]   CMake did not find one.
[0.436s] 
[0.436s]   Could not find a package configuration file provided by "catkin" with any
[0.436s]   of the following names:
[0.436s] 
[0.436s]     catkinConfig.cmake
[0.436s]     catkin-config.cmake
[0.436s] 
[0.436s]   Add the installation prefix of "catkin" to CMAKE_PREFIX_PATH or set
[0.436s]   "catkin_DIR" to a directory containing one of the above files.  If "catkin"
[0.436s]   provides a separate development package or SDK, be sure it has been
[0.436s]   installed.
[0.436s] 
[0.436s] [0m
[0.441s] Invoked command in '/home/zzy/ur_real/build/netft_control' returned '1': /usr/bin/cmake /home/zzy/ur_real/src/netft/netft_control -DCATKIN_INSTALL_INTO_PREFIX_ROOT=0 -DCMAKE_INSTALL_PREFIX=/home/zzy/ur_real/install/netft_control
