[0.617s] Invoking command in '/home/zzy/ur_real/src/ferrobotics_acf': PYTHONPATH=/home/zzy/ur_real/build/ferrobotics_acf/prefix_override:/home/zzy/.local/lib/python3.10/site-packages/colcon_core/task/python/colcon_distutils_commands:/home/zzy/ur_real/install/ferrobotics_acf/lib/python3.10/site-packages:${PYTHONPATH} /usr/bin/python3 -W ignore:setup.py install is deprecated setup.py egg_info --egg-base ../../build/ferrobotics_acf build --build-base /home/zzy/ur_real/build/ferrobotics_acf/build install --record /home/zzy/ur_real/build/ferrobotics_acf/install.log --single-version-externally-managed install_data
[0.714s] /home/zzy/.local/lib/python3.10/site-packages/setuptools/_distutils/dist.py:260: UserWarning: Unknown distribution option: 'tests_require'
[0.714s]   warnings.warn(msg)
[0.771s] running egg_info
[0.780s] writing ../../build/ferrobotics_acf/ferrobotics_acf.egg-info/PKG-INFO
[0.781s] writing dependency_links to ../../build/ferrobotics_acf/ferrobotics_acf.egg-info/dependency_links.txt
[0.781s] writing entry points to ../../build/ferrobotics_acf/ferrobotics_acf.egg-info/entry_points.txt
[0.781s] writing requirements to ../../build/ferrobotics_acf/ferrobotics_acf.egg-info/requires.txt
[0.781s] writing top-level names to ../../build/ferrobotics_acf/ferrobotics_acf.egg-info/top_level.txt
[0.800s] reading manifest file '../../build/ferrobotics_acf/ferrobotics_acf.egg-info/SOURCES.txt'
[0.801s] writing manifest file '../../build/ferrobotics_acf/ferrobotics_acf.egg-info/SOURCES.txt'
[0.801s] running build
[0.801s] running build_py
[0.802s] copying ferrobotics_acf/acf.py -> /home/zzy/ur_real/build/ferrobotics_acf/build/lib/ferrobotics_acf
[0.802s] copying ferrobotics_acf/__init__.py -> /home/zzy/ur_real/build/ferrobotics_acf/build/lib/ferrobotics_acf
[0.802s] running install
[0.804s] running install_lib
[0.814s] running install_data
[0.814s] copying resource/ferrobotics_acf -> /home/zzy/ur_real/install/ferrobotics_acf/share/ament_index/resource_index/packages
[0.814s] copying package.xml -> /home/zzy/ur_real/install/ferrobotics_acf/share/ferrobotics_acf
[0.814s] running install_egg_info
[0.825s] removing '/home/zzy/ur_real/install/ferrobotics_acf/lib/python3.10/site-packages/ferrobotics_acf-0.0.0-py3.10.egg-info' (and everything under it)
[0.825s] Copying ../../build/ferrobotics_acf/ferrobotics_acf.egg-info to /home/zzy/ur_real/install/ferrobotics_acf/lib/python3.10/site-packages/ferrobotics_acf-0.0.0-py3.10.egg-info
[0.825s] running install_scripts
[0.906s] Installing acf script to /home/zzy/ur_real/install/ferrobotics_acf/lib/ferrobotics_acf
[0.907s] writing list of installed files to '/home/zzy/ur_real/build/ferrobotics_acf/install.log'
[0.928s] Invoked command in '/home/zzy/ur_real/src/ferrobotics_acf' returned '0': PYTHONPATH=/home/zzy/ur_real/build/ferrobotics_acf/prefix_override:/home/zzy/.local/lib/python3.10/site-packages/colcon_core/task/python/colcon_distutils_commands:/home/zzy/ur_real/install/ferrobotics_acf/lib/python3.10/site-packages:${PYTHONPATH} /usr/bin/python3 -W ignore:setup.py install is deprecated setup.py egg_info --egg-base ../../build/ferrobotics_acf build --build-base /home/zzy/ur_real/build/ferrobotics_acf/build install --record /home/zzy/ur_real/build/ferrobotics_acf/install.log --single-version-externally-managed install_data
