running egg_info
writing ../../build/ur10_vel/ur10_vel.egg-info/PKG-INFO
writing dependency_links to ../../build/ur10_vel/ur10_vel.egg-info/dependency_links.txt
writing entry points to ../../build/ur10_vel/ur10_vel.egg-info/entry_points.txt
writing requirements to ../../build/ur10_vel/ur10_vel.egg-info/requires.txt
writing top-level names to ../../build/ur10_vel/ur10_vel.egg-info/top_level.txt
reading manifest file '../../build/ur10_vel/ur10_vel.egg-info/SOURCES.txt'
writing manifest file '../../build/ur10_vel/ur10_vel.egg-info/SOURCES.txt'
running build
running build_py
copying ur10_vel/check_collision.py -> /home/zzy/ur_real/build/ur10_vel/build/lib/ur10_vel
running install
running install_lib
copying /home/zzy/ur_real/build/ur10_vel/build/lib/ur10_vel/check_collision.py -> /home/zzy/ur_real/install/ur10_vel/lib/python3.10/site-packages/ur10_vel
byte-compiling /home/zzy/ur_real/install/ur10_vel/lib/python3.10/site-packages/ur10_vel/check_collision.py to check_collision.cpython-310.pyc
running install_data
running install_egg_info
removing '/home/zzy/ur_real/install/ur10_vel/lib/python3.10/site-packages/ur10_vel-0.0.0-py3.10.egg-info' (and everything under it)
Copying ../../build/ur10_vel/ur10_vel.egg-info to /home/zzy/ur_real/install/ur10_vel/lib/python3.10/site-packages/ur10_vel-0.0.0-py3.10.egg-info
running install_scripts
Installing check_collision script to /home/zzy/ur_real/install/ur10_vel/lib/ur10_vel
Installing joint_velocity_IK script to /home/zzy/ur_real/install/ur10_vel/lib/ur10_vel
Installing publisher_forward_velocity_controller script to /home/zzy/ur_real/install/ur10_vel/lib/ur10_vel
writing list of installed files to '/home/zzy/ur_real/build/ur10_vel/install.log'
