[0.006s] Invoking command in '/home/zzy/ur_real/build/rpi_ati_net_ft': /usr/bin/cmake /home/zzy/ur_real/src/rpi_ati_net_ft -DCATKIN_INSTALL_INTO_PREFIX_ROOT=0 -DCATKIN_SYMLINK_INSTALL=ON -DCMAKE_INSTALL_PREFIX=/home/zzy/ur_real/install/rpi_ati_net_ft
[0.011s] [0mCMake Deprecation Warning at CMakeLists.txt:1 (cmake_minimum_required):
[0.011s]   Compatibility with CMake < 2.8.12 will be removed from a future version of
[0.011s]   CMake.
[0.011s] 
[0.011s]   Update the VERSION argument <min> value or use a ...<max> suffix to tell
[0.011s]   CMake that the project does not need compatibility with older versions.
[0.011s] 
[0.011s] [0m
[0.268s] -- The C compiler identification is GNU 11.4.0
[0.343s] -- The CXX compiler identification is GNU 11.4.0
[0.350s] -- Detecting C compiler ABI info
[0.432s] -- Detecting C compiler ABI info - done
[0.439s] -- Check for working C compiler: /usr/bin/cc - skipped
[0.441s] -- Detecting C compile features
[0.441s] -- Detecting C compile features - done
[0.446s] -- Detecting CXX compiler ABI info
[0.523s] -- Detecting CXX compiler ABI info - done
[0.535s] -- Check for working CXX compiler: /usr/bin/c++ - skipped
[0.535s] -- Detecting CXX compile features
[0.535s] -- Detecting CXX compile features - done
[0.544s] [31mCMake Error at CMakeLists.txt:10 (find_package):
[0.544s]   By not providing "Findcatkin.cmake" in CMAKE_MODULE_PATH this project has
[0.544s]   asked CMake to find a package configuration file provided by "catkin", but
[0.544s]   CMake did not find one.
[0.544s] 
[0.544s]   Could not find a package configuration file provided by "catkin" with any
[0.544s]   of the following names:
[0.544s] 
[0.544s]     catkinConfig.cmake
[0.544s]     catkin-config.cmake
[0.544s] 
[0.544s]   Add the installation prefix of "catkin" to CMAKE_PREFIX_PATH or set
[0.544s]   "catkin_DIR" to a directory containing one of the above files.  If "catkin"
[0.544s]   provides a separate development package or SDK, be sure it has been
[0.544s]   installed.
[0.544s] 
[0.544s] [0m
[0.544s] -- Configuring incomplete, errors occurred!
[0.544s] See also "/home/zzy/ur_real/build/rpi_ati_net_ft/CMakeFiles/CMakeOutput.log".
[0.546s] Invoked command in '/home/zzy/ur_real/build/rpi_ati_net_ft' returned '1': /usr/bin/cmake /home/zzy/ur_real/src/rpi_ati_net_ft -DCATKIN_INSTALL_INTO_PREFIX_ROOT=0 -DCATKIN_SYMLINK_INSTALL=ON -DCMAKE_INSTALL_PREFIX=/home/zzy/ur_real/install/rpi_ati_net_ft
