[0.424s] Invoking command in '/home/zzy/ur_real/build/rpi_ati_net_ft': /usr/bin/cmake /home/zzy/ur_real/src/rpi_ati_net_ft -DCATKIN_INSTALL_INTO_PREFIX_ROOT=0 -DCATKIN_SYMLINK_INSTALL=ON -DCMAKE_INSTALL_PREFIX=/home/zzy/ur_real/install/rpi_ati_net_ft
[0.567s] -- Configuring incomplete, errors occurred!
[0.567s] See also "/home/zzy/ur_real/build/rpi_ati_net_ft/CMakeFiles/CMakeOutput.log".
[0.567s] [0mCMake Deprecation Warning at CMakeLists.txt:1 (cmake_minimum_required):
[0.568s]   Compatibility with CMake < 2.8.12 will be removed from a future version of
[0.568s]   CMake.
[0.568s] 
[0.568s]   Update the VERSION argument <min> value or use a ...<max> suffix to tell
[0.568s]   CMake that the project does not need compatibility with older versions.
[0.568s] 
[0.568s] [0m
[0.568s] [31mCMake Error at CMakeLists.txt:10 (find_package):
[0.568s]   By not providing "Findcatkin.cmake" in CMAKE_MODULE_PATH this project has
[0.568s]   asked CMake to find a package configuration file provided by "catkin", but
[0.568s]   CMake did not find one.
[0.568s] 
[0.568s]   Could not find a package configuration file provided by "catkin" with any
[0.568s]   of the following names:
[0.568s] 
[0.568s]     catkinConfig.cmake
[0.569s]     catkin-config.cmake
[0.569s] 
[0.569s]   Add the installation prefix of "catkin" to CMAKE_PREFIX_PATH or set
[0.569s]   "catkin_DIR" to a directory containing one of the above files.  If "catkin"
[0.569s]   provides a separate development package or SDK, be sure it has been
[0.569s]   installed.
[0.569s] 
[0.569s] [0m
[0.571s] Invoked command in '/home/zzy/ur_real/build/rpi_ati_net_ft' returned '1': /usr/bin/cmake /home/zzy/ur_real/src/rpi_ati_net_ft -DCATKIN_INSTALL_INTO_PREFIX_ROOT=0 -DCATKIN_SYMLINK_INSTALL=ON -DCMAKE_INSTALL_PREFIX=/home/zzy/ur_real/install/rpi_ati_net_ft
