[0.922s] Invoking command in '/home/zzy/ur_real/build/camera': PYTHONPATH=/home/zzy/ur_real/build/camera/prefix_override:/home/zzy/.local/lib/python3.10/site-packages/colcon_core/task/python/colcon_distutils_commands:/home/zzy/ur_real/install/camera/lib/python3.10/site-packages:${PYTHONPATH} /usr/bin/python3 -W ignore:setup.py install is deprecated setup.py develop --editable --build-directory /home/zzy/ur_real/build/camera/build --no-deps symlink_data --force
[1.021s] /home/zzy/.local/lib/python3.10/site-packages/setuptools/_distutils/dist.py:260: UserWarning: Unknown distribution option: 'tests_require'
[1.021s]   warnings.warn(msg)
[1.121s] /home/zzy/.local/lib/python3.10/site-packages/setuptools/command/develop.py:41: EasyInstallDeprecationWarning: easy_install command is deprecated.
[1.121s] !!
[1.121s] 
[1.121s]         ********************************************************************************
[1.121s]         Please avoid running ``setup.py`` and ``easy_install``.
[1.121s]         Instead, use pypa/build, pypa/installer or other
[1.121s]         standards-based tools.
[1.121s] 
[1.121s]         See https://github.com/pypa/setuptools/issues/917 for details.
[1.121s]         ********************************************************************************
[1.121s] 
[1.121s] !!
[1.121s]   easy_install.initialize_options(self)
[1.121s] running develop
[1.249s] running egg_info
[1.259s] writing camera.egg-info/PKG-INFO
[1.259s] writing dependency_links to camera.egg-info/dependency_links.txt
[1.259s] writing entry points to camera.egg-info/entry_points.txt
[1.259s] writing requirements to camera.egg-info/requires.txt
[1.259s] writing top-level names to camera.egg-info/top_level.txt
[1.278s] reading manifest file 'camera.egg-info/SOURCES.txt'
[1.279s] writing manifest file 'camera.egg-info/SOURCES.txt'
[1.289s] running build_ext
[1.289s] Creating /home/zzy/ur_real/install/camera/lib/python3.10/site-packages/camera.egg-link (link to .)
[1.289s] Installing realsense_ArUco_reader script to /home/zzy/ur_real/install/camera/lib/camera
[1.289s] Installing realsense_calibrate script to /home/zzy/ur_real/install/camera/lib/camera
[1.289s] 
[1.290s] Installed /home/zzy/ur_real/build/camera
[1.290s] running symlink_data
[1.290s] symbolically linking /home/zzy/ur_real/build/camera/resource/camera -> /home/zzy/ur_real/install/camera/share/ament_index/resource_index/packages
[1.290s] symbolically linking /home/zzy/ur_real/build/camera/package.xml -> /home/zzy/ur_real/install/camera/share/camera
[1.315s] Invoked command in '/home/zzy/ur_real/build/camera' returned '0': PYTHONPATH=/home/zzy/ur_real/build/camera/prefix_override:/home/zzy/.local/lib/python3.10/site-packages/colcon_core/task/python/colcon_distutils_commands:/home/zzy/ur_real/install/camera/lib/python3.10/site-packages:${PYTHONPATH} /usr/bin/python3 -W ignore:setup.py install is deprecated setup.py develop --editable --build-directory /home/zzy/ur_real/build/camera/build --no-deps symlink_data --force
