-- Found ament_cmake: 1.3.9 (/opt/ros/humble/share/ament_cmake/cmake)
-- Override CMake install command with custom implementation using symlinks instead of copying resources
-- Found ament_lint_auto: 0.12.11 (/opt/ros/humble/share/ament_lint_auto/cmake)
-- Added test 'lint_cmake' to check CMake code style
-- Added test 'xmllint' to check XML markup files
-- Configuring done
-- Generating done
-- Build files have been written to: /home/zzy/ur_real/build/abc
-- Install configuration: ""
-- Execute custom install script
-- Symlinking: /home/zzy/ur_real/install/abc/share/ament_index/resource_index/package_run_dependencies/abc
-- Symlinking: /home/zzy/ur_real/install/abc/share/ament_index/resource_index/parent_prefix_path/abc
-- Symlinking: /home/zzy/ur_real/install/abc/share/abc/environment/ament_prefix_path.sh
-- Symlinking: /home/zzy/ur_real/install/abc/share/abc/environment/ament_prefix_path.dsv
-- Symlinking: /home/zzy/ur_real/install/abc/share/abc/environment/path.sh
-- Symlinking: /home/zzy/ur_real/install/abc/share/abc/environment/path.dsv
-- Symlinking: /home/zzy/ur_real/install/abc/share/abc/local_setup.bash
-- Symlinking: /home/zzy/ur_real/install/abc/share/abc/local_setup.sh
-- Symlinking: /home/zzy/ur_real/install/abc/share/abc/local_setup.zsh
-- Symlinking: /home/zzy/ur_real/install/abc/share/abc/local_setup.dsv
-- Symlinking: /home/zzy/ur_real/install/abc/share/abc/package.dsv
-- Symlinking: /home/zzy/ur_real/install/abc/share/ament_index/resource_index/packages/abc
-- Symlinking: /home/zzy/ur_real/install/abc/share/abc/cmake/abcConfig.cmake
-- Symlinking: /home/zzy/ur_real/install/abc/share/abc/cmake/abcConfig-version.cmake
-- Symlinking: /home/zzy/ur_real/install/abc/share/abc/package.xml
