[35m[1mConsolidate compiler generated dependencies of target ur_bringup[0m
[ 50%] [32mBuilding CXX object CMakeFiles/ur_bringup.dir/src/moveit_bringup.cpp.o[0m
[01m[K/home/zzy/ur_real/src/ur_bringup/src/moveit_bringup.cpp:[m[K In member function ‘[01m[Kvoid MoveIt2Node::jointStatesCallback(sensor_msgs::msg::JointState_<std::allocator<void> >::SharedPtr)[m[K’:
[01m[K/home/zzy/ur_real/src/ur_bringup/src/moveit_bringup.cpp:43:30:[m[K [01;31m[Kerror: [m[Kno matching function for call to ‘[01m[Kmoveit::core::RobotState::RobotState()[m[K’
   43 |     moveit::core::RobotState [01;31m[Krobot_state[m[K;
      |                              [01;31m[K^~~~~~~~~~~[m[K
In file included from [01m[K/opt/ros/humble/include/moveit/robot_trajectory/robot_trajectory.h:40[m[K,
                 from [01m[K/opt/ros/humble/include/moveit/planning_interface/planning_response.h:39[m[K,
                 from [01m[K/opt/ros/humble/include/moveit/planning_interface/planning_interface.h:41[m[K,
                 from [01m[K/home/zzy/ur_real/src/ur_bringup/src/moveit_bringup.cpp:2[m[K:
[01m[K/opt/ros/humble/include/moveit/robot_state/robot_state.h:98:3:[m[K [01;36m[Knote: [m[Kcandidate: ‘[01m[Kmoveit::core::RobotState::RobotState(const moveit::core::RobotState&)[m[K’
   98 |   [01;36m[KRobotState[m[K(const RobotState& other);
      |   [01;36m[K^~~~~~~~~~[m[K
[01m[K/opt/ros/humble/include/moveit/robot_state/robot_state.h:98:3:[m[K [01;36m[Knote: [m[K  candidate expects 1 argument, 0 provided
[01m[K/opt/ros/humble/include/moveit/robot_state/robot_state.h:94:3:[m[K [01;36m[Knote: [m[Kcandidate: ‘[01m[Kmoveit::core::RobotState::RobotState(const RobotModelConstPtr&)[m[K’
   94 |   [01;36m[KRobotState[m[K(const RobotModelConstPtr& robot_model);
      |   [01;36m[K^~~~~~~~~~[m[K
[01m[K/opt/ros/humble/include/moveit/robot_state/robot_state.h:94:3:[m[K [01;36m[Knote: [m[K  candidate expects 1 argument, 0 provided
[01m[K/home/zzy/ur_real/src/ur_bringup/src/moveit_bringup.cpp:48:32:[m[K [01;31m[Kerror: [m[K‘[01m[Kusing element_type = class moveit::planning_interface::PlanningSceneInterface[m[K’ {aka ‘[01m[Kclass moveit::planning_interface::PlanningSceneInterface[m[K’} has no member named ‘[01m[KsetCurrentState[m[K’
   48 |     planning_scene_interface_->[01;31m[KsetCurrentState[m[K(robot_state);
      |                                [01;31m[K^~~~~~~~~~~~~~~[m[K
[01m[K/home/zzy/ur_real/src/ur_bringup/src/moveit_bringup.cpp:39:74:[m[K [01;35m[Kwarning: [m[Kunused parameter ‘[01m[Kmsg[m[K’ [[01;35m[K]8;;https://gcc.gnu.org/onlinedocs/gcc/Warning-Options.html#index-Wunused-parameter-Wunused-parameter]8;;[m[K]
   39 |   void jointStatesCallback([01;35m[Kconst sensor_msgs::msg::JointState::SharedPtr msg[m[K)
      |                            [01;35m[K~~~~~~~~~~~~~~~~~~~~~~~~~~~~~~~~~~~~~~~~~~~~~~^~~[m[K
[01m[K/home/zzy/ur_real/src/ur_bringup/src/moveit_bringup.cpp:[m[K At global scope:
[01m[K/home/zzy/ur_real/src/ur_bringup/src/moveit_bringup.cpp:74:8:[m[K [01;31m[Kerror: [m[Kredefinition of ‘[01m[Kclass MoveIt2Node[m[K’
   74 | }class [01;31m[KMoveIt2Node[m[K : public rclcpp::Node
      |        [01;31m[K^~~~~~~~~~~[m[K
[01m[K/home/zzy/ur_real/src/ur_bringup/src/moveit_bringup.cpp:9:7:[m[K [01;36m[Knote: [m[Kprevious definition of ‘[01m[Kclass MoveIt2Node[m[K’
    9 | class [01;36m[KMoveIt2Node[m[K : public rclcpp::Node
      |       [01;36m[K^~~~~~~~~~~[m[K
[01m[K/home/zzy/ur_real/src/ur_bringup/src/moveit_bringup.cpp:110:5:[m[K [01;31m[Kerror: [m[Kredefinition of ‘[01m[Kint main(int, char**)[m[K’
  110 | int [01;31m[Kmain[m[K(int argc, char **argv)
      |     [01;31m[K^~~~[m[K
[01m[K/home/zzy/ur_real/src/ur_bringup/src/moveit_bringup.cpp:68:5:[m[K [01;36m[Knote: [m[K‘[01m[Kint main(int, char**)[m[K’ previously defined here
   68 | int [01;36m[Kmain[m[K(int argc, char *argv[])
      |     [01;36m[K^~~~[m[K
gmake[2]: *** [CMakeFiles/ur_bringup.dir/build.make:76：CMakeFiles/ur_bringup.dir/src/moveit_bringup.cpp.o] 错误 1
gmake[1]: *** [CMakeFiles/Makefile2:137：CMakeFiles/ur_bringup.dir/all] 错误 2
gmake: *** [Makefile:146：all] 错误 2
