/home/zzy/.local/lib/python3.10/site-packages/setuptools/_distutils/dist.py:260: UserWarning: Unknown distribution option: 'tests_require'
  warnings.warn(msg)
running develop
/home/zzy/.local/lib/python3.10/site-packages/setuptools/command/develop.py:41: EasyInstallDeprecationWarning: easy_install command is deprecated.
!!

        ********************************************************************************
        Please avoid running ``setup.py`` and ``easy_install``.
        Instead, use pypa/build, pypa/installer or other
        standards-based tools.

        See https://github.com/pypa/setuptools/issues/917 for details.
        ********************************************************************************

!!
  easy_install.initialize_options(self)
running egg_info
writing ferrobotics_acf.egg-info/PKG-INFO
writing dependency_links to ferrobotics_acf.egg-info/dependency_links.txt
writing entry points to ferrobotics_acf.egg-info/entry_points.txt
writing requirements to ferrobotics_acf.egg-info/requires.txt
writing top-level names to ferrobotics_acf.egg-info/top_level.txt
reading manifest file 'ferrobotics_acf.egg-info/SOURCES.txt'
writing manifest file 'ferrobotics_acf.egg-info/SOURCES.txt'
running build_ext
Creating /home/zzy/ur_real/install/ferrobotics_acf/lib/python3.10/site-packages/ferrobotics-acf.egg-link (link to .)
Installing acf script to /home/zzy/ur_real/install/ferrobotics_acf/lib/ferrobotics_acf
Installing force_publisher script to /home/zzy/ur_real/install/ferrobotics_acf/lib/ferrobotics_acf

Installed /home/zzy/ur_real/build/ferrobotics_acf
running symlink_data
