[0.906s] Invoking command in '/home/zzy/ur_real/build/ferrobotics_acf': PYTHONPATH=/home/zzy/ur_real/build/ferrobotics_acf/prefix_override:/home/zzy/.local/lib/python3.10/site-packages/colcon_core/task/python/colcon_distutils_commands:/home/zzy/ur_real/install/ferrobotics_acf/lib/python3.10/site-packages:${PYTHONPATH} /usr/bin/python3 -W ignore:setup.py install is deprecated setup.py develop --editable --build-directory /home/zzy/ur_real/build/ferrobotics_acf/build --no-deps symlink_data
[1.005s] /home/zzy/.local/lib/python3.10/site-packages/setuptools/_distutils/dist.py:260: UserWarning: Unknown distribution option: 'tests_require'
[1.005s]   warnings.warn(msg)
[1.105s] running develop
[1.105s] /home/zzy/.local/lib/python3.10/site-packages/setuptools/command/develop.py:41: EasyInstallDeprecationWarning: easy_install command is deprecated.
[1.105s] !!
[1.105s] 
[1.105s]         ********************************************************************************
[1.105s]         Please avoid running ``setup.py`` and ``easy_install``.
[1.105s]         Instead, use pypa/build, pypa/installer or other
[1.105s]         standards-based tools.
[1.106s] 
[1.106s]         See https://github.com/pypa/setuptools/issues/917 for details.
[1.106s]         ********************************************************************************
[1.106s] 
[1.106s] !!
[1.106s]   easy_install.initialize_options(self)
[1.235s] running egg_info
[1.244s] writing ferrobotics_acf.egg-info/PKG-INFO
[1.244s] writing dependency_links to ferrobotics_acf.egg-info/dependency_links.txt
[1.244s] writing entry points to ferrobotics_acf.egg-info/entry_points.txt
[1.244s] writing requirements to ferrobotics_acf.egg-info/requires.txt
[1.244s] writing top-level names to ferrobotics_acf.egg-info/top_level.txt
[1.263s] reading manifest file 'ferrobotics_acf.egg-info/SOURCES.txt'
[1.264s] writing manifest file 'ferrobotics_acf.egg-info/SOURCES.txt'
[1.273s] running build_ext
[1.273s] Creating /home/zzy/ur_real/install/ferrobotics_acf/lib/python3.10/site-packages/ferrobotics-acf.egg-link (link to .)
[1.274s] Installing acf script to /home/zzy/ur_real/install/ferrobotics_acf/lib/ferrobotics_acf
[1.274s] Installing force_publisher script to /home/zzy/ur_real/install/ferrobotics_acf/lib/ferrobotics_acf
[1.274s] 
[1.274s] Installed /home/zzy/ur_real/build/ferrobotics_acf
[1.274s] running symlink_data
[1.301s] Invoked command in '/home/zzy/ur_real/build/ferrobotics_acf' returned '0': PYTHONPATH=/home/zzy/ur_real/build/ferrobotics_acf/prefix_override:/home/zzy/.local/lib/python3.10/site-packages/colcon_core/task/python/colcon_distutils_commands:/home/zzy/ur_real/install/ferrobotics_acf/lib/python3.10/site-packages:${PYTHONPATH} /usr/bin/python3 -W ignore:setup.py install is deprecated setup.py develop --editable --build-directory /home/zzy/ur_real/build/ferrobotics_acf/build --no-deps symlink_data
