[0.635s] Invoking command in '/home/zzy/ur_real/build/ferrobotics_acf': PYTHONPATH=/home/zzy/ur_real/build/ferrobotics_acf/prefix_override:/home/zzy/.local/lib/python3.10/site-packages/colcon_core/task/python/colcon_distutils_commands:/home/zzy/ur_real/install/ferrobotics_acf/lib/python3.10/site-packages:${PYTHONPATH} /usr/bin/python3 -W ignore:setup.py install is deprecated setup.py develop --editable --build-directory /home/zzy/ur_real/build/ferrobotics_acf/build --no-deps symlink_data
[0.730s] /home/zzy/.local/lib/python3.10/site-packages/setuptools/_distutils/dist.py:260: UserWarning: Unknown distribution option: 'tests_require'
[0.730s]   warnings.warn(msg)
[0.830s] running develop
[0.831s] /home/zzy/.local/lib/python3.10/site-packages/setuptools/command/develop.py:41: EasyInstallDeprecationWarning: easy_install command is deprecated.
[0.831s] !!
[0.831s] 
[0.831s]         ********************************************************************************
[0.831s]         Please avoid running ``setup.py`` and ``easy_install``.
[0.831s]         Instead, use pypa/build, pypa/installer or other
[0.831s]         standards-based tools.
[0.831s] 
[0.831s]         See https://github.com/pypa/setuptools/issues/917 for details.
[0.831s]         ********************************************************************************
[0.831s] 
[0.831s] !!
[0.831s]   easy_install.initialize_options(self)
[0.962s] running egg_info
[0.971s] writing ferrobotics_acf.egg-info/PKG-INFO
[0.971s] writing dependency_links to ferrobotics_acf.egg-info/dependency_links.txt
[0.972s] writing entry points to ferrobotics_acf.egg-info/entry_points.txt
[0.972s] writing requirements to ferrobotics_acf.egg-info/requires.txt
[0.972s] writing top-level names to ferrobotics_acf.egg-info/top_level.txt
[0.990s] reading manifest file 'ferrobotics_acf.egg-info/SOURCES.txt'
[0.990s] writing manifest file 'ferrobotics_acf.egg-info/SOURCES.txt'
[1.000s] running build_ext
[1.000s] Creating /home/zzy/ur_real/install/ferrobotics_acf/lib/python3.10/site-packages/ferrobotics-acf.egg-link (link to .)
[1.000s] Installing acf script to /home/zzy/ur_real/install/ferrobotics_acf/lib/ferrobotics_acf
[1.001s] 
[1.001s] Installed /home/zzy/ur_real/build/ferrobotics_acf
[1.001s] running symlink_data
[1.026s] Invoked command in '/home/zzy/ur_real/build/ferrobotics_acf' returned '0': PYTHONPATH=/home/zzy/ur_real/build/ferrobotics_acf/prefix_override:/home/zzy/.local/lib/python3.10/site-packages/colcon_core/task/python/colcon_distutils_commands:/home/zzy/ur_real/install/ferrobotics_acf/lib/python3.10/site-packages:${PYTHONPATH} /usr/bin/python3 -W ignore:setup.py install is deprecated setup.py develop --editable --build-directory /home/zzy/ur_real/build/ferrobotics_acf/build --no-deps symlink_data
