[0.888s] Invoking command in '/home/zzy/ur_real/build/camera': PYTHONPATH=/home/zzy/ur_real/build/camera/prefix_override:/home/zzy/.local/lib/python3.10/site-packages/colcon_core/task/python/colcon_distutils_commands:/home/zzy/ur_real/install/camera/lib/python3.10/site-packages:${PYTHONPATH} /usr/bin/python3 -W ignore:setup.py install is deprecated setup.py develop --editable --build-directory /home/zzy/ur_real/build/camera/build --no-deps symlink_data
[0.983s] /home/zzy/.local/lib/python3.10/site-packages/setuptools/_distutils/dist.py:260: UserWarning: Unknown distribution option: 'tests_require'
[0.983s]   warnings.warn(msg)
[1.081s] running develop
[1.088s] /home/zzy/.local/lib/python3.10/site-packages/setuptools/command/develop.py:41: EasyInstallDeprecationWarning: easy_install command is deprecated.
[1.088s] !!
[1.089s] 
[1.089s]         ********************************************************************************
[1.089s]         Please avoid running ``setup.py`` and ``easy_install``.
[1.089s]         Instead, use pypa/build, pypa/installer or other
[1.089s]         standards-based tools.
[1.089s] 
[1.089s]         See https://github.com/pypa/setuptools/issues/917 for details.
[1.089s]         ********************************************************************************
[1.089s] 
[1.089s] !!
[1.089s]   easy_install.initialize_options(self)
[1.215s] running egg_info
[1.225s] writing camera.egg-info/PKG-INFO
[1.225s] writing dependency_links to camera.egg-info/dependency_links.txt
[1.225s] writing entry points to camera.egg-info/entry_points.txt
[1.225s] writing requirements to camera.egg-info/requires.txt
[1.225s] writing top-level names to camera.egg-info/top_level.txt
[1.243s] reading manifest file 'camera.egg-info/SOURCES.txt'
[1.244s] writing manifest file 'camera.egg-info/SOURCES.txt'
[1.254s] running build_ext
[1.254s] Creating /home/zzy/ur_real/install/camera/lib/python3.10/site-packages/camera.egg-link (link to .)
[1.254s] Installing realsense_ArUco_reader script to /home/zzy/ur_real/install/camera/lib/camera
[1.254s] 
[1.254s] Installed /home/zzy/ur_real/build/camera
[1.254s] running symlink_data
[1.277s] Invoked command in '/home/zzy/ur_real/build/camera' returned '0': PYTHONPATH=/home/zzy/ur_real/build/camera/prefix_override:/home/zzy/.local/lib/python3.10/site-packages/colcon_core/task/python/colcon_distutils_commands:/home/zzy/ur_real/install/camera/lib/python3.10/site-packages:${PYTHONPATH} /usr/bin/python3 -W ignore:setup.py install is deprecated setup.py develop --editable --build-directory /home/zzy/ur_real/build/camera/build --no-deps symlink_data
