[0.142s] Invoking command in '/home/zzy/ur_real/build/ferrobotics': CMAKE_PREFIX_PATH=${CMAKE_PREFIX_PATH}:/home/zzy/ur_real/install/ur10_vel:/home/zzy/ur_real/install/ferrobotics_acf:/home/zzy/ur_real/install/camera:/opt/ros/humble /usr/bin/cmake /home/zzy/ur_real/src/ferrobotics -DAMENT_CMAKE_SYMLINK_INSTALL=1 -DCMAKE_INSTALL_PREFIX=/home/zzy/ur_real/install/ferrobotics
[0.406s] -- The C compiler identification is GNU 11.4.0
[0.406s] -- The CXX compiler identification is GNU 11.4.0
[0.406s] -- Detecting C compiler ABI info
[0.406s] -- Detecting C compiler ABI info - done
[0.406s] -- Check for working C compiler: /usr/bin/cc - skipped
[0.407s] -- Detecting C compile features
[0.407s] -- Detecting C compile features - done
[0.407s] -- Detecting CXX compiler ABI info
[0.408s] -- Detecting CXX compiler ABI info - done
[0.408s] -- Check for working CXX compiler: /usr/bin/c++ - skipped
[0.408s] -- Detecting CXX compile features
[0.409s] -- Detecting CXX compile features - done
[0.409s] -- Found ament_cmake: 1.3.9 (/opt/ros/humble/share/ament_cmake/cmake)
[0.855s] -- Found Python3: /home/zzy/.pyenv/shims/python3 (found version "3.10.12") found components: Interpreter 
[0.951s] -- Override CMake install command with custom implementation using symlinks instead of copying resources
[0.970s] -- Found rclcpp: 16.0.9 (/opt/ros/humble/share/rclcpp/cmake)
[0.999s] -- Found rosidl_generator_c: 3.1.5 (/opt/ros/humble/share/rosidl_generator_c/cmake)
[1.003s] -- Found rosidl_adapter: 3.1.5 (/opt/ros/humble/share/rosidl_adapter/cmake)
[1.008s] -- Found rosidl_generator_cpp: 3.1.5 (/opt/ros/humble/share/rosidl_generator_cpp/cmake)
[1.017s] -- Using all available rosidl_typesupport_c: rosidl_typesupport_fastrtps_c;rosidl_typesupport_introspection_c
[1.031s] -- Using all available rosidl_typesupport_cpp: rosidl_typesupport_fastrtps_cpp;rosidl_typesupport_introspection_cpp
[1.077s] -- Found rmw_implementation_cmake: 6.1.2 (/opt/ros/humble/share/rmw_implementation_cmake/cmake)
[1.079s] -- Found rmw_cyclonedds_cpp: 1.3.4 (/opt/ros/humble/share/rmw_cyclonedds_cpp/cmake)
[1.101s] -- Using RMW implementation 'rmw_cyclonedds_cpp' as default
[1.108s] -- Looking for pthread.h
[1.157s] -- Looking for pthread.h - found
[1.157s] -- Performing Test CMAKE_HAVE_LIBC_PTHREAD
[1.204s] -- Performing Test CMAKE_HAVE_LIBC_PTHREAD - Success
[1.205s] -- Found Threads: TRUE  
[1.311s] -- Found rclpy: 3.3.13 (/opt/ros/humble/share/rclpy/cmake)
[1.312s] -- Found rosidl_default_generators: 1.2.0 (/opt/ros/humble/share/rosidl_default_generators/cmake)
[1.463s] [31mCMake Error at /opt/ros/humble/share/rosidl_adapter/cmake/rosidl_adapt_interfaces.cmake:59 (message):
[1.463s]   execute_process(/home/zzy/.pyenv/shims/python3 -m rosidl_adapter
[1.463s]   --package-name ferrobotics --arguments-file
[1.463s]   /home/zzy/ur_real/build/ferrobotics/rosidl_adapter__arguments__ferrobotics.json
[1.463s]   --output-dir /home/zzy/ur_real/build/ferrobotics/rosidl_adapter/ferrobotics
[1.463s]   --output-file
[1.463s]   /home/zzy/ur_real/build/ferrobotics/rosidl_adapter/ferrobotics.idls)
[1.463s]   returned error code 1:
[1.463s] 
[1.463s]   Traceback (most recent call last):
[1.463s] 
[1.463s]     File "/home/zzy/.pyenv/versions/3.10.12/lib/python3.10/runpy.py", line 196, in _run_module_as_main
[1.463s]       return _run_code(code, main_globals, None,
[1.463s]     File "/home/zzy/.pyenv/versions/3.10.12/lib/python3.10/runpy.py", line 86, in _run_code
[1.463s]       exec(code, run_globals)
[1.463s]     File "/opt/ros/humble/local/lib/python3.10/dist-packages/rosidl_adapter/__main__.py", line 19, in <module>
[1.463s]       sys.exit(main())
[1.463s]     File "/opt/ros/humble/local/lib/python3.10/dist-packages/rosidl_adapter/main.py", line 53, in main
[1.463s]       abs_idl_file = convert_to_idl(
[1.463s]     File "/opt/ros/humble/local/lib/python3.10/dist-packages/rosidl_adapter/__init__.py", line 18, in convert_to_idl
[1.464s]       from rosidl_adapter.msg import convert_msg_to_idl
[1.464s]     File "/opt/ros/humble/local/lib/python3.10/dist-packages/rosidl_adapter/msg/__init__.py", line 16, in <module>
[1.464s]       from rosidl_adapter.resource import expand_template
[1.464s]     File "/opt/ros/humble/local/lib/python3.10/dist-packages/rosidl_adapter/resource/__init__.py", line 19, in <module>
[1.464s]       import em
[1.464s] 
[1.464s]   ModuleNotFoundError: No module named 'em'
[1.464s] 
[1.464s] Call Stack (most recent call first):
[1.464s]   /opt/ros/humble/share/rosidl_cmake/cmake/rosidl_generate_interfaces.cmake:130 (rosidl_adapt_interfaces)
[1.464s]   CMakeLists.txt:16 (rosidl_generate_interfaces)
[1.464s] 
[1.464s] [0m
[1.464s] -- Configuring incomplete, errors occurred!
[1.464s] See also "/home/zzy/ur_real/build/ferrobotics/CMakeFiles/CMakeOutput.log".
