[0.184s] Invoking command in '/home/zzy/ur_real/build/ur_bringup': CMAKE_PREFIX_PATH=/opt/ros/humble CONDA_PROMPT_MODIFIER=(base) /usr/bin/cmake --build /home/zzy/ur_real/build/ur_bringup -- -j24 -l24
[0.216s] [35m[1mConsolidate compiler generated dependencies of target ur_bringup[0m
[0.231s] [ 50%] [32mBuilding CXX object CMakeFiles/ur_bringup.dir/src/moveit_bringup.cpp.o[0m
[3.330s] [01m[K/home/zzy/ur_real/src/ur_bringup/src/moveit_bringup.cpp:[m[K In member function ‘[01m[Kvoid MoveIt2Node::jointStatesCallback(sensor_msgs::msg::JointState_<std::allocator<void> >::SharedPtr)[m[K’:
[3.330s] [01m[K/home/zzy/ur_real/src/ur_bringup/src/moveit_bringup.cpp:43:30:[m[K [01;31m[Kerror: [m[Kno matching function for call to ‘[01m[Kmoveit::core::RobotState::RobotState()[m[K’
[3.330s]    43 |     moveit::core::RobotState [01;31m[Krobot_state[m[K;
[3.330s]       |                              [01;31m[K^~~~~~~~~~~[m[K
[3.330s] In file included from [01m[K/opt/ros/humble/include/moveit/robot_trajectory/robot_trajectory.h:40[m[K,
[3.330s]                  from [01m[K/opt/ros/humble/include/moveit/planning_interface/planning_response.h:39[m[K,
[3.330s]                  from [01m[K/opt/ros/humble/include/moveit/planning_interface/planning_interface.h:41[m[K,
[3.330s]                  from [01m[K/home/zzy/ur_real/src/ur_bringup/src/moveit_bringup.cpp:2[m[K:
[3.330s] [01m[K/opt/ros/humble/include/moveit/robot_state/robot_state.h:98:3:[m[K [01;36m[Knote: [m[Kcandidate: ‘[01m[Kmoveit::core::RobotState::RobotState(const moveit::core::RobotState&)[m[K’
[3.330s]    98 |   [01;36m[KRobotState[m[K(const RobotState& other);
[3.330s]       |   [01;36m[K^~~~~~~~~~[m[K
[3.330s] [01m[K/opt/ros/humble/include/moveit/robot_state/robot_state.h:98:3:[m[K [01;36m[Knote: [m[K  candidate expects 1 argument, 0 provided
[3.330s] [01m[K/opt/ros/humble/include/moveit/robot_state/robot_state.h:94:3:[m[K [01;36m[Knote: [m[Kcandidate: ‘[01m[Kmoveit::core::RobotState::RobotState(const RobotModelConstPtr&)[m[K’
[3.330s]    94 |   [01;36m[KRobotState[m[K(const RobotModelConstPtr& robot_model);
[3.330s]       |   [01;36m[K^~~~~~~~~~[m[K
[3.330s] [01m[K/opt/ros/humble/include/moveit/robot_state/robot_state.h:94:3:[m[K [01;36m[Knote: [m[K  candidate expects 1 argument, 0 provided
[3.339s] [01m[K/home/zzy/ur_real/src/ur_bringup/src/moveit_bringup.cpp:48:32:[m[K [01;31m[Kerror: [m[K‘[01m[Kusing element_type = class moveit::planning_interface::PlanningSceneInterface[m[K’ {aka ‘[01m[Kclass moveit::planning_interface::PlanningSceneInterface[m[K’} has no member named ‘[01m[KsetCurrentState[m[K’
[3.339s]    48 |     planning_scene_interface_->[01;31m[KsetCurrentState[m[K(robot_state);
[3.339s]       |                                [01;31m[K^~~~~~~~~~~~~~~[m[K
[3.339s] [01m[K/home/zzy/ur_real/src/ur_bringup/src/moveit_bringup.cpp:39:74:[m[K [01;35m[Kwarning: [m[Kunused parameter ‘[01m[Kmsg[m[K’ [[01;35m[K]8;;https://gcc.gnu.org/onlinedocs/gcc/Warning-Options.html#index-Wunused-parameter-Wunused-parameter]8;;[m[K]
[3.339s]    39 |   void jointStatesCallback([01;35m[Kconst sensor_msgs::msg::JointState::SharedPtr msg[m[K)
[3.339s]       |                            [01;35m[K~~~~~~~~~~~~~~~~~~~~~~~~~~~~~~~~~~~~~~~~~~~~~~^~~[m[K
[6.454s] gmake[2]: *** [CMakeFiles/ur_bringup.dir/build.make:76：CMakeFiles/ur_bringup.dir/src/moveit_bringup.cpp.o] 错误 1
[6.454s] gmake[1]: *** [CMakeFiles/Makefile2:137：CMakeFiles/ur_bringup.dir/all] 错误 2
[6.454s] gmake: *** [Makefile:146：all] 错误 2
[6.456s] Invoked command in '/home/zzy/ur_real/build/ur_bringup' returned '2': CMAKE_PREFIX_PATH=/opt/ros/humble CONDA_PROMPT_MODIFIER=(base) /usr/bin/cmake --build /home/zzy/ur_real/build/ur_bringup -- -j24 -l24
