[0.272s] Invoking command in '/home/zzy/ur_real/build/netft_description': /usr/bin/cmake /home/zzy/ur_real/src/netft/netft_description -DCATKIN_INSTALL_INTO_PREFIX_ROOT=0 -DCATKIN_SYMLINK_INSTALL=ON -DCMAKE_INSTALL_PREFIX=/home/zzy/ur_real/install/netft_description
[0.410s] [0mCMake Deprecation Warning at CMakeLists.txt:1 (cmake_minimum_required):
[0.410s]   Compatibility with CMake < 2.8.12 will be removed from a future version of
[0.411s]   CMake.
[0.411s] 
[0.411s]   Update the VERSION argument <min> value or use a ...<max> suffix to tell
[0.411s]   CMake that the project does not need compatibility with older versions.
[0.411s] 
[0.411s] [0m
[0.411s] -- The C compiler identification is GNU 11.4.0
[0.463s] -- The CXX compiler identification is GNU 11.4.0
[0.471s] -- Detecting C compiler ABI info
[0.515s] -- Detecting C compiler ABI info - done
[0.524s] -- Check for working C compiler: /usr/bin/cc - skipped
[0.524s] -- Detecting C compile features
[0.524s] -- Detecting C compile features - done
[0.527s] -- Detecting CXX compiler ABI info
[0.576s] -- Detecting CXX compiler ABI info - done
[0.584s] -- Check for working CXX compiler: /usr/bin/c++ - skipped
[0.584s] -- Detecting CXX compile features
[0.584s] -- Detecting CXX compile features - done
[0.591s] [31mCMake Error at CMakeLists.txt:4 (find_package):
[0.591s]   By not providing "Findcatkin.cmake" in CMAKE_MODULE_PATH this project has
[0.591s]   asked CMake to find a package configuration file provided by "catkin", but
[0.591s]   CMake did not find one.
[0.591s] 
[0.591s]   Could not find a package configuration file provided by "catkin" with any
[0.592s]   of the following names:
[0.592s] 
[0.592s]     catkinConfig.cmake
[0.592s]     catkin-config.cmake
[0.592s] 
[0.592s]   Add the installation prefix of "catkin" to CMAKE_PREFIX_PATH or set
[0.593s]   "catkin_DIR" to a directory containing one of the above files.  If "catkin"
[0.593s]   provides a separate development package or SDK, be sure it has been
[0.593s]   installed.
[0.593s] 
[0.593s] [0m
[0.593s] -- Configuring incomplete, errors occurred!
[0.593s] See also "/home/zzy/ur_real/build/netft_description/CMakeFiles/CMakeOutput.log".
[0.594s] Invoked command in '/home/zzy/ur_real/build/netft_description' returned '1': /usr/bin/cmake /home/zzy/ur_real/src/netft/netft_description -DCATKIN_INSTALL_INTO_PREFIX_ROOT=0 -DCATKIN_SYMLINK_INSTALL=ON -DCMAKE_INSTALL_PREFIX=/home/zzy/ur_real/install/netft_description
