[0.148s] Invoking command in '/home/zzy/ur_real/build/ferrobotics': CMAKE_PREFIX_PATH=/opt/ros/humble /usr/bin/cmake --build /home/zzy/ur_real/build/ferrobotics -- -j24 -l24
[0.412s] [  2%] Built target ferrobotics__cpp
[0.412s] [  2%] Built target ament_cmake_python_symlink_ferrobotics
[0.412s] [ 12%] Built target ferrobotics__rosidl_generator_c
[0.413s] [ 34%] Built target ferrobotics__rosidl_typesupport_introspection_cpp
[0.413s] [ 34%] Built target ferrobotics__rosidl_typesupport_cpp
[0.413s] [ 44%] Built target ferrobotics__rosidl_typesupport_fastrtps_cpp
[0.413s] [ 55%] Built target ferrobotics__rosidl_typesupport_c
[0.414s] [ 65%] Built target ferrobotics__rosidl_typesupport_introspection_c
[0.414s] [ 76%] Built target ferrobotics__rosidl_typesupport_fastrtps_c
[0.414s] [ 76%] Built target ferrobotics
[0.415s] [ 78%] Built target ferrobotics__py
[0.415s] [ 87%] Built target ferrobotics__rosidl_generator_py
[0.415s] [ 93%] Built target ferrobotics__rosidl_typesupport_fastrtps_c__pyext
[0.415s] [ 95%] Built target ferrobotics__rosidl_typesupport_introspection_c__pyext
[0.415s] [100%] Built target ferrobotics__rosidl_typesupport_c__pyext
[0.535s] running egg_info
[0.547s] writing ferrobotics.egg-info/PKG-INFO
[0.548s] writing dependency_links to ferrobotics.egg-info/dependency_links.txt
[0.548s] writing top-level names to ferrobotics.egg-info/top_level.txt
[0.584s] reading manifest file 'ferrobotics.egg-info/SOURCES.txt'
[0.585s] writing manifest file 'ferrobotics.egg-info/SOURCES.txt'
[0.604s] [100%] Built target ament_cmake_python_build_ferrobotics_egg
