[0.632s] Invoking command in '/home/zzy/ur_real/src/ur10_vel': PYTHONPATH=/home/zzy/ur_real/build/ur10_vel/prefix_override:/home/zzy/.local/lib/python3.10/site-packages/colcon_core/task/python/colcon_distutils_commands:/home/zzy/ur_real/install/ur10_vel/lib/python3.10/site-packages:${PYTHONPATH} /usr/bin/python3 -W ignore:setup.py install is deprecated setup.py egg_info --egg-base ../../build/ur10_vel build --build-base /home/zzy/ur_real/build/ur10_vel/build install --record /home/zzy/ur_real/build/ur10_vel/install.log --single-version-externally-managed install_data
[0.729s] /home/zzy/.local/lib/python3.10/site-packages/setuptools/_distutils/dist.py:260: UserWarning: Unknown distribution option: 'tests_require'
[0.729s]   warnings.warn(msg)
[0.786s] running egg_info
[0.794s] writing ../../build/ur10_vel/ur10_vel.egg-info/PKG-INFO
[0.795s] writing dependency_links to ../../build/ur10_vel/ur10_vel.egg-info/dependency_links.txt
[0.795s] writing entry points to ../../build/ur10_vel/ur10_vel.egg-info/entry_points.txt
[0.795s] writing requirements to ../../build/ur10_vel/ur10_vel.egg-info/requires.txt
[0.795s] writing top-level names to ../../build/ur10_vel/ur10_vel.egg-info/top_level.txt
[0.814s] reading manifest file '../../build/ur10_vel/ur10_vel.egg-info/SOURCES.txt'
[0.815s] writing manifest file '../../build/ur10_vel/ur10_vel.egg-info/SOURCES.txt'
[0.815s] running build
[0.815s] running build_py
[0.815s] copying ur10_vel/publisher_forward_velocity_controller.py -> /home/zzy/ur_real/build/ur10_vel/build/lib/ur10_vel
[0.815s] copying ur10_vel/check_keyboard.py -> /home/zzy/ur_real/build/ur10_vel/build/lib/ur10_vel
[0.815s] copying ur10_vel/moveit_bringup.py -> /home/zzy/ur_real/build/ur10_vel/build/lib/ur10_vel
[0.815s] copying ur10_vel/Joint_Velocity_Transfer.py -> /home/zzy/ur_real/build/ur10_vel/build/lib/ur10_vel
[0.815s] copying ur10_vel/joint_velocity_IK.py -> /home/zzy/ur_real/build/ur10_vel/build/lib/ur10_vel
[0.815s] copying ur10_vel/check_collision.py -> /home/zzy/ur_real/build/ur10_vel/build/lib/ur10_vel
[0.816s] copying ur10_vel/__init__.py -> /home/zzy/ur_real/build/ur10_vel/build/lib/ur10_vel
[0.816s] copying ur10_vel/compute_manipulability_J.py -> /home/zzy/ur_real/build/ur10_vel/build/lib/ur10_vel
[0.816s] running install
[0.819s] running install_lib
[0.829s] running install_data
[0.829s] copying resource/ur10_vel -> /home/zzy/ur_real/install/ur10_vel/share/ament_index/resource_index/packages
[0.829s] copying package.xml -> /home/zzy/ur_real/install/ur10_vel/share/ur10_vel
[0.829s] running install_egg_info
[0.840s] removing '/home/zzy/ur_real/install/ur10_vel/lib/python3.10/site-packages/ur10_vel-0.0.0-py3.10.egg-info' (and everything under it)
[0.840s] Copying ../../build/ur10_vel/ur10_vel.egg-info to /home/zzy/ur_real/install/ur10_vel/lib/python3.10/site-packages/ur10_vel-0.0.0-py3.10.egg-info
[0.840s] running install_scripts
[0.920s] Installing Joint_Velocity_Transfer script to /home/zzy/ur_real/install/ur10_vel/lib/ur10_vel
[0.921s] Installing check_collision script to /home/zzy/ur_real/install/ur10_vel/lib/ur10_vel
[0.921s] Installing check_keyboard script to /home/zzy/ur_real/install/ur10_vel/lib/ur10_vel
[0.921s] Installing joint_velocity_IK script to /home/zzy/ur_real/install/ur10_vel/lib/ur10_vel
[0.921s] Installing publisher_forward_velocity_controller script to /home/zzy/ur_real/install/ur10_vel/lib/ur10_vel
[0.921s] writing list of installed files to '/home/zzy/ur_real/build/ur10_vel/install.log'
[0.938s] Invoked command in '/home/zzy/ur_real/src/ur10_vel' returned '0': PYTHONPATH=/home/zzy/ur_real/build/ur10_vel/prefix_override:/home/zzy/.local/lib/python3.10/site-packages/colcon_core/task/python/colcon_distutils_commands:/home/zzy/ur_real/install/ur10_vel/lib/python3.10/site-packages:${PYTHONPATH} /usr/bin/python3 -W ignore:setup.py install is deprecated setup.py egg_info --egg-base ../../build/ur10_vel build --build-base /home/zzy/ur_real/build/ur10_vel/build install --record /home/zzy/ur_real/build/ur10_vel/install.log --single-version-externally-managed install_data
