[0.629s] Invoking command in '/home/zzy/ur_real/build/ur10_vel': PYTHONPATH=/home/zzy/ur_real/build/ur10_vel/prefix_override:/home/zzy/.local/lib/python3.10/site-packages/colcon_core/task/python/colcon_distutils_commands:/home/zzy/ur_real/install/ur10_vel/lib/python3.10/site-packages:${PYTHONPATH} /usr/bin/python3 -W ignore:setup.py install is deprecated setup.py develop --editable --build-directory /home/zzy/ur_real/build/ur10_vel/build --no-deps symlink_data
[0.725s] /home/zzy/.local/lib/python3.10/site-packages/setuptools/_distutils/dist.py:260: UserWarning: Unknown distribution option: 'tests_require'
[0.725s]   warnings.warn(msg)
[0.826s] running develop
[0.826s] /home/zzy/.local/lib/python3.10/site-packages/setuptools/command/develop.py:41: EasyInstallDeprecationWarning: easy_install command is deprecated.
[0.826s] !!
[0.826s] 
[0.826s]         ********************************************************************************
[0.826s]         Please avoid running ``setup.py`` and ``easy_install``.
[0.826s]         Instead, use pypa/build, pypa/installer or other
[0.827s]         standards-based tools.
[0.827s] 
[0.827s]         See https://github.com/pypa/setuptools/issues/917 for details.
[0.827s]         ********************************************************************************
[0.827s] 
[0.827s] !!
[0.827s]   easy_install.initialize_options(self)
[0.956s] running egg_info
[0.965s] writing ur10_vel.egg-info/PKG-INFO
[0.965s] writing dependency_links to ur10_vel.egg-info/dependency_links.txt
[0.965s] writing entry points to ur10_vel.egg-info/entry_points.txt
[0.965s] writing requirements to ur10_vel.egg-info/requires.txt
[0.965s] writing top-level names to ur10_vel.egg-info/top_level.txt
[0.984s] reading manifest file 'ur10_vel.egg-info/SOURCES.txt'
[0.985s] writing manifest file 'ur10_vel.egg-info/SOURCES.txt'
[0.995s] running build_ext
[0.995s] Creating /home/zzy/ur_real/install/ur10_vel/lib/python3.10/site-packages/ur10-vel.egg-link (link to .)
[0.995s] Installing Joint_Velocity_Transfer script to /home/zzy/ur_real/install/ur10_vel/lib/ur10_vel
[0.995s] Installing check_collision script to /home/zzy/ur_real/install/ur10_vel/lib/ur10_vel
[0.995s] Installing check_keyboard script to /home/zzy/ur_real/install/ur10_vel/lib/ur10_vel
[0.996s] Installing joint_velocity_IK script to /home/zzy/ur_real/install/ur10_vel/lib/ur10_vel
[0.996s] Installing publisher_forward_velocity_controller script to /home/zzy/ur_real/install/ur10_vel/lib/ur10_vel
[0.996s] 
[0.996s] Installed /home/zzy/ur_real/build/ur10_vel
[0.996s] running symlink_data
[1.016s] Invoked command in '/home/zzy/ur_real/build/ur10_vel' returned '0': PYTHONPATH=/home/zzy/ur_real/build/ur10_vel/prefix_override:/home/zzy/.local/lib/python3.10/site-packages/colcon_core/task/python/colcon_distutils_commands:/home/zzy/ur_real/install/ur10_vel/lib/python3.10/site-packages:${PYTHONPATH} /usr/bin/python3 -W ignore:setup.py install is deprecated setup.py develop --editable --build-directory /home/zzy/ur_real/build/ur10_vel/build --no-deps symlink_data
