[0.171s] Invoking command in '/home/zzy/ur_real/build/ur_bringup': CMAKE_PREFIX_PATH=/opt/ros/humble CONDA_PROMPT_MODIFIER=(base) /usr/bin/cmake /home/zzy/ur_real/src/ur_bringup -DAMENT_CMAKE_SYMLINK_INSTALL=1 -DCMAKE_INSTALL_PREFIX=/home/zzy/ur_real/install/ur_bringup
[0.196s] -- Found ament_cmake: 1.3.9 (/opt/ros/humble/share/ament_cmake/cmake)
[0.282s] -- Override CMake install command with custom implementation using symlinks instead of copying resources
[0.292s] -- Found ament_lint_auto: 0.12.11 (/opt/ros/humble/share/ament_lint_auto/cmake)
[0.358s] -- Added test 'flake8' to check Python code syntax and style conventions
[0.358s] -- Added test 'lint_cmake' to check CMake code style
[0.358s] -- Added test 'pep257' to check Python code against some of the docstring style conventions in PEP 257
[0.359s] -- Added test 'xmllint' to check XML markup files
[0.360s] -- Configuring done
[0.363s] -- Generating done
[0.363s] -- Build files have been written to: /home/zzy/ur_real/build/ur_bringup
[0.365s] Invoked command in '/home/zzy/ur_real/build/ur_bringup' returned '0': CMAKE_PREFIX_PATH=/opt/ros/humble CONDA_PROMPT_MODIFIER=(base) /usr/bin/cmake /home/zzy/ur_real/src/ur_bringup -DAMENT_CMAKE_SYMLINK_INSTALL=1 -DCMAKE_INSTALL_PREFIX=/home/zzy/ur_real/install/ur_bringup
[0.366s] Invoking command in '/home/zzy/ur_real/build/ur_bringup': CMAKE_PREFIX_PATH=/opt/ros/humble CONDA_PROMPT_MODIFIER=(base) /usr/bin/cmake --build /home/zzy/ur_real/build/ur_bringup -- -j24 -l24
[0.395s] Invoked command in '/home/zzy/ur_real/build/ur_bringup' returned '0': CMAKE_PREFIX_PATH=/opt/ros/humble CONDA_PROMPT_MODIFIER=(base) /usr/bin/cmake --build /home/zzy/ur_real/build/ur_bringup -- -j24 -l24
[0.420s] Invoking command in '/home/zzy/ur_real/build/ur_bringup': CMAKE_PREFIX_PATH=/opt/ros/humble CONDA_PROMPT_MODIFIER=(base) /usr/bin/cmake --install /home/zzy/ur_real/build/ur_bringup
[0.425s] -- Install configuration: ""
[0.425s] -- Execute custom install script
[0.426s] -- Up-to-date symlink: /home/zzy/ur_real/install/ur_bringup/share/ur_bringup//launch/joint_velocity_controller.launch.py
[0.426s] -- Up-to-date symlink: /home/zzy/ur_real/install/ur_bringup/share/ur_bringup//launch/test_forward_velocity_controller.launch.py
[0.426s] -- Up-to-date symlink: /home/zzy/ur_real/install/ur_bringup/share/ur_bringup//launch/test_scaled_joint_trajectory_controller.launch.py
[0.426s] -- Up-to-date symlink: /home/zzy/ur_real/install/ur_bringup/share/ur_bringup/config/test_goal_publishers_config.yaml
[0.426s] -- Up-to-date symlink: /home/zzy/ur_real/install/ur_bringup/share/ur_bringup/config/test_velocity_goal_publishers_config.yaml
[0.426s] -- Up-to-date symlink: /home/zzy/ur_real/install/ur_bringup/share/ur_bringup/config/ur10_update_rate.yaml
[0.426s] -- Up-to-date symlink: /home/zzy/ur_real/install/ur_bringup/share/ur_bringup/config/ur_controllers.yaml
[0.426s] -- Up-to-date symlink: /home/zzy/ur_real/install/ur_bringup/share/ament_index/resource_index/package_run_dependencies/ur_bringup
[0.426s] -- Up-to-date symlink: /home/zzy/ur_real/install/ur_bringup/share/ament_index/resource_index/parent_prefix_path/ur_bringup
[0.427s] -- Up-to-date symlink: /home/zzy/ur_real/install/ur_bringup/share/ur_bringup/environment/ament_prefix_path.sh
[0.427s] -- Up-to-date symlink: /home/zzy/ur_real/install/ur_bringup/share/ur_bringup/environment/ament_prefix_path.dsv
[0.427s] -- Up-to-date symlink: /home/zzy/ur_real/install/ur_bringup/share/ur_bringup/environment/path.sh
[0.427s] -- Up-to-date symlink: /home/zzy/ur_real/install/ur_bringup/share/ur_bringup/environment/path.dsv
[0.427s] -- Up-to-date symlink: /home/zzy/ur_real/install/ur_bringup/share/ur_bringup/local_setup.bash
[0.427s] -- Up-to-date symlink: /home/zzy/ur_real/install/ur_bringup/share/ur_bringup/local_setup.sh
[0.427s] -- Up-to-date symlink: /home/zzy/ur_real/install/ur_bringup/share/ur_bringup/local_setup.zsh
[0.427s] -- Up-to-date symlink: /home/zzy/ur_real/install/ur_bringup/share/ur_bringup/local_setup.dsv
[0.427s] -- Symlinking: /home/zzy/ur_real/install/ur_bringup/share/ur_bringup/package.dsv
[0.433s] -- Up-to-date symlink: /home/zzy/ur_real/install/ur_bringup/share/ament_index/resource_index/packages/ur_bringup
[0.433s] -- Up-to-date symlink: /home/zzy/ur_real/install/ur_bringup/share/ur_bringup/cmake/ur_bringupConfig.cmake
[0.433s] -- Up-to-date symlink: /home/zzy/ur_real/install/ur_bringup/share/ur_bringup/cmake/ur_bringupConfig-version.cmake
[0.433s] -- Up-to-date symlink: /home/zzy/ur_real/install/ur_bringup/share/ur_bringup/package.xml
[0.436s] Invoked command in '/home/zzy/ur_real/build/ur_bringup' returned '0': CMAKE_PREFIX_PATH=/opt/ros/humble CONDA_PROMPT_MODIFIER=(base) /usr/bin/cmake --install /home/zzy/ur_real/build/ur_bringup
