/home/zzy/.local/lib/python3.10/site-packages/setuptools/_distutils/dist.py:260: UserWarning: Unknown distribution option: 'tests_require'
  warnings.warn(msg)
running develop
/home/zzy/.local/lib/python3.10/site-packages/setuptools/command/develop.py:41: EasyInstallDeprecationWarning: easy_install command is deprecated.
!!

        ********************************************************************************
        Please avoid running ``setup.py`` and ``easy_install``.
        Instead, use pypa/build, pypa/installer or other
        standards-based tools.

        See https://github.com/pypa/setuptools/issues/917 for details.
        ********************************************************************************

!!
  easy_install.initialize_options(self)
Removing /home/zzy/ur_real/install/ati_sensor/lib/python3.10/site-packages/ati-sensor.egg-link (link to .)
/home/zzy/.local/lib/python3.10/site-packages/setuptools/_distutils/dist.py:260: UserWarning: Unknown distribution option: 'tests_require'
  warnings.warn(msg)
running egg_info
writing ../../build/ati_sensor/ati_sensor.egg-info/PKG-INFO
writing dependency_links to ../../build/ati_sensor/ati_sensor.egg-info/dependency_links.txt
writing entry points to ../../build/ati_sensor/ati_sensor.egg-info/entry_points.txt
writing requirements to ../../build/ati_sensor/ati_sensor.egg-info/requires.txt
writing top-level names to ../../build/ati_sensor/ati_sensor.egg-info/top_level.txt
reading manifest file '../../build/ati_sensor/ati_sensor.egg-info/SOURCES.txt'
writing manifest file '../../build/ati_sensor/ati_sensor.egg-info/SOURCES.txt'
running build
running build_py
creating /home/zzy/ur_real/build/ati_sensor/build
creating /home/zzy/ur_real/build/ati_sensor/build/lib
creating /home/zzy/ur_real/build/ati_sensor/build/lib/ati_sensor
copying ati_sensor/ati_net_ft_driver_ros.py -> /home/zzy/ur_real/build/ati_sensor/build/lib/ati_sensor
copying ati_sensor/rpi_ati_net_ft.py -> /home/zzy/ur_real/build/ati_sensor/build/lib/ati_sensor
copying ati_sensor/test_rpi_ati_net_ft.py -> /home/zzy/ur_real/build/ati_sensor/build/lib/ati_sensor
copying ati_sensor/__init__.py -> /home/zzy/ur_real/build/ati_sensor/build/lib/ati_sensor
running install
running install_lib
creating /home/zzy/ur_real/install/ati_sensor/lib/python3.10/site-packages/ati_sensor
copying /home/zzy/ur_real/build/ati_sensor/build/lib/ati_sensor/ati_net_ft_driver_ros.py -> /home/zzy/ur_real/install/ati_sensor/lib/python3.10/site-packages/ati_sensor
copying /home/zzy/ur_real/build/ati_sensor/build/lib/ati_sensor/rpi_ati_net_ft.py -> /home/zzy/ur_real/install/ati_sensor/lib/python3.10/site-packages/ati_sensor
copying /home/zzy/ur_real/build/ati_sensor/build/lib/ati_sensor/test_rpi_ati_net_ft.py -> /home/zzy/ur_real/install/ati_sensor/lib/python3.10/site-packages/ati_sensor
copying /home/zzy/ur_real/build/ati_sensor/build/lib/ati_sensor/__init__.py -> /home/zzy/ur_real/install/ati_sensor/lib/python3.10/site-packages/ati_sensor
byte-compiling /home/zzy/ur_real/install/ati_sensor/lib/python3.10/site-packages/ati_sensor/ati_net_ft_driver_ros.py to ati_net_ft_driver_ros.cpython-310.pyc
byte-compiling /home/zzy/ur_real/install/ati_sensor/lib/python3.10/site-packages/ati_sensor/rpi_ati_net_ft.py to rpi_ati_net_ft.cpython-310.pyc
byte-compiling /home/zzy/ur_real/install/ati_sensor/lib/python3.10/site-packages/ati_sensor/test_rpi_ati_net_ft.py to test_rpi_ati_net_ft.cpython-310.pyc
byte-compiling /home/zzy/ur_real/install/ati_sensor/lib/python3.10/site-packages/ati_sensor/__init__.py to __init__.cpython-310.pyc
running install_data
copying resource/ati_sensor -> /home/zzy/ur_real/install/ati_sensor/share/ament_index/resource_index/packages
copying package.xml -> /home/zzy/ur_real/install/ati_sensor/share/ati_sensor
running install_egg_info
Copying ../../build/ati_sensor/ati_sensor.egg-info to /home/zzy/ur_real/install/ati_sensor/lib/python3.10/site-packages/ati_sensor-0.0.0-py3.10.egg-info
running install_scripts
Installing ati_net_ft_driver_ros script to /home/zzy/ur_real/install/ati_sensor/lib/ati_sensor
Installing test_rpi_ati_net_ft script to /home/zzy/ur_real/install/ati_sensor/lib/ati_sensor
writing list of installed files to '/home/zzy/ur_real/build/ati_sensor/install.log'
