[0.882s] Invoking command in '/home/zzy/ur_real/build/ati_sensor': PYTHONPATH=/home/zzy/ur_real/build/ati_sensor/prefix_override:/home/zzy/.local/lib/python3.10/site-packages/colcon_core/task/python/colcon_distutils_commands:/home/zzy/ur_real/install/ati_sensor/lib/python3.10/site-packages:${PYTHONPATH} /usr/bin/python3 -W ignore:setup.py install is deprecated setup.py develop --uninstall --editable --build-directory /home/zzy/ur_real/build/ati_sensor/build
[0.978s] /home/zzy/.local/lib/python3.10/site-packages/setuptools/_distutils/dist.py:260: UserWarning: Unknown distribution option: 'tests_require'
[0.978s]   warnings.warn(msg)
[1.069s] running develop
[1.070s] /home/zzy/.local/lib/python3.10/site-packages/setuptools/command/develop.py:41: EasyInstallDeprecationWarning: easy_install command is deprecated.
[1.070s] !!
[1.070s] 
[1.070s]         ********************************************************************************
[1.070s]         Please avoid running ``setup.py`` and ``easy_install``.
[1.070s]         Instead, use pypa/build, pypa/installer or other
[1.070s]         standards-based tools.
[1.070s] 
[1.070s]         See https://github.com/pypa/setuptools/issues/917 for details.
[1.070s]         ********************************************************************************
[1.070s] 
[1.070s] !!
[1.070s]   easy_install.initialize_options(self)
[1.200s] Removing /home/zzy/ur_real/install/ati_sensor/lib/python3.10/site-packages/ati-sensor.egg-link (link to .)
[1.226s] Invoked command in '/home/zzy/ur_real/build/ati_sensor' returned '0': PYTHONPATH=/home/zzy/ur_real/build/ati_sensor/prefix_override:/home/zzy/.local/lib/python3.10/site-packages/colcon_core/task/python/colcon_distutils_commands:/home/zzy/ur_real/install/ati_sensor/lib/python3.10/site-packages:${PYTHONPATH} /usr/bin/python3 -W ignore:setup.py install is deprecated setup.py develop --uninstall --editable --build-directory /home/zzy/ur_real/build/ati_sensor/build
[1.227s] Invoking command in '/home/zzy/ur_real/src/ati_sensor': PYTHONPATH=/home/zzy/ur_real/build/ati_sensor/prefix_override:/home/zzy/.local/lib/python3.10/site-packages/colcon_core/task/python/colcon_distutils_commands:/home/zzy/ur_real/install/ati_sensor/lib/python3.10/site-packages:${PYTHONPATH} /usr/bin/python3 -W ignore:setup.py install is deprecated setup.py egg_info --egg-base ../../build/ati_sensor build --build-base /home/zzy/ur_real/build/ati_sensor/build install --record /home/zzy/ur_real/build/ati_sensor/install.log --single-version-externally-managed install_data --force
[1.328s] /home/zzy/.local/lib/python3.10/site-packages/setuptools/_distutils/dist.py:260: UserWarning: Unknown distribution option: 'tests_require'
[1.328s]   warnings.warn(msg)
[1.384s] running egg_info
[1.393s] writing ../../build/ati_sensor/ati_sensor.egg-info/PKG-INFO
[1.393s] writing dependency_links to ../../build/ati_sensor/ati_sensor.egg-info/dependency_links.txt
[1.393s] writing entry points to ../../build/ati_sensor/ati_sensor.egg-info/entry_points.txt
[1.393s] writing requirements to ../../build/ati_sensor/ati_sensor.egg-info/requires.txt
[1.393s] writing top-level names to ../../build/ati_sensor/ati_sensor.egg-info/top_level.txt
[1.413s] reading manifest file '../../build/ati_sensor/ati_sensor.egg-info/SOURCES.txt'
[1.414s] writing manifest file '../../build/ati_sensor/ati_sensor.egg-info/SOURCES.txt'
[1.414s] running build
[1.414s] running build_py
[1.414s] creating /home/zzy/ur_real/build/ati_sensor/build
[1.414s] creating /home/zzy/ur_real/build/ati_sensor/build/lib
[1.414s] creating /home/zzy/ur_real/build/ati_sensor/build/lib/ati_sensor
[1.414s] copying ati_sensor/ati_net_ft_driver_ros.py -> /home/zzy/ur_real/build/ati_sensor/build/lib/ati_sensor
[1.414s] copying ati_sensor/rpi_ati_net_ft.py -> /home/zzy/ur_real/build/ati_sensor/build/lib/ati_sensor
[1.414s] copying ati_sensor/test_rpi_ati_net_ft.py -> /home/zzy/ur_real/build/ati_sensor/build/lib/ati_sensor
[1.414s] copying ati_sensor/__init__.py -> /home/zzy/ur_real/build/ati_sensor/build/lib/ati_sensor
[1.414s] running install
[1.417s] running install_lib
[1.426s] creating /home/zzy/ur_real/install/ati_sensor/lib/python3.10/site-packages/ati_sensor
[1.427s] copying /home/zzy/ur_real/build/ati_sensor/build/lib/ati_sensor/ati_net_ft_driver_ros.py -> /home/zzy/ur_real/install/ati_sensor/lib/python3.10/site-packages/ati_sensor
[1.427s] copying /home/zzy/ur_real/build/ati_sensor/build/lib/ati_sensor/rpi_ati_net_ft.py -> /home/zzy/ur_real/install/ati_sensor/lib/python3.10/site-packages/ati_sensor
[1.427s] copying /home/zzy/ur_real/build/ati_sensor/build/lib/ati_sensor/test_rpi_ati_net_ft.py -> /home/zzy/ur_real/install/ati_sensor/lib/python3.10/site-packages/ati_sensor
[1.427s] copying /home/zzy/ur_real/build/ati_sensor/build/lib/ati_sensor/__init__.py -> /home/zzy/ur_real/install/ati_sensor/lib/python3.10/site-packages/ati_sensor
[1.427s] byte-compiling /home/zzy/ur_real/install/ati_sensor/lib/python3.10/site-packages/ati_sensor/ati_net_ft_driver_ros.py to ati_net_ft_driver_ros.cpython-310.pyc
[1.427s] byte-compiling /home/zzy/ur_real/install/ati_sensor/lib/python3.10/site-packages/ati_sensor/rpi_ati_net_ft.py to rpi_ati_net_ft.cpython-310.pyc
[1.428s] byte-compiling /home/zzy/ur_real/install/ati_sensor/lib/python3.10/site-packages/ati_sensor/test_rpi_ati_net_ft.py to test_rpi_ati_net_ft.cpython-310.pyc
[1.428s] byte-compiling /home/zzy/ur_real/install/ati_sensor/lib/python3.10/site-packages/ati_sensor/__init__.py to __init__.cpython-310.pyc
[1.428s] running install_data
[1.429s] copying resource/ati_sensor -> /home/zzy/ur_real/install/ati_sensor/share/ament_index/resource_index/packages
[1.429s] copying package.xml -> /home/zzy/ur_real/install/ati_sensor/share/ati_sensor
[1.429s] running install_egg_info
[1.439s] Copying ../../build/ati_sensor/ati_sensor.egg-info to /home/zzy/ur_real/install/ati_sensor/lib/python3.10/site-packages/ati_sensor-0.0.0-py3.10.egg-info
[1.440s] running install_scripts
[1.519s] Installing ati_net_ft_driver_ros script to /home/zzy/ur_real/install/ati_sensor/lib/ati_sensor
[1.520s] Installing test_rpi_ati_net_ft script to /home/zzy/ur_real/install/ati_sensor/lib/ati_sensor
[1.520s] writing list of installed files to '/home/zzy/ur_real/build/ati_sensor/install.log'
[1.545s] Invoked command in '/home/zzy/ur_real/src/ati_sensor' returned '0': PYTHONPATH=/home/zzy/ur_real/build/ati_sensor/prefix_override:/home/zzy/.local/lib/python3.10/site-packages/colcon_core/task/python/colcon_distutils_commands:/home/zzy/ur_real/install/ati_sensor/lib/python3.10/site-packages:${PYTHONPATH} /usr/bin/python3 -W ignore:setup.py install is deprecated setup.py egg_info --egg-base ../../build/ati_sensor build --build-base /home/zzy/ur_real/build/ati_sensor/build install --record /home/zzy/ur_real/build/ati_sensor/install.log --single-version-externally-managed install_data --force
