[0.380s] Invoking command in '/home/zzy/ur_real/build/ur10_vel': CONDA_PROMPT_MODIFIER=(mujoco_env) PYTHONPATH=/home/zzy/ur_real/build/ur10_vel/prefix_override:/usr/lib/python3/dist-packages/colcon_core/task/python/colcon_distutils_commands:/home/zzy/ur_real/install/ur10_vel/lib/python3.10/site-packages:${PYTHONPATH} /usr/bin/python3 -W ignore:setup.py install is deprecated setup.py develop --editable --build-directory /home/zzy/ur_real/build/ur10_vel/build --no-deps symlink_data
[0.538s] running develop
[0.538s] /usr/lib/python3/dist-packages/setuptools/command/easy_install.py:158: EasyInstallDeprecationWarning: easy_install command is deprecated. Use build and pip and other standards-based tools.
[0.538s]   warnings.warn(
[0.642s] running egg_info
[0.642s] writing ur10_vel.egg-info/PKG-INFO
[0.642s] writing dependency_links to ur10_vel.egg-info/dependency_links.txt
[0.642s] writing entry points to ur10_vel.egg-info/entry_points.txt
[0.642s] writing requirements to ur10_vel.egg-info/requires.txt
[0.642s] writing top-level names to ur10_vel.egg-info/top_level.txt
[0.644s] reading manifest file 'ur10_vel.egg-info/SOURCES.txt'
[0.644s] writing manifest file 'ur10_vel.egg-info/SOURCES.txt'
[0.645s] running build_ext
[0.645s] Creating /home/zzy/ur_real/install/ur10_vel/lib/python3.10/site-packages/ur10-vel.egg-link (link to .)
[0.645s] Installing check_collision script to /home/zzy/ur_real/install/ur10_vel/lib/ur10_vel
[0.645s] Installing joint_velocity_IK script to /home/zzy/ur_real/install/ur10_vel/lib/ur10_vel
[0.645s] Installing publisher_forward_velocity_controller script to /home/zzy/ur_real/install/ur10_vel/lib/ur10_vel
[0.646s] 
[0.646s] Installed /home/zzy/ur_real/build/ur10_vel
[0.646s] running symlink_data
[0.661s] Invoked command in '/home/zzy/ur_real/build/ur10_vel' returned '0': CONDA_PROMPT_MODIFIER=(mujoco_env) PYTHONPATH=/home/zzy/ur_real/build/ur10_vel/prefix_override:/usr/lib/python3/dist-packages/colcon_core/task/python/colcon_distutils_commands:/home/zzy/ur_real/install/ur10_vel/lib/python3.10/site-packages:${PYTHONPATH} /usr/bin/python3 -W ignore:setup.py install is deprecated setup.py develop --editable --build-directory /home/zzy/ur_real/build/ur10_vel/build --no-deps symlink_data
