[0.961s] Invoking command in '/home/zzy/ur_real/build/ati_sensor': PYTHONPATH=/home/zzy/ur_real/build/ati_sensor/prefix_override:/home/zzy/.local/lib/python3.10/site-packages/colcon_core/task/python/colcon_distutils_commands:/home/zzy/ur_real/install/ati_sensor/lib/python3.10/site-packages:${PYTHONPATH} /usr/bin/python3 -W ignore:setup.py install is deprecated setup.py develop --editable --build-directory /home/zzy/ur_real/build/ati_sensor/build --no-deps symlink_data
[1.066s] /home/zzy/.local/lib/python3.10/site-packages/setuptools/_distutils/dist.py:260: UserWarning: Unknown distribution option: 'tests_require'
[1.066s]   warnings.warn(msg)
[1.171s] running develop
[1.172s] /home/zzy/.local/lib/python3.10/site-packages/setuptools/command/develop.py:41: EasyInstallDeprecationWarning: easy_install command is deprecated.
[1.172s] !!
[1.172s] 
[1.172s]         ********************************************************************************
[1.172s]         Please avoid running ``setup.py`` and ``easy_install``.
[1.172s]         Instead, use pypa/build, pypa/installer or other
[1.172s]         standards-based tools.
[1.172s] 
[1.172s]         See https://github.com/pypa/setuptools/issues/917 for details.
[1.172s]         ********************************************************************************
[1.172s] 
[1.172s] !!
[1.172s]   easy_install.initialize_options(self)
[1.306s] running egg_info
[1.315s] writing ati_sensor.egg-info/PKG-INFO
[1.316s] writing dependency_links to ati_sensor.egg-info/dependency_links.txt
[1.316s] writing entry points to ati_sensor.egg-info/entry_points.txt
[1.316s] writing requirements to ati_sensor.egg-info/requires.txt
[1.316s] writing top-level names to ati_sensor.egg-info/top_level.txt
[1.335s] reading manifest file 'ati_sensor.egg-info/SOURCES.txt'
[1.336s] writing manifest file 'ati_sensor.egg-info/SOURCES.txt'
[1.346s] running build_ext
[1.346s] Creating /home/zzy/ur_real/install/ati_sensor/lib/python3.10/site-packages/ati-sensor.egg-link (link to .)
[1.346s] Installing ati_net_ft_driver_ros script to /home/zzy/ur_real/install/ati_sensor/lib/ati_sensor
[1.347s] Installing test_rpi_ati_net_ft script to /home/zzy/ur_real/install/ati_sensor/lib/ati_sensor
[1.347s] 
[1.347s] Installed /home/zzy/ur_real/build/ati_sensor
[1.347s] running symlink_data
[1.369s] Invoked command in '/home/zzy/ur_real/build/ati_sensor' returned '0': PYTHONPATH=/home/zzy/ur_real/build/ati_sensor/prefix_override:/home/zzy/.local/lib/python3.10/site-packages/colcon_core/task/python/colcon_distutils_commands:/home/zzy/ur_real/install/ati_sensor/lib/python3.10/site-packages:${PYTHONPATH} /usr/bin/python3 -W ignore:setup.py install is deprecated setup.py develop --editable --build-directory /home/zzy/ur_real/build/ati_sensor/build --no-deps symlink_data
