/home/zzy/.local/lib/python3.10/site-packages/setuptools/_distutils/dist.py:260: UserWarning: Unknown distribution option: 'tests_require'
  warnings.warn(msg)
running develop
/home/zzy/.local/lib/python3.10/site-packages/setuptools/command/develop.py:41: EasyInstallDeprecationWarning: easy_install command is deprecated.
!!

        ********************************************************************************
        Please avoid running ``setup.py`` and ``easy_install``.
        Instead, use pypa/build, pypa/installer or other
        standards-based tools.

        See https://github.com/pypa/setuptools/issues/917 for details.
        ********************************************************************************

!!
  easy_install.initialize_options(self)
running egg_info
writing ur10_vel.egg-info/PKG-INFO
writing dependency_links to ur10_vel.egg-info/dependency_links.txt
writing entry points to ur10_vel.egg-info/entry_points.txt
writing requirements to ur10_vel.egg-info/requires.txt
writing top-level names to ur10_vel.egg-info/top_level.txt
reading manifest file 'ur10_vel.egg-info/SOURCES.txt'
writing manifest file 'ur10_vel.egg-info/SOURCES.txt'
running build_ext
Creating /home/zzy/ur_real/install/ur10_vel/lib/python3.10/site-packages/ur10-vel.egg-link (link to .)
Installing Joint_Velocity_Transfer script to /home/zzy/ur_real/install/ur10_vel/lib/ur10_vel
Installing check_collision script to /home/zzy/ur_real/install/ur10_vel/lib/ur10_vel
Installing check_keyboard script to /home/zzy/ur_real/install/ur10_vel/lib/ur10_vel
Installing joint_velocity_IK script to /home/zzy/ur_real/install/ur10_vel/lib/ur10_vel
Installing publisher_forward_velocity_controller script to /home/zzy/ur_real/install/ur10_vel/lib/ur10_vel

Installed /home/zzy/ur_real/build/ur10_vel
running symlink_data
