[0.756s] Invoking command in '/home/zzy/ur_real/build/ferrobotics_acf': PYTHONPATH=/home/zzy/ur_real/build/ferrobotics_acf/prefix_override:/home/zzy/.local/lib/python3.10/site-packages/colcon_core/task/python/colcon_distutils_commands:/home/zzy/ur_real/install/ferrobotics_acf/lib/python3.10/site-packages:${PYTHONPATH} /usr/bin/python3 -W ignore:setup.py install is deprecated setup.py develop --editable --build-directory /home/zzy/ur_real/build/ferrobotics_acf/build --no-deps symlink_data
[0.850s] /home/zzy/.local/lib/python3.10/site-packages/setuptools/_distutils/dist.py:260: UserWarning: Unknown distribution option: 'tests_require'
[0.850s]   warnings.warn(msg)
[0.950s] running develop
[0.951s] /home/zzy/.local/lib/python3.10/site-packages/setuptools/command/develop.py:41: EasyInstallDeprecationWarning: easy_install command is deprecated.
[0.951s] !!
[0.951s] 
[0.951s]         ********************************************************************************
[0.951s]         Please avoid running ``setup.py`` and ``easy_install``.
[0.951s]         Instead, use pypa/build, pypa/installer or other
[0.951s]         standards-based tools.
[0.951s] 
[0.951s]         See https://github.com/pypa/setuptools/issues/917 for details.
[0.951s]         ********************************************************************************
[0.951s] 
[0.951s] !!
[0.951s]   easy_install.initialize_options(self)
[1.077s] running egg_info
[1.086s] writing ferrobotics_acf.egg-info/PKG-INFO
[1.086s] writing dependency_links to ferrobotics_acf.egg-info/dependency_links.txt
[1.086s] writing entry points to ferrobotics_acf.egg-info/entry_points.txt
[1.086s] writing requirements to ferrobotics_acf.egg-info/requires.txt
[1.086s] writing top-level names to ferrobotics_acf.egg-info/top_level.txt
[1.104s] reading manifest file 'ferrobotics_acf.egg-info/SOURCES.txt'
[1.105s] writing manifest file 'ferrobotics_acf.egg-info/SOURCES.txt'
[1.114s] running build_ext
[1.114s] Creating /home/zzy/ur_real/install/ferrobotics_acf/lib/python3.10/site-packages/ferrobotics-acf.egg-link (link to .)
[1.115s] Installing acf script to /home/zzy/ur_real/install/ferrobotics_acf/lib/ferrobotics_acf
[1.115s] 
[1.115s] Installed /home/zzy/ur_real/build/ferrobotics_acf
[1.116s] running symlink_data
[1.147s] Invoked command in '/home/zzy/ur_real/build/ferrobotics_acf' returned '0': PYTHONPATH=/home/zzy/ur_real/build/ferrobotics_acf/prefix_override:/home/zzy/.local/lib/python3.10/site-packages/colcon_core/task/python/colcon_distutils_commands:/home/zzy/ur_real/install/ferrobotics_acf/lib/python3.10/site-packages:${PYTHONPATH} /usr/bin/python3 -W ignore:setup.py install is deprecated setup.py develop --editable --build-directory /home/zzy/ur_real/build/ferrobotics_acf/build --no-deps symlink_data
