[0.444s] Invoking command in '/home/zzy/ur_real/build/ur10_vel': CONDA_PROMPT_MODIFIER=(base) PYTHONPATH=/home/zzy/ur_real/build/ur10_vel/prefix_override:/usr/lib/python3/dist-packages/colcon_core/task/python/colcon_distutils_commands:/home/zzy/ur_real/install/ur10_vel/lib/python3.10/site-packages:${PYTHONPATH} /usr/bin/python3 -W ignore:setup.py install is deprecated setup.py develop --uninstall --editable --build-directory /home/zzy/ur_real/build/ur10_vel/build
[0.601s] running develop
[0.602s] /usr/lib/python3/dist-packages/setuptools/command/easy_install.py:158: EasyInstallDeprecationWarning: easy_install command is deprecated. Use build and pip and other standards-based tools.
[0.602s]   warnings.warn(
[0.709s] Removing /home/zzy/ur_real/install/ur10_vel/lib/python3.10/site-packages/ur10-vel.egg-link (link to .)
[0.725s] Invoked command in '/home/zzy/ur_real/build/ur10_vel' returned '0': CONDA_PROMPT_MODIFIER=(base) PYTHONPATH=/home/zzy/ur_real/build/ur10_vel/prefix_override:/usr/lib/python3/dist-packages/colcon_core/task/python/colcon_distutils_commands:/home/zzy/ur_real/install/ur10_vel/lib/python3.10/site-packages:${PYTHONPATH} /usr/bin/python3 -W ignore:setup.py install is deprecated setup.py develop --uninstall --editable --build-directory /home/zzy/ur_real/build/ur10_vel/build
[0.725s] Invoking command in '/home/zzy/ur_real/src/ur10_vel': CONDA_PROMPT_MODIFIER=(base) PYTHONPATH=/home/zzy/ur_real/build/ur10_vel/prefix_override:/usr/lib/python3/dist-packages/colcon_core/task/python/colcon_distutils_commands:/home/zzy/ur_real/install/ur10_vel/lib/python3.10/site-packages:${PYTHONPATH} /usr/bin/python3 -W ignore:setup.py install is deprecated setup.py egg_info --egg-base ../../build/ur10_vel build --build-base /home/zzy/ur_real/build/ur10_vel/build install --record /home/zzy/ur_real/build/ur10_vel/install.log --single-version-externally-managed install_data --force
[0.871s] running egg_info
[0.871s] writing ../../build/ur10_vel/ur10_vel.egg-info/PKG-INFO
[0.871s] writing dependency_links to ../../build/ur10_vel/ur10_vel.egg-info/dependency_links.txt
[0.871s] writing entry points to ../../build/ur10_vel/ur10_vel.egg-info/entry_points.txt
[0.871s] writing requirements to ../../build/ur10_vel/ur10_vel.egg-info/requires.txt
[0.871s] writing top-level names to ../../build/ur10_vel/ur10_vel.egg-info/top_level.txt
[0.872s] reading manifest file '../../build/ur10_vel/ur10_vel.egg-info/SOURCES.txt'
[0.873s] writing manifest file '../../build/ur10_vel/ur10_vel.egg-info/SOURCES.txt'
[0.873s] running build
[0.873s] running build_py
[0.873s] copying ur10_vel/joint_velocity_IK.py -> /home/zzy/ur_real/build/ur10_vel/build/lib/ur10_vel
[0.874s] running install
[0.874s] running install_lib
[0.874s] copying /home/zzy/ur_real/build/ur10_vel/build/lib/ur10_vel/publisher_forward_velocity_controller.py -> /home/zzy/ur_real/install/ur10_vel/lib/python3.10/site-packages/ur10_vel
[0.874s] copying /home/zzy/ur_real/build/ur10_vel/build/lib/ur10_vel/moveit_bringup.py -> /home/zzy/ur_real/install/ur10_vel/lib/python3.10/site-packages/ur10_vel
[0.875s] copying /home/zzy/ur_real/build/ur10_vel/build/lib/ur10_vel/joint_velocity_IK.py -> /home/zzy/ur_real/install/ur10_vel/lib/python3.10/site-packages/ur10_vel
[0.875s] copying /home/zzy/ur_real/build/ur10_vel/build/lib/ur10_vel/check_collision.py -> /home/zzy/ur_real/install/ur10_vel/lib/python3.10/site-packages/ur10_vel
[0.875s] copying /home/zzy/ur_real/build/ur10_vel/build/lib/ur10_vel/__init__.py -> /home/zzy/ur_real/install/ur10_vel/lib/python3.10/site-packages/ur10_vel
[0.875s] copying /home/zzy/ur_real/build/ur10_vel/build/lib/ur10_vel/compute_manipulability_J.py -> /home/zzy/ur_real/install/ur10_vel/lib/python3.10/site-packages/ur10_vel
[0.875s] byte-compiling /home/zzy/ur_real/install/ur10_vel/lib/python3.10/site-packages/ur10_vel/publisher_forward_velocity_controller.py to publisher_forward_velocity_controller.cpython-310.pyc
[0.876s] byte-compiling /home/zzy/ur_real/install/ur10_vel/lib/python3.10/site-packages/ur10_vel/moveit_bringup.py to moveit_bringup.cpython-310.pyc
[0.876s] byte-compiling /home/zzy/ur_real/install/ur10_vel/lib/python3.10/site-packages/ur10_vel/joint_velocity_IK.py to joint_velocity_IK.cpython-310.pyc
[0.879s] byte-compiling /home/zzy/ur_real/install/ur10_vel/lib/python3.10/site-packages/ur10_vel/check_collision.py to check_collision.cpython-310.pyc
[0.879s] byte-compiling /home/zzy/ur_real/install/ur10_vel/lib/python3.10/site-packages/ur10_vel/__init__.py to __init__.cpython-310.pyc
[0.879s] byte-compiling /home/zzy/ur_real/install/ur10_vel/lib/python3.10/site-packages/ur10_vel/compute_manipulability_J.py to compute_manipulability_J.cpython-310.pyc
[0.881s] running install_data
[0.881s] copying resource/ur10_vel -> /home/zzy/ur_real/install/ur10_vel/share/ament_index/resource_index/packages
[0.881s] copying package.xml -> /home/zzy/ur_real/install/ur10_vel/share/ur10_vel
[0.881s] running install_egg_info
[0.882s] Copying ../../build/ur10_vel/ur10_vel.egg-info to /home/zzy/ur_real/install/ur10_vel/lib/python3.10/site-packages/ur10_vel-0.0.0-py3.10.egg-info
[0.883s] running install_scripts
[0.895s] Installing check_collision script to /home/zzy/ur_real/install/ur10_vel/lib/ur10_vel
[0.895s] Installing joint_velocity_IK script to /home/zzy/ur_real/install/ur10_vel/lib/ur10_vel
[0.895s] Installing publisher_forward_velocity_controller script to /home/zzy/ur_real/install/ur10_vel/lib/ur10_vel
[0.895s] writing list of installed files to '/home/zzy/ur_real/build/ur10_vel/install.log'
[0.909s] Invoked command in '/home/zzy/ur_real/src/ur10_vel' returned '0': CONDA_PROMPT_MODIFIER=(base) PYTHONPATH=/home/zzy/ur_real/build/ur10_vel/prefix_override:/usr/lib/python3/dist-packages/colcon_core/task/python/colcon_distutils_commands:/home/zzy/ur_real/install/ur10_vel/lib/python3.10/site-packages:${PYTHONPATH} /usr/bin/python3 -W ignore:setup.py install is deprecated setup.py egg_info --egg-base ../../build/ur10_vel build --build-base /home/zzy/ur_real/build/ur10_vel/build install --record /home/zzy/ur_real/build/ur10_vel/install.log --single-version-externally-managed install_data --force
