[0.736s] Invoking command in '/home/zzy/ur_real/build/ur10_vel': PYTHONPATH=/home/zzy/ur_real/build/ur10_vel/prefix_override:/home/zzy/.local/lib/python3.10/site-packages/colcon_core/task/python/colcon_distutils_commands:/home/zzy/ur_real/install/ur10_vel/lib/python3.10/site-packages:${PYTHONPATH} /usr/bin/python3 -W ignore:setup.py install is deprecated setup.py develop --editable --build-directory /home/zzy/ur_real/build/ur10_vel/build --no-deps symlink_data
[0.835s] /home/zzy/.local/lib/python3.10/site-packages/setuptools/_distutils/dist.py:260: UserWarning: Unknown distribution option: 'tests_require'
[0.835s]   warnings.warn(msg)
[0.936s] running develop
[0.937s] /home/zzy/.local/lib/python3.10/site-packages/setuptools/command/develop.py:41: EasyInstallDeprecationWarning: easy_install command is deprecated.
[0.937s] !!
[0.937s] 
[0.937s]         ********************************************************************************
[0.937s]         Please avoid running ``setup.py`` and ``easy_install``.
[0.937s]         Instead, use pypa/build, pypa/installer or other
[0.937s]         standards-based tools.
[0.937s] 
[0.937s]         See https://github.com/pypa/setuptools/issues/917 for details.
[0.937s]         ********************************************************************************
[0.937s] 
[0.937s] !!
[0.937s]   easy_install.initialize_options(self)
[1.069s] running egg_info
[1.069s] creating ur10_vel.egg-info
[1.078s] writing ur10_vel.egg-info/PKG-INFO
[1.079s] writing dependency_links to ur10_vel.egg-info/dependency_links.txt
[1.079s] writing entry points to ur10_vel.egg-info/entry_points.txt
[1.079s] writing requirements to ur10_vel.egg-info/requires.txt
[1.079s] writing top-level names to ur10_vel.egg-info/top_level.txt
[1.079s] writing manifest file 'ur10_vel.egg-info/SOURCES.txt'
[1.097s] reading manifest file 'ur10_vel.egg-info/SOURCES.txt'
[1.098s] writing manifest file 'ur10_vel.egg-info/SOURCES.txt'
[1.108s] running build_ext
[1.108s] Creating /home/zzy/ur_real/install/ur10_vel/lib/python3.10/site-packages/ur10-vel.egg-link (link to .)
[1.109s] Installing Joint_Velocity_Transfer script to /home/zzy/ur_real/install/ur10_vel/lib/ur10_vel
[1.109s] Installing check_collision script to /home/zzy/ur_real/install/ur10_vel/lib/ur10_vel
[1.109s] Installing check_keyboard script to /home/zzy/ur_real/install/ur10_vel/lib/ur10_vel
[1.109s] Installing joint_velocity_IK script to /home/zzy/ur_real/install/ur10_vel/lib/ur10_vel
[1.109s] Installing publisher_forward_velocity_controller script to /home/zzy/ur_real/install/ur10_vel/lib/ur10_vel
[1.109s] 
[1.109s] Installed /home/zzy/ur_real/build/ur10_vel
[1.109s] running symlink_data
[1.109s] creating /home/zzy/ur_real/install/ur10_vel/share/ament_index
[1.109s] creating /home/zzy/ur_real/install/ur10_vel/share/ament_index/resource_index
[1.110s] creating /home/zzy/ur_real/install/ur10_vel/share/ament_index/resource_index/packages
[1.110s] symbolically linking /home/zzy/ur_real/build/ur10_vel/resource/ur10_vel -> /home/zzy/ur_real/install/ur10_vel/share/ament_index/resource_index/packages
[1.110s] symbolically linking /home/zzy/ur_real/build/ur10_vel/package.xml -> /home/zzy/ur_real/install/ur10_vel/share/ur10_vel
[1.131s] Invoked command in '/home/zzy/ur_real/build/ur10_vel' returned '0': PYTHONPATH=/home/zzy/ur_real/build/ur10_vel/prefix_override:/home/zzy/.local/lib/python3.10/site-packages/colcon_core/task/python/colcon_distutils_commands:/home/zzy/ur_real/install/ur10_vel/lib/python3.10/site-packages:${PYTHONPATH} /usr/bin/python3 -W ignore:setup.py install is deprecated setup.py develop --editable --build-directory /home/zzy/ur_real/build/ur10_vel/build --no-deps symlink_data
