[0.613s] Invoking command in '/home/zzy/ur_real/build/ur10_vel': PYTHONPATH=/home/zzy/ur_real/build/ur10_vel/prefix_override:/home/zzy/.local/lib/python3.10/site-packages/colcon_core/task/python/colcon_distutils_commands:/home/zzy/ur_real/install/ur10_vel/lib/python3.10/site-packages:${PYTHONPATH} /usr/bin/python3 -W ignore:setup.py install is deprecated setup.py develop --editable --build-directory /home/zzy/ur_real/build/ur10_vel/build --no-deps symlink_data --force
[0.712s] /home/zzy/.local/lib/python3.10/site-packages/setuptools/_distutils/dist.py:260: UserWarning: Unknown distribution option: 'tests_require'
[0.712s]   warnings.warn(msg)
[0.813s] running develop
[0.814s] /home/zzy/.local/lib/python3.10/site-packages/setuptools/command/develop.py:41: EasyInstallDeprecationWarning: easy_install command is deprecated.
[0.814s] !!
[0.814s] 
[0.814s]         ********************************************************************************
[0.814s]         Please avoid running ``setup.py`` and ``easy_install``.
[0.814s]         Instead, use pypa/build, pypa/installer or other
[0.814s]         standards-based tools.
[0.814s] 
[0.814s]         See https://github.com/pypa/setuptools/issues/917 for details.
[0.814s]         ********************************************************************************
[0.814s] 
[0.814s] !!
[0.814s]   easy_install.initialize_options(self)
[0.946s] running egg_info
[0.955s] writing ur10_vel.egg-info/PKG-INFO
[0.955s] writing dependency_links to ur10_vel.egg-info/dependency_links.txt
[0.955s] writing entry points to ur10_vel.egg-info/entry_points.txt
[0.955s] writing requirements to ur10_vel.egg-info/requires.txt
[0.955s] writing top-level names to ur10_vel.egg-info/top_level.txt
[0.974s] reading manifest file 'ur10_vel.egg-info/SOURCES.txt'
[0.975s] writing manifest file 'ur10_vel.egg-info/SOURCES.txt'
[0.984s] running build_ext
[0.984s] Creating /home/zzy/ur_real/install/ur10_vel/lib/python3.10/site-packages/ur10-vel.egg-link (link to .)
[0.985s] Installing Joint_Velocity_Transfer script to /home/zzy/ur_real/install/ur10_vel/lib/ur10_vel
[0.985s] Installing check_collision script to /home/zzy/ur_real/install/ur10_vel/lib/ur10_vel
[0.985s] Installing check_keyboard script to /home/zzy/ur_real/install/ur10_vel/lib/ur10_vel
[0.985s] Installing joint_velocity_IK script to /home/zzy/ur_real/install/ur10_vel/lib/ur10_vel
[0.985s] Installing publisher_forward_velocity_controller script to /home/zzy/ur_real/install/ur10_vel/lib/ur10_vel
[0.985s] 
[0.986s] Installed /home/zzy/ur_real/build/ur10_vel
[0.986s] running symlink_data
[0.986s] symbolically linking /home/zzy/ur_real/build/ur10_vel/resource/ur10_vel -> /home/zzy/ur_real/install/ur10_vel/share/ament_index/resource_index/packages
[0.986s] symbolically linking /home/zzy/ur_real/build/ur10_vel/package.xml -> /home/zzy/ur_real/install/ur10_vel/share/ur10_vel
[1.007s] Invoked command in '/home/zzy/ur_real/build/ur10_vel' returned '0': PYTHONPATH=/home/zzy/ur_real/build/ur10_vel/prefix_override:/home/zzy/.local/lib/python3.10/site-packages/colcon_core/task/python/colcon_distutils_commands:/home/zzy/ur_real/install/ur10_vel/lib/python3.10/site-packages:${PYTHONPATH} /usr/bin/python3 -W ignore:setup.py install is deprecated setup.py develop --editable --build-directory /home/zzy/ur_real/build/ur10_vel/build --no-deps symlink_data --force
