[0.008s] Invoking command in '/home/zzy/ur_real/build/abc': CMAKE_PREFIX_PATH=/home/zzy/ur_real/install/ur10_vel:/opt/ros/humble CONDA_PROMPT_MODIFIER=(base) /usr/bin/cmake /home/zzy/ur_real/src/abc -DCMAKE_INSTALL_PREFIX=/home/zzy/ur_real/install/abc
[0.047s] -- The C compiler identification is GNU 11.4.0
[0.082s] -- The CXX compiler identification is GNU 11.4.0
[0.087s] -- Detecting C compiler ABI info
[0.129s] -- Detecting C compiler ABI info - done
[0.134s] -- Check for working C compiler: /usr/bin/cc - skipped
[0.134s] -- Detecting C compile features
[0.134s] -- Detecting C compile features - done
[0.136s] -- Detecting CXX compiler ABI info
[0.186s] -- Detecting CXX compiler ABI info - done
[0.191s] -- Check for working CXX compiler: /usr/bin/c++ - skipped
[0.191s] -- Detecting CXX compile features
[0.192s] -- Detecting CXX compile features - done
[0.193s] -- Found ament_cmake: 1.3.9 (/opt/ros/humble/share/ament_cmake/cmake)
[0.414s] -- Found Python3: /home/zzy/anaconda3/bin/python3 (found version "3.11.7") found components: Interpreter 
[0.476s] -- Found ament_lint_auto: 0.12.11 (/opt/ros/humble/share/ament_lint_auto/cmake)
[0.491s] Traceback (most recent call last):
[0.491s]   File "/opt/ros/humble/share/ament_cmake_core/cmake/core/package_xml_2_cmake.py", line 22, in <module>
[0.491s]     from catkin_pkg.package import parse_package_string
[0.491s] ModuleNotFoundError: No module named 'catkin_pkg'
[0.494s] [31mCMake Error at /opt/ros/humble/share/ament_cmake_core/cmake/core/ament_package_xml.cmake:95 (message):
[0.494s]   execute_process(/home/zzy/anaconda3/bin/python3
[0.494s]   /opt/ros/humble/share/ament_cmake_core/cmake/core/package_xml_2_cmake.py
[0.494s]   /home/zzy/ur_real/src/abc/package.xml
[0.494s]   /home/zzy/ur_real/build/abc/ament_cmake_core/package.cmake) returned error
[0.494s]   code 1
[0.494s] Call Stack (most recent call first):
[0.494s]   /opt/ros/humble/share/ament_cmake_core/cmake/core/ament_package_xml.cmake:49 (_ament_package_xml)
[0.494s]   /opt/ros/humble/share/ament_lint_auto/cmake/ament_lint_auto_find_test_dependencies.cmake:31 (ament_package_xml)
[0.494s]   CMakeLists.txt:23 (ament_lint_auto_find_test_dependencies)
[0.494s] 
[0.494s] [0m
[0.494s] -- Configuring incomplete, errors occurred!
[0.494s] See also "/home/zzy/ur_real/build/abc/CMakeFiles/CMakeOutput.log".
[0.497s] Invoked command in '/home/zzy/ur_real/build/abc' returned '1': CMAKE_PREFIX_PATH=/home/zzy/ur_real/install/ur10_vel:/opt/ros/humble CONDA_PROMPT_MODIFIER=(base) /usr/bin/cmake /home/zzy/ur_real/src/abc -DCMAKE_INSTALL_PREFIX=/home/zzy/ur_real/install/abc
