[0.925s] Invoking command in '/home/zzy/ur_real/build/ati_sensor': PYTHONPATH=/home/zzy/ur_real/build/ati_sensor/prefix_override:/home/zzy/.local/lib/python3.10/site-packages/colcon_core/task/python/colcon_distutils_commands:/home/zzy/ur_real/install/ati_sensor/lib/python3.10/site-packages:${PYTHONPATH} /usr/bin/python3 -W ignore:setup.py install is deprecated setup.py develop --editable --build-directory /home/zzy/ur_real/build/ati_sensor/build --no-deps symlink_data --force
[1.025s] /home/zzy/.local/lib/python3.10/site-packages/setuptools/_distutils/dist.py:260: UserWarning: Unknown distribution option: 'tests_require'
[1.025s]   warnings.warn(msg)
[1.126s] running develop
[1.126s] /home/zzy/.local/lib/python3.10/site-packages/setuptools/command/develop.py:41: EasyInstallDeprecationWarning: easy_install command is deprecated.
[1.126s] !!
[1.126s] 
[1.126s]         ********************************************************************************
[1.126s]         Please avoid running ``setup.py`` and ``easy_install``.
[1.126s]         Instead, use pypa/build, pypa/installer or other
[1.126s]         standards-based tools.
[1.126s] 
[1.126s]         See https://github.com/pypa/setuptools/issues/917 for details.
[1.126s]         ********************************************************************************
[1.126s] 
[1.126s] !!
[1.126s]   easy_install.initialize_options(self)
[1.254s] running egg_info
[1.263s] writing ati_sensor.egg-info/PKG-INFO
[1.263s] writing dependency_links to ati_sensor.egg-info/dependency_links.txt
[1.263s] writing entry points to ati_sensor.egg-info/entry_points.txt
[1.264s] writing requirements to ati_sensor.egg-info/requires.txt
[1.264s] writing top-level names to ati_sensor.egg-info/top_level.txt
[1.282s] reading manifest file 'ati_sensor.egg-info/SOURCES.txt'
[1.283s] writing manifest file 'ati_sensor.egg-info/SOURCES.txt'
[1.293s] running build_ext
[1.293s] Creating /home/zzy/ur_real/install/ati_sensor/lib/python3.10/site-packages/ati-sensor.egg-link (link to .)
[1.294s] Installing ati_net_ft_driver_ros script to /home/zzy/ur_real/install/ati_sensor/lib/ati_sensor
[1.294s] Installing test_rpi_ati_net_ft script to /home/zzy/ur_real/install/ati_sensor/lib/ati_sensor
[1.294s] 
[1.294s] Installed /home/zzy/ur_real/build/ati_sensor
[1.294s] running symlink_data
[1.294s] symbolically linking /home/zzy/ur_real/build/ati_sensor/resource/ati_sensor -> /home/zzy/ur_real/install/ati_sensor/share/ament_index/resource_index/packages
[1.294s] symbolically linking /home/zzy/ur_real/build/ati_sensor/package.xml -> /home/zzy/ur_real/install/ati_sensor/share/ati_sensor
[1.324s] Invoked command in '/home/zzy/ur_real/build/ati_sensor' returned '0': PYTHONPATH=/home/zzy/ur_real/build/ati_sensor/prefix_override:/home/zzy/.local/lib/python3.10/site-packages/colcon_core/task/python/colcon_distutils_commands:/home/zzy/ur_real/install/ati_sensor/lib/python3.10/site-packages:${PYTHONPATH} /usr/bin/python3 -W ignore:setup.py install is deprecated setup.py develop --editable --build-directory /home/zzy/ur_real/build/ati_sensor/build --no-deps symlink_data --force
