[0.013s] Invoking command in '/home/zzy/ur_real/build/ur10_moveit_config': CMAKE_PREFIX_PATH=/opt/ros/humble CONDA_PROMPT_MODIFIER=(base) /usr/bin/cmake /home/zzy/ur_real/src/ur10_moveit_config -DCMAKE_INSTALL_PREFIX=/home/zzy/ur_real/install/ur10_moveit_config
[0.173s] -- Found ament_cmake: 1.3.9 (/opt/ros/humble/share/ament_cmake/cmake)
[0.173s] -- Override CMake install command with custom implementation using symlinks instead of copying resources
[0.173s] -- Found rclcpp: 16.0.9 (/opt/ros/humble/share/rclcpp/cmake)
[0.173s] -- Found rosidl_generator_c: 3.1.5 (/opt/ros/humble/share/rosidl_generator_c/cmake)
[0.173s] -- Found rosidl_adapter: 3.1.5 (/opt/ros/humble/share/rosidl_adapter/cmake)
[0.173s] -- Found rosidl_generator_cpp: 3.1.5 (/opt/ros/humble/share/rosidl_generator_cpp/cmake)
[0.175s] -- Using all available rosidl_typesupport_c: rosidl_typesupport_fastrtps_c;rosidl_typesupport_introspection_c
[0.186s] -- Using all available rosidl_typesupport_cpp: rosidl_typesupport_fastrtps_cpp;rosidl_typesupport_introspection_cpp
[0.231s] -- Found rmw_implementation_cmake: 6.1.2 (/opt/ros/humble/share/rmw_implementation_cmake/cmake)
[0.232s] -- Found rmw_cyclonedds_cpp: 1.3.4 (/opt/ros/humble/share/rmw_cyclonedds_cpp/cmake)
[0.257s] -- Using RMW implementation 'rmw_cyclonedds_cpp' as default
[0.371s] -- Found ament_lint_auto: 0.12.11 (/opt/ros/humble/share/ament_lint_auto/cmake)
[0.440s] -- Added test 'flake8' to check Python code syntax and style conventions
[0.440s] -- Added test 'lint_cmake' to check CMake code style
[0.440s] -- Added test 'pep257' to check Python code against some of the docstring style conventions in PEP 257
[0.441s] -- Added test 'xmllint' to check XML markup files
[0.442s] -- Configuring done
[0.446s] -- Generating done
[0.447s] -- Build files have been written to: /home/zzy/ur_real/build/ur10_moveit_config
[0.451s] Invoked command in '/home/zzy/ur_real/build/ur10_moveit_config' returned '0': CMAKE_PREFIX_PATH=/opt/ros/humble CONDA_PROMPT_MODIFIER=(base) /usr/bin/cmake /home/zzy/ur_real/src/ur10_moveit_config -DCMAKE_INSTALL_PREFIX=/home/zzy/ur_real/install/ur10_moveit_config
[0.452s] Invoking command in '/home/zzy/ur_real/build/ur10_moveit_config': CMAKE_PREFIX_PATH=/opt/ros/humble CONDA_PROMPT_MODIFIER=(base) /usr/bin/cmake --build /home/zzy/ur_real/build/ur10_moveit_config -- -j24 -l24
[0.478s] Invoked command in '/home/zzy/ur_real/build/ur10_moveit_config' returned '0': CMAKE_PREFIX_PATH=/opt/ros/humble CONDA_PROMPT_MODIFIER=(base) /usr/bin/cmake --build /home/zzy/ur_real/build/ur10_moveit_config -- -j24 -l24
[0.495s] Invoking command in '/home/zzy/ur_real/build/ur10_moveit_config': CMAKE_PREFIX_PATH=/opt/ros/humble CONDA_PROMPT_MODIFIER=(base) /usr/bin/cmake --install /home/zzy/ur_real/build/ur10_moveit_config
[0.500s] -- Install configuration: ""
[0.500s] -- Execute custom install script
[0.500s] -- Symlinking: /home/zzy/ur_real/install/ur10_moveit_config/share/ur10_moveit_config//launch/__pycache__/ur_moveit.launch.cpython-310.pyc
[0.506s] -- Up-to-date symlink: /home/zzy/ur_real/install/ur10_moveit_config/share/ur10_moveit_config//launch/ur_moveit.launch.py
[0.506s] -- Up-to-date symlink: /home/zzy/ur_real/install/ur10_moveit_config/share/ur10_moveit_config/config/controllers.yaml
[0.506s] -- Up-to-date symlink: /home/zzy/ur_real/install/ur10_moveit_config/share/ur10_moveit_config/config/joint_limits.yaml
[0.506s] -- Up-to-date symlink: /home/zzy/ur_real/install/ur10_moveit_config/share/ur10_moveit_config/config/kinematics.yaml
[0.506s] -- Up-to-date symlink: /home/zzy/ur_real/install/ur10_moveit_config/share/ur10_moveit_config/config/ompl_planning.yaml
[0.506s] -- Up-to-date symlink: /home/zzy/ur_real/install/ur10_moveit_config/share/ur10_moveit_config/config/ur_servo.yaml
[0.506s] -- Up-to-date symlink: /home/zzy/ur_real/install/ur10_moveit_config/share/ur10_moveit_config/srdf/ur.srdf.xacro
[0.507s] -- Up-to-date symlink: /home/zzy/ur_real/install/ur10_moveit_config/share/ur10_moveit_config/srdf/ur_macro.srdf.xacro
[0.507s] -- Up-to-date symlink: /home/zzy/ur_real/install/ur10_moveit_config/share/ur10_moveit_config/rviz/view_robot.rviz
[0.507s] -- Up-to-date symlink: /home/zzy/ur_real/install/ur10_moveit_config/share/ament_index/resource_index/package_run_dependencies/ur10_moveit_config
[0.507s] -- Up-to-date symlink: /home/zzy/ur_real/install/ur10_moveit_config/share/ament_index/resource_index/parent_prefix_path/ur10_moveit_config
[0.507s] -- Up-to-date symlink: /home/zzy/ur_real/install/ur10_moveit_config/share/ur10_moveit_config/environment/ament_prefix_path.sh
[0.507s] -- Up-to-date symlink: /home/zzy/ur_real/install/ur10_moveit_config/share/ur10_moveit_config/environment/ament_prefix_path.dsv
[0.507s] -- Up-to-date symlink: /home/zzy/ur_real/install/ur10_moveit_config/share/ur10_moveit_config/environment/path.sh
[0.507s] -- Up-to-date symlink: /home/zzy/ur_real/install/ur10_moveit_config/share/ur10_moveit_config/environment/path.dsv
[0.507s] -- Up-to-date symlink: /home/zzy/ur_real/install/ur10_moveit_config/share/ur10_moveit_config/local_setup.bash
[0.508s] -- Up-to-date symlink: /home/zzy/ur_real/install/ur10_moveit_config/share/ur10_moveit_config/local_setup.sh
[0.508s] -- Up-to-date symlink: /home/zzy/ur_real/install/ur10_moveit_config/share/ur10_moveit_config/local_setup.zsh
[0.508s] -- Up-to-date symlink: /home/zzy/ur_real/install/ur10_moveit_config/share/ur10_moveit_config/local_setup.dsv
[0.508s] -- Symlinking: /home/zzy/ur_real/install/ur10_moveit_config/share/ur10_moveit_config/package.dsv
[0.513s] -- Up-to-date symlink: /home/zzy/ur_real/install/ur10_moveit_config/share/ament_index/resource_index/packages/ur10_moveit_config
[0.513s] -- Up-to-date symlink: /home/zzy/ur_real/install/ur10_moveit_config/share/ur10_moveit_config/cmake/ur10_moveit_configConfig.cmake
[0.513s] -- Up-to-date symlink: /home/zzy/ur_real/install/ur10_moveit_config/share/ur10_moveit_config/cmake/ur10_moveit_configConfig-version.cmake
[0.513s] -- Up-to-date symlink: /home/zzy/ur_real/install/ur10_moveit_config/share/ur10_moveit_config/package.xml
[0.514s] Invoked command in '/home/zzy/ur_real/build/ur10_moveit_config' returned '0': CMAKE_PREFIX_PATH=/opt/ros/humble CONDA_PROMPT_MODIFIER=(base) /usr/bin/cmake --install /home/zzy/ur_real/build/ur10_moveit_config
